[2025-08-01 19:34:34] [INFO] ========================================
[2025-08-01 19:34:34] [INFO] 크론잡 시작: 2025-08-01 19:34:34
[2025-08-01 19:34:39] [INFO] 1단계: 제품 데이터 수집 시작
[2025-08-01 19:34:39] [INFO] 카테고리 [CPU] 처리 시작
[2025-08-01 19:35:03] [INFO]   - CPU > 전체 파싱 중...
[2025-08-01 19:35:24] [INFO]     ✓ 16페이지, 280개 제품
[2025-08-01 19:35:25] [INFO]   - CPU > 인텔 파싱 중...
[2025-08-01 19:35:36] [INFO]     ✓ 8페이지, 0개 제품
[2025-08-01 19:35:36] [INFO]   - CPU > 인텔 > 인텔 코어 Ultra 파싱 중...
[2025-08-01 19:35:38] [INFO]     ✓ 1페이지, 0개 제품
[2025-08-01 19:35:38] [INFO]   - CPU > 인텔 > 인텔 14세대 파싱 중...
[2025-08-01 19:35:40] [INFO]     ✓ 1페이지, 0개 제품
[2025-08-01 19:35:40] [INFO]   - CPU > 인텔 > 인텔 13세대 파싱 중...
[2025-08-01 19:35:42] [INFO]     ✓ 1페이지, 0개 제품
[2025-08-01 19:35:42] [INFO]   - CPU > 인텔 > 인텔 12세대 파싱 중...
[2025-08-01 19:35:44] [INFO]     ✓ 1페이지, 0개 제품
[2025-08-01 19:35:45] [INFO]   - CPU > 인텔 > 인텔 11세대 파싱 중...
[2025-08-01 19:35:46] [INFO]     ✓ 1페이지, 0개 제품
[2025-08-01 19:35:47] [INFO]   - CPU > 인텔 > 인텔 10세대 파싱 중...
[2025-08-01 19:35:50] [INFO]     ✓ 2페이지, 0개 제품
[2025-08-01 19:35:50] [INFO]   - CPU > 인텔 > 인텔 9세대 파싱 중...
[2025-08-01 19:35:52] [INFO]     ✓ 1페이지, 0개 제품
[2025-08-01 19:35:52] [INFO]   - CPU > 인텔 > 인텔 8세대 파싱 중...
[2025-08-01 19:35:54] [INFO]     ✓ 1페이지, 0개 제품
[2025-08-01 19:35:54] [INFO]   - CPU > 인텔 > 인텔 7세대 파싱 중...
[2025-08-01 19:35:56] [INFO]     ✓ 1페이지, 0개 제품
[2025-08-01 19:35:57] [INFO]   - CPU > 인텔 > 인텔 6세대 파싱 중...
[2025-08-01 19:35:58] [INFO]     ✓ 1페이지, 0개 제품
[2025-08-01 19:35:59] [INFO]   - CPU > 인텔 > 인텔 4세대 파싱 중...
[2025-08-01 19:36:00] [INFO]     ✓ 1페이지, 0개 제품
[2025-08-01 19:36:01] [INFO]   - CPU > 인텔 > 인텔 3세대 파싱 중...
[2025-08-01 19:36:02] [INFO]     ✓ 1페이지, 0개 제품
[2025-08-01 19:36:03] [INFO]   - CPU > 인텔 > 인텔 2세대 파싱 중...
[2025-08-01 19:36:05] [INFO]     ✓ 1페이지, 0개 제품
[2025-08-01 19:36:05] [INFO]   - CPU > 인텔 > 인텔 1세대 파싱 중...
[2025-08-01 19:36:07] [INFO]     ✓ 1페이지, 0개 제품
[2025-08-01 19:36:07] [INFO]   - CPU > 인텔 > 인텔2011소켓 파싱 중...
[2025-08-01 19:36:09] [INFO]     ✓ 1페이지, 0개 제품
[2025-08-01 19:36:09] [INFO]   - CPU > 인텔 > 인텔1366소켓 파싱 중...
[2025-08-01 19:36:11] [INFO]     ✓ 1페이지, 0개 제품
[2025-08-01 19:36:11] [INFO]   - CPU > 인텔 > 인텔775소켓 파싱 중...
[2025-08-01 19:36:13] [INFO]     ✓ 1페이지, 0개 제품
[2025-08-01 19:36:14] [INFO]   - CPU > 인텔 > 인텔 제온 서버 CPU 파싱 중...
[2025-08-01 19:36:15] [INFO]     ✓ 1페이지, 0개 제품
[2025-08-01 19:36:16] [INFO]   - CPU > AMD 파싱 중...
[2025-08-01 19:36:21] [INFO]     ✓ 4페이지, 0개 제품
[2025-08-01 19:36:22] [INFO]   - CPU > AMD > AMD 라이젠 6세대 파싱 중...
[2025-08-01 19:36:23] [INFO]     ✓ 1페이지, 0개 제품
[2025-08-01 19:36:24] [INFO]   - CPU > AMD > AMD 라이젠 5세대 파싱 중...
[2025-08-01 19:36:26] [INFO]     ✓ 1페이지, 0개 제품
[2025-08-01 19:36:26] [INFO]   - CPU > AMD > AMD 라이젠 4세대 파싱 중...
[2025-08-01 19:36:28] [INFO]     ✓ 1페이지, 0개 제품
[2025-08-01 19:36:28] [INFO]   - CPU > AMD > AMD 라이젠 3세대 파싱 중...
[2025-08-01 19:36:30] [INFO]     ✓ 1페이지, 0개 제품
[2025-08-01 19:36:30] [INFO]   - CPU > AMD > AMD 라이젠 2세대 파싱 중...
[2025-08-01 19:36:32] [INFO]     ✓ 1페이지, 0개 제품
[2025-08-01 19:36:33] [INFO]   - CPU > AMD > AMD 라이젠 1세대 파싱 중...
[2025-08-01 19:36:34] [INFO]     ✓ 1페이지, 0개 제품
[2025-08-01 19:36:35] [INFO]   - CPU > AMD > AMD AM3 / AM3+ 파싱 중...
[2025-08-01 19:36:36] [INFO]     ✓ 1페이지, 0개 제품
[2025-08-01 19:36:37] [INFO] 카테고리 [RAM] 처리 시작
[2025-08-01 19:36:47] [INFO]   - RAM > 전체 파싱 중...
[2025-08-01 19:36:55] [INFO]     ✓ 6페이지, 89개 제품
[2025-08-01 19:36:55] [INFO]   - RAM > 데스크탑 메모리 파싱 중...
[2025-08-01 19:37:00] [INFO]     ✓ 3페이지, 0개 제품
[2025-08-01 19:37:00] [INFO]   - RAM > 데스크탑 메모리 > DDR5 파싱 중...
[2025-08-01 19:37:02] [INFO]     ✓ 1페이지, 0개 제품
[2025-08-01 19:37:02] [INFO]   - RAM > 데스크탑 메모리 > DDR4 파싱 중...
[2025-08-01 19:37:05] [INFO]     ✓ 2페이지, 0개 제품
[2025-08-01 19:37:06] [INFO]   - RAM > 데스크탑 메모리 > DDR3 파싱 중...
[2025-08-01 19:37:07] [INFO]     ✓ 1페이지, 0개 제품
[2025-08-01 19:37:08] [INFO]   - RAM > 노트북 메모리 파싱 중...
[2025-08-01 19:37:11] [INFO]     ✓ 2페이지, 0개 제품
[2025-08-01 19:37:11] [INFO]   - RAM > 노트북 메모리 > DDR5 노트북 파싱 중...
[2025-08-01 19:37:13] [INFO]     ✓ 1페이지, 0개 제품
[2025-08-01 19:37:13] [INFO]   - RAM > 노트북 메모리 > DDR4 노트북 파싱 중...
[2025-08-01 19:37:15] [INFO]     ✓ 1페이지, 0개 제품
[2025-08-01 19:37:15] [INFO]   - RAM > 노트북 메모리 > DDR3 노트북 파싱 중...
[2025-08-01 19:37:17] [INFO]     ✓ 1페이지, 0개 제품
[2025-08-01 19:37:18] [INFO]   - RAM > 서버메모리 파싱 중...
[2025-08-01 19:37:20] [INFO]     ✓ 2페이지, 0개 제품
[2025-08-01 19:37:21] [INFO]   - RAM > 서버메모리 > 서버메모리 DDR4 파싱 중...
[2025-08-01 19:37:24] [INFO]     ✓ 2페이지, 0개 제품
[2025-08-01 19:37:24] [INFO]   - RAM > 서버메모리 > 서버메모리 DDR3 파싱 중...
[2025-08-01 19:37:26] [INFO]     ✓ 1페이지, 0개 제품
[2025-08-01 19:37:27] [INFO] 카테고리 [BOARD] 처리 시작
[2025-08-01 19:37:41] [INFO]   - BOARD > 전체 파싱 중...
[2025-08-01 19:37:50] [INFO]     ✓ 7페이지, 106개 제품
[2025-08-01 19:37:51] [INFO]   - BOARD > 인텔 파싱 중...
[2025-08-01 19:37:58] [INFO]     ✓ 5페이지, 0개 제품
[2025-08-01 19:37:58] [INFO]   - BOARD > 인텔 > 인텔 코어 Ultra 파싱 중...
[2025-08-01 19:38:00] [INFO]     ✓ 1페이지, 0개 제품
[2025-08-01 19:38:00] [INFO]   - BOARD > 인텔 > 인텔 12/13/14세대 파싱 중...
[2025-08-01 19:38:02] [INFO]     ✓ 1페이지, 0개 제품
[2025-08-01 19:38:02] [INFO]   - BOARD > 인텔 > 인텔 10 - 11세대 파싱 중...
[2025-08-01 19:38:04] [INFO]     ✓ 1페이지, 0개 제품
[2025-08-01 19:38:04] [INFO]   - BOARD > 인텔 > 인텔 8 - 9세대 파싱 중...
[2025-08-01 19:38:06] [INFO]     ✓ 1페이지, 0개 제품
[2025-08-01 19:38:07] [INFO]   - BOARD > 인텔 > 인텔 6 - 7세대 파싱 중...
[2025-08-01 19:38:08] [INFO]     ✓ 1페이지, 0개 제품
[2025-08-01 19:38:09] [INFO]   - BOARD > 인텔 > 인텔 4세대 파싱 중...
[2025-08-01 19:38:10] [INFO]     ✓ 1페이지, 0개 제품
[2025-08-01 19:38:11] [INFO]   - BOARD > 인텔 > 인텔 2 - 3세대 파싱 중...
[2025-08-01 19:38:12] [INFO]     ✓ 1페이지, 0개 제품
[2025-08-01 19:38:13] [INFO]   - BOARD > 인텔 > 인텔 1세대 파싱 중...
[2025-08-01 19:38:15] [INFO]     ✓ 1페이지, 0개 제품
[2025-08-01 19:38:15] [INFO]   - BOARD > 인텔 > 인텔 2011소켓 파싱 중...
[2025-08-01 19:38:17] [INFO]     ✓ 1페이지, 0개 제품
[2025-08-01 19:38:17] [INFO]   - BOARD > 인텔 > 인텔 1366소켓 파싱 중...
[2025-08-01 19:38:19] [INFO]     ✓ 1페이지, 0개 제품
[2025-08-01 19:38:19] [INFO]   - BOARD > 인텔 > I/O쉴드 필수 파싱 중...
[2025-08-01 19:38:21] [INFO]     ✓ 1페이지, 0개 제품
[2025-08-01 19:38:21] [INFO]   - BOARD > AMD 파싱 중...
[2025-08-01 19:38:24] [INFO]     ✓ 2페이지, 0개 제품
[2025-08-01 19:38:25] [INFO]   - BOARD > AMD > 라이젠 파싱 중...
[2025-08-01 19:38:27] [INFO]     ✓ 1페이지, 0개 제품
[2025-08-01 19:38:27] [INFO]   - BOARD > AMD > FM2 / FM2+ 파싱 중...
[2025-08-01 19:38:29] [INFO]     ✓ 1페이지, 0개 제품
[2025-08-01 19:38:29] [INFO]   - BOARD > AMD > AM3 / AM3+ 파싱 중...
[2025-08-01 19:38:31] [INFO]     ✓ 1페이지, 0개 제품
[2025-08-01 19:38:31] [INFO] 카테고리 [VGA] 처리 시작
[2025-08-01 19:38:48] [INFO]   - VGA > 전체 파싱 중...
[2025-08-01 19:38:58] [INFO]     ✓ 7페이지, 121개 제품
[2025-08-01 19:38:59] [INFO]   - VGA > NVIDIA 파싱 중...
[2025-08-01 19:39:04] [INFO]     ✓ 4페이지, 0개 제품
[2025-08-01 19:39:05] [INFO]   - VGA > NVIDIA > 지포스 RTX 4000 계열 파싱 중...
[2025-08-01 19:39:06] [INFO]     ✓ 1페이지, 0개 제품
[2025-08-01 19:39:07] [INFO]   - VGA > NVIDIA > 지포스 RTX 3000 계열 파싱 중...
[2025-08-01 19:39:08] [INFO]     ✓ 1페이지, 0개 제품
[2025-08-01 19:39:09] [INFO]   - VGA > NVIDIA > 지포스 RTX 2000 계열 파싱 중...
[2025-08-01 19:39:11] [INFO]     ✓ 1페이지, 0개 제품
[2025-08-01 19:39:11] [INFO]   - VGA > NVIDIA > 지포스 GTX 1600 계열 파싱 중...
[2025-08-01 19:39:13] [INFO]     ✓ 1페이지, 0개 제품
[2025-08-01 19:39:13] [INFO]   - VGA > NVIDIA > 지포스 GTX 1000 계열 파싱 중...
[2025-08-01 19:39:15] [INFO]     ✓ 1페이지, 0개 제품
[2025-08-01 19:39:15] [INFO]   - VGA > NVIDIA > 지포스 GTX 900계열 파싱 중...
[2025-08-01 19:39:17] [INFO]     ✓ 1페이지, 0개 제품
[2025-08-01 19:39:17] [INFO]   - VGA > NVIDIA > 지포스 GTX 700 계열 파싱 중...
[2025-08-01 19:39:19] [INFO]     ✓ 1페이지, 0개 제품
[2025-08-01 19:39:20] [INFO]   - VGA > NVIDIA > 지포스 GTX 600 계열 파싱 중...
[2025-08-01 19:39:21] [INFO]     ✓ 1페이지, 0개 제품
[2025-08-01 19:39:22] [INFO]   - VGA > NVIDIA > 지포스 GTX 500 계열 이하 파싱 중...
[2025-08-01 19:39:23] [INFO]     ✓ 1페이지, 0개 제품
[2025-08-01 19:39:24] [INFO]   - VGA > NVIDIA > 쿨러 교체 매입불가 파싱 중...
[2025-08-01 19:39:26] [INFO]     ✓ 1페이지, 0개 제품
[2025-08-01 19:39:26] [INFO]   - VGA > NVIDIA > 채굴형 그래픽카드 파싱 중...
[2025-08-01 19:39:28] [INFO]     ✓ 1페이지, 0개 제품
[2025-08-01 19:39:28] [INFO]   - VGA > AMD 파싱 중...
[2025-08-01 19:39:32] [INFO]     ✓ 3페이지, 0개 제품
[2025-08-01 19:39:33] [INFO]   - VGA > AMD > AMD 라데온 7000계열 파싱 중...
[2025-08-01 19:39:35] [INFO]     ✓ 1페이지, 0개 제품
[2025-08-01 19:39:35] [INFO]   - VGA > AMD > AMD 라데온 6000계열 파싱 중...
[2025-08-01 19:39:37] [INFO]     ✓ 1페이지, 0개 제품
[2025-08-01 19:39:37] [INFO]   - VGA > AMD > AMD 라데온 5000계열 파싱 중...
[2025-08-01 19:39:39] [INFO]     ✓ 1페이지, 0개 제품
[2025-08-01 19:39:39] [INFO]   - VGA > AMD > AMD 라데온 500계열 파싱 중...
[2025-08-01 19:39:41] [INFO]     ✓ 1페이지, 0개 제품
[2025-08-01 19:39:41] [INFO]   - VGA > AMD > AMD 라데온 400계열 파싱 중...
[2025-08-01 19:39:43] [INFO]     ✓ 1페이지, 0개 제품
[2025-08-01 19:39:44] [INFO]   - VGA > AMD > AMD 라데온 300계열 미만 파싱 중...
[2025-08-01 19:39:45] [INFO]     ✓ 1페이지, 0개 제품
[2025-08-01 19:39:46] [INFO]   - VGA > AMD > 쿨러 교체 매입 불가 파싱 중...
[2025-08-01 19:39:47] [INFO]     ✓ 1페이지, 0개 제품
[2025-08-01 19:39:48] [INFO] 카테고리 [SSD] 처리 시작
[2025-08-01 19:39:51] [INFO]   - SSD > 전체 파싱 중...
[2025-08-01 19:39:54] [INFO]     ✓ 2페이지, 28개 제품
[2025-08-01 19:39:55] [INFO]   - SSD > SATA3 방식 파싱 중...
[2025-08-01 19:39:56] [INFO]     ✓ 1페이지, 0개 제품
[2025-08-01 19:39:57] [INFO]   - SSD > M.2 NVMe 방식 파싱 중...
[2025-08-01 19:39:59] [INFO]     ✓ 1페이지, 0개 제품
[2025-08-01 19:39:59] [INFO]   - SSD > mSATA 방식 파싱 중...
[2025-08-01 19:40:01] [INFO]     ✓ 1페이지, 0개 제품
[2025-08-01 19:40:01] [INFO] 카테고리 [HDD] 처리 시작
[2025-08-01 19:40:03] [INFO]   - HDD > 전체 파싱 중...
[2025-08-01 19:40:06] [INFO]     ✓ 2페이지, 18개 제품
[2025-08-01 19:40:06] [INFO]   - HDD > 하드디스크 파싱 중...
[2025-08-01 19:40:09] [INFO]     ✓ 2페이지, 0개 제품
[2025-08-01 19:40:10] [INFO] 카테고리 [POWER] 처리 시작
[2025-08-01 19:40:11] [INFO]   - POWER > 전체 파싱 중...
[2025-08-01 19:40:13] [INFO]     ✓ 1페이지, 4개 제품
[2025-08-01 19:40:14] [INFO]   - POWER > 파워서플라이 파싱 중...
[2025-08-01 19:40:15] [INFO]     ✓ 1페이지, 0개 제품
[2025-08-01 19:40:16] [INFO] 카테고리 [모니터] 처리 시작
[2025-08-01 19:40:17] [INFO]   - 모니터 > 전체 파싱 중...
[2025-08-01 19:40:19] [INFO]     ✓ 1페이지, 13개 제품
[2025-08-01 19:40:20] [INFO]   - 모니터 > LED모니터 파싱 중...
[2025-08-01 19:40:21] [INFO]     ✓ 1페이지, 0개 제품
[2025-08-01 19:40:22] [INFO] 수집 완료: 총 659개 고유 제품
[2025-08-01 19:40:22] [INFO] 2단계: JSON 파일 생성
[2025-08-01 19:40:22] [INFO] JSON 파일 생성: nanomemory_products_2025-08-01_194022.json
[2025-08-01 19:40:22] [INFO] 3단계: 데이터베이스 저장
[2025-08-01 19:40:22] [INFO] 데이터베이스 저장 시작 (전체 교체 모드)
[2025-08-01 19:40:22] [INFO] 테이블 확인/생성 완료
[2025-08-01 19:40:22] [INFO] 기존 데이터 삭제 완료
[2025-08-01 19:40:22] [INFO]   - 100개 저장 완료
[2025-08-01 19:40:22] [INFO]   - 200개 저장 완료
[2025-08-01 19:40:22] [INFO]   - 300개 저장 완료
[2025-08-01 19:40:22] [INFO]   - 400개 저장 완료
[2025-08-01 19:40:22] [INFO]   - 500개 저장 완료
[2025-08-01 19:40:22] [INFO]   - 600개 저장 완료
[2025-08-01 19:40:22] [INFO]   - 659개 저장 완료
[2025-08-01 19:40:22] [INFO] 데이터베이스 저장 완료: 총 659개 제품
[2025-08-01 19:40:22] [INFO] ========================================
[2025-08-01 19:40:22] [INFO] 크론잡 완료 보고
[2025-08-01 19:40:22] [INFO] 실행 시간: 5분 48초
[2025-08-01 19:40:22] [INFO] 전체 카테고리: 88
[2025-08-01 19:40:22] [INFO] 파싱 성공: 88
[2025-08-01 19:40:22] [INFO] 총 제품 수: 659
[2025-08-01 19:40:22] [INFO] 신규 제품: 659
[2025-08-01 19:40:22] [INFO] 중복 제거: 0
[2025-08-01 19:40:22] [INFO] 오류 발생: 0
[2025-08-01 19:40:22] [INFO] ========================================
[2025-08-01 19:50:48] [INFO] ========================================
[2025-08-01 19:50:48] [INFO] 크론잡 시작: 2025-08-01 19:50:48
[2025-08-01 19:50:49] [INFO] 1단계: 제품 데이터 수집 시작
[2025-08-01 19:50:49] [INFO] 카테고리 [CPU] 처리 시작
[2025-08-01 19:51:12] [INFO]   - CPU > 전체 건너뜀 (전체 카테고리)
[2025-08-01 19:51:12] [INFO]   - CPU > 인텔 건너뜀 (상위 카테고리)
[2025-08-01 19:51:12] [INFO]   - CPU > 인텔 > 인텔 코어 Ultra 파싱 중...
[2025-08-01 19:51:14] [INFO]     ✓ 1페이지, 1개 제품
[2025-08-01 19:51:15] [INFO]   - CPU > 인텔 > 인텔 14세대 파싱 중...
[2025-08-01 19:51:16] [INFO]     ✓ 1페이지, 15개 제품
[2025-08-01 19:51:17] [INFO]   - CPU > 인텔 > 인텔 13세대 파싱 중...
[2025-08-01 19:51:18] [INFO]     ✓ 1페이지, 16개 제품
[2025-08-01 19:51:19] [INFO]   - CPU > 인텔 > 인텔 12세대 파싱 중...
[2025-08-01 19:51:21] [INFO]     ✓ 1페이지, 19개 제품
[2025-08-01 19:51:21] [INFO]   - CPU > 인텔 > 인텔 11세대 파싱 중...
[2025-08-01 19:51:23] [INFO]     ✓ 1페이지, 16개 제품
[2025-08-01 19:51:23] [INFO]   - CPU > 인텔 > 인텔 10세대 파싱 중...
[2025-08-01 19:51:26] [INFO]     ✓ 2페이지, 20개 제품
[2025-08-01 19:51:27] [INFO]   - CPU > 인텔 > 인텔 9세대 파싱 중...
[2025-08-01 19:51:28] [INFO]     ✓ 1페이지, 19개 제품
[2025-08-01 19:51:29] [INFO]   - CPU > 인텔 > 인텔 8세대 파싱 중...
[2025-08-01 19:51:31] [INFO]     ✓ 1페이지, 10개 제품
[2025-08-01 19:51:31] [INFO]   - CPU > 인텔 > 인텔 7세대 파싱 중...
[2025-08-01 19:51:33] [INFO]     ✓ 1페이지, 14개 제품
[2025-08-01 19:51:33] [INFO]   - CPU > 인텔 > 인텔 6세대 파싱 중...
[2025-08-01 19:51:35] [INFO]     ✓ 1페이지, 13개 제품
[2025-08-01 19:51:35] [INFO]   - CPU > 인텔 > 인텔 4세대 파싱 중...
[2025-08-01 19:51:37] [INFO]     ✓ 1페이지, 14개 제품
[2025-08-01 19:51:38] [INFO]   - CPU > 인텔 > 인텔 3세대 파싱 중...
[2025-08-01 19:51:39] [INFO]     ✓ 1페이지, 11개 제품
[2025-08-01 19:51:40] [INFO]   - CPU > 인텔 > 인텔 2세대 파싱 중...
[2025-08-01 19:51:41] [INFO]     ✓ 1페이지, 11개 제품
[2025-08-01 19:51:42] [INFO]   - CPU > 인텔 > 인텔 1세대 파싱 중...
[2025-08-01 19:51:44] [INFO]     ✓ 1페이지, 5개 제품
[2025-08-01 19:51:44] [INFO]   - CPU > 인텔 > 인텔2011소켓 파싱 중...
[2025-08-01 19:51:46] [INFO]     ✓ 1페이지, 12개 제품
[2025-08-01 19:51:46] [INFO]   - CPU > 인텔 > 인텔1366소켓 파싱 중...
[2025-08-01 19:51:48] [INFO]     ✓ 1페이지, 4개 제품
[2025-08-01 19:51:48] [INFO]   - CPU > 인텔 > 인텔775소켓 파싱 중...
[2025-08-01 19:51:50] [INFO]     ✓ 1페이지, 4개 제품
[2025-08-01 19:51:51] [INFO]   - CPU > 인텔 > 인텔 제온 서버 CPU 파싱 중...
[2025-08-01 19:51:52] [INFO]     ✓ 1페이지, 4개 제품
[2025-08-01 19:51:53] [INFO]   - CPU > AMD 건너뜀 (상위 카테고리)
[2025-08-01 19:51:53] [INFO]   - CPU > AMD > AMD 라이젠 6세대 파싱 중...
[2025-08-01 19:51:54] [INFO]     ✓ 1페이지, 0개 제품
[2025-08-01 19:51:55] [INFO]   - CPU > AMD > AMD 라이젠 5세대 파싱 중...
[2025-08-01 19:51:57] [INFO]     ✓ 1페이지, 16개 제품
[2025-08-01 19:51:57] [INFO]   - CPU > AMD > AMD 라이젠 4세대 파싱 중...
[2025-08-01 19:51:59] [INFO]     ✓ 1페이지, 12개 제품
[2025-08-01 19:51:59] [INFO]   - CPU > AMD > AMD 라이젠 3세대 파싱 중...
[2025-08-01 19:52:01] [INFO]     ✓ 1페이지, 16개 제품
[2025-08-01 19:52:01] [INFO]   - CPU > AMD > AMD 라이젠 2세대 파싱 중...
[2025-08-01 19:52:03] [INFO]     ✓ 1페이지, 6개 제품
[2025-08-01 19:52:03] [INFO]   - CPU > AMD > AMD 라이젠 1세대 파싱 중...
[2025-08-01 19:52:05] [INFO]     ✓ 1페이지, 13개 제품
[2025-08-01 19:52:06] [INFO]   - CPU > AMD > AMD AM3 / AM3+ 파싱 중...
[2025-08-01 19:52:07] [INFO]     ✓ 1페이지, 9개 제품
[2025-08-01 19:52:08] [INFO] 카테고리 [RAM] 처리 시작
[2025-08-01 19:52:18] [INFO]   - RAM > 전체 건너뜀 (전체 카테고리)
[2025-08-01 19:52:18] [INFO]   - RAM > 데스크탑 메모리 건너뜀 (상위 카테고리)
[2025-08-01 19:52:18] [INFO]   - RAM > 데스크탑 메모리 > DDR5 파싱 중...
[2025-08-01 19:52:19] [INFO]     ✓ 1페이지, 12개 제품
[2025-08-01 19:52:20] [INFO]   - RAM > 데스크탑 메모리 > DDR4 파싱 중...
[2025-08-01 19:52:23] [INFO]     ✓ 2페이지, 21개 제품
[2025-08-01 19:52:23] [INFO]   - RAM > 데스크탑 메모리 > DDR3 파싱 중...
[2025-08-01 19:52:25] [INFO]     ✓ 1페이지, 6개 제품
[2025-08-01 19:52:26] [INFO]   - RAM > 노트북 메모리 건너뜀 (상위 카테고리)
[2025-08-01 19:52:26] [INFO]   - RAM > 노트북 메모리 > DDR5 노트북 파싱 중...
[2025-08-01 19:52:27] [INFO]     ✓ 1페이지, 9개 제품
[2025-08-01 19:52:28] [INFO]   - RAM > 노트북 메모리 > DDR4 노트북 파싱 중...
[2025-08-01 19:52:29] [INFO]     ✓ 1페이지, 10개 제품
[2025-08-01 19:52:30] [INFO]   - RAM > 노트북 메모리 > DDR3 노트북 파싱 중...
[2025-08-01 19:52:31] [INFO]     ✓ 1페이지, 6개 제품
[2025-08-01 19:52:32] [INFO]   - RAM > 서버메모리 건너뜀 (상위 카테고리)
[2025-08-01 19:52:32] [INFO]   - RAM > 서버메모리 > 서버메모리 DDR4 파싱 중...
[2025-08-01 19:52:35] [INFO]     ✓ 2페이지, 16개 제품
[2025-08-01 19:52:35] [INFO]   - RAM > 서버메모리 > 서버메모리 DDR3 파싱 중...
[2025-08-01 19:52:37] [INFO]     ✓ 1페이지, 9개 제품
[2025-08-01 19:52:38] [INFO] 카테고리 [BOARD] 처리 시작
[2025-08-01 19:52:52] [INFO]   - BOARD > 전체 건너뜀 (전체 카테고리)
[2025-08-01 19:52:52] [INFO]   - BOARD > 인텔 건너뜀 (상위 카테고리)
[2025-08-01 19:52:52] [INFO]   - BOARD > 인텔 > 인텔 코어 Ultra 파싱 중...
[2025-08-01 19:52:53] [INFO]     ✓ 1페이지, 0개 제품
[2025-08-01 19:52:54] [INFO]   - BOARD > 인텔 > 인텔 12/13/14세대 파싱 중...
[2025-08-01 19:52:55] [INFO]     ✓ 1페이지, 17개 제품
[2025-08-01 19:52:56] [INFO]   - BOARD > 인텔 > 인텔 10 - 11세대 파싱 중...
[2025-08-01 19:52:57] [INFO]     ✓ 1페이지, 16개 제품
[2025-08-01 19:52:58] [INFO]   - BOARD > 인텔 > 인텔 8 - 9세대 파싱 중...
[2025-08-01 19:53:00] [INFO]     ✓ 1페이지, 12개 제품
[2025-08-01 19:53:00] [INFO]   - BOARD > 인텔 > 인텔 6 - 7세대 파싱 중...
[2025-08-01 19:53:02] [INFO]     ✓ 1페이지, 14개 제품
[2025-08-01 19:53:02] [INFO]   - BOARD > 인텔 > 인텔 4세대 파싱 중...
[2025-08-01 19:53:04] [INFO]     ✓ 1페이지, 12개 제품
[2025-08-01 19:53:04] [INFO]   - BOARD > 인텔 > 인텔 2 - 3세대 파싱 중...
[2025-08-01 19:53:06] [INFO]     ✓ 1페이지, 5개 제품
[2025-08-01 19:53:06] [INFO]   - BOARD > 인텔 > 인텔 1세대 파싱 중...
[2025-08-01 19:53:08] [INFO]     ✓ 1페이지, 2개 제품
[2025-08-01 19:53:09] [INFO]   - BOARD > 인텔 > 인텔 2011소켓 파싱 중...
[2025-08-01 19:53:10] [INFO]     ✓ 1페이지, 4개 제품
[2025-08-01 19:53:11] [INFO]   - BOARD > 인텔 > 인텔 1366소켓 파싱 중...
[2025-08-01 19:53:12] [INFO]     ✓ 1페이지, 1개 제품
[2025-08-01 19:53:13] [INFO]   - BOARD > 인텔 > I/O쉴드 필수 파싱 중...
[2025-08-01 19:53:15] [INFO]     ✓ 1페이지, 0개 제품
[2025-08-01 19:53:15] [INFO]   - BOARD > AMD 건너뜀 (상위 카테고리)
[2025-08-01 19:53:15] [INFO]   - BOARD > AMD > 라이젠 파싱 중...
[2025-08-01 19:53:17] [INFO]     ✓ 1페이지, 16개 제품
[2025-08-01 19:53:17] [INFO]   - BOARD > AMD > FM2 / FM2+ 파싱 중...
[2025-08-01 19:53:19] [INFO]     ✓ 1페이지, 3개 제품
[2025-08-01 19:53:19] [INFO]   - BOARD > AMD > AM3 / AM3+ 파싱 중...
[2025-08-01 19:53:21] [INFO]     ✓ 1페이지, 3개 제품
[2025-08-01 19:53:21] [INFO] 카테고리 [VGA] 처리 시작
[2025-08-01 19:53:39] [INFO]   - VGA > 전체 건너뜀 (전체 카테고리)
[2025-08-01 19:53:39] [INFO]   - VGA > NVIDIA 건너뜀 (상위 카테고리)
[2025-08-01 19:53:39] [INFO]   - VGA > NVIDIA > 지포스 RTX 4000 계열 파싱 중...
[2025-08-01 19:53:40] [INFO]     ✓ 1페이지, 10개 제품
[2025-08-01 19:53:41] [INFO]   - VGA > NVIDIA > 지포스 RTX 3000 계열 파싱 중...
[2025-08-01 19:53:42] [INFO]     ✓ 1페이지, 10개 제품
[2025-08-01 19:53:43] [INFO]   - VGA > NVIDIA > 지포스 RTX 2000 계열 파싱 중...
[2025-08-01 19:53:45] [INFO]     ✓ 1페이지, 7개 제품
[2025-08-01 19:53:45] [INFO]   - VGA > NVIDIA > 지포스 GTX 1600 계열 파싱 중...
[2025-08-01 19:53:47] [INFO]     ✓ 1페이지, 5개 제품
[2025-08-01 19:53:47] [INFO]   - VGA > NVIDIA > 지포스 GTX 1000 계열 파싱 중...
[2025-08-01 19:53:49] [INFO]     ✓ 1페이지, 9개 제품
[2025-08-01 19:53:49] [INFO]   - VGA > NVIDIA > 지포스 GTX 900계열 파싱 중...
[2025-08-01 19:53:51] [INFO]     ✓ 1페이지, 5개 제품
[2025-08-01 19:53:51] [INFO]   - VGA > NVIDIA > 지포스 GTX 700 계열 파싱 중...
[2025-08-01 19:53:53] [INFO]     ✓ 1페이지, 8개 제품
[2025-08-01 19:53:54] [INFO]   - VGA > NVIDIA > 지포스 GTX 600 계열 파싱 중...
[2025-08-01 19:53:55] [INFO]     ✓ 1페이지, 8개 제품
[2025-08-01 19:53:56] [INFO]   - VGA > NVIDIA > 지포스 GTX 500 계열 이하 파싱 중...
[2025-08-01 19:53:57] [INFO]     ✓ 1페이지, 10개 제품
[2025-08-01 19:53:58] [INFO]   - VGA > NVIDIA > 쿨러 교체 매입불가 파싱 중...
[2025-08-01 19:54:00] [INFO]     ✓ 1페이지, 0개 제품
[2025-08-01 19:54:00] [INFO]   - VGA > NVIDIA > 채굴형 그래픽카드 파싱 중...
[2025-08-01 19:54:02] [INFO]     ✓ 1페이지, 0개 제품
[2025-08-01 19:54:02] [INFO]   - VGA > AMD 건너뜀 (상위 카테고리)
[2025-08-01 19:54:02] [INFO]   - VGA > AMD > AMD 라데온 7000계열 파싱 중...
[2025-08-01 19:54:04] [INFO]     ✓ 1페이지, 7개 제품
[2025-08-01 19:54:04] [INFO]   - VGA > AMD > AMD 라데온 6000계열 파싱 중...
[2025-08-01 19:54:06] [INFO]     ✓ 1페이지, 11개 제품
[2025-08-01 19:54:06] [INFO]   - VGA > AMD > AMD 라데온 5000계열 파싱 중...
[2025-08-01 19:54:08] [INFO]     ✓ 1페이지, 8개 제품
[2025-08-01 19:54:09] [INFO]   - VGA > AMD > AMD 라데온 500계열 파싱 중...
[2025-08-01 19:54:10] [INFO]     ✓ 1페이지, 7개 제품
[2025-08-01 19:54:11] [INFO]   - VGA > AMD > AMD 라데온 400계열 파싱 중...
[2025-08-01 19:54:12] [INFO]     ✓ 1페이지, 4개 제품
[2025-08-01 19:54:13] [INFO]   - VGA > AMD > AMD 라데온 300계열 미만 파싱 중...
[2025-08-01 19:54:15] [INFO]     ✓ 1페이지, 12개 제품
[2025-08-01 19:54:15] [INFO]   - VGA > AMD > 쿨러 교체 매입 불가 파싱 중...
[2025-08-01 19:54:17] [INFO]     ✓ 1페이지, 0개 제품
[2025-08-01 19:54:17] [INFO] 카테고리 [SSD] 처리 시작
[2025-08-01 19:54:20] [INFO]   - SSD > 전체 건너뜀 (전체 카테고리)
[2025-08-01 19:54:20] [INFO]   - SSD > SATA3 방식 건너뜀 (상위 카테고리)
[2025-08-01 19:54:20] [INFO]   - SSD > M.2 NVMe 방식 건너뜀 (상위 카테고리)
[2025-08-01 19:54:20] [INFO]   - SSD > mSATA 방식 건너뜀 (상위 카테고리)
[2025-08-01 19:54:20] [INFO] 카테고리 [HDD] 처리 시작
[2025-08-01 19:54:22] [INFO]   - HDD > 전체 건너뜀 (전체 카테고리)
[2025-08-01 19:54:22] [INFO]   - HDD > 하드디스크 건너뜀 (상위 카테고리)
[2025-08-01 19:54:22] [INFO] 카테고리 [POWER] 처리 시작
[2025-08-01 19:54:24] [INFO]   - POWER > 전체 건너뜀 (전체 카테고리)
[2025-08-01 19:54:24] [INFO]   - POWER > 파워서플라이 건너뜀 (상위 카테고리)
[2025-08-01 19:54:24] [INFO] 카테고리 [모니터] 처리 시작
[2025-08-01 19:54:25] [INFO]   - 모니터 > 전체 건너뜀 (전체 카테고리)
[2025-08-01 19:54:25] [INFO]   - 모니터 > LED모니터 건너뜀 (상위 카테고리)
[2025-08-01 19:54:25] [INFO] 수집 완료: 총 595개 고유 제품
[2025-08-01 19:54:25] [INFO] 2단계: JSON 파일 생성
[2025-08-01 19:54:25] [INFO] JSON 파일 생성: nanomemory_products_2025-08-01_195425.json
[2025-08-01 19:54:25] [INFO] 3단계: 데이터베이스 저장
[2025-08-01 19:54:25] [INFO] 데이터베이스 저장 시작 (전체 교체 모드)
[2025-08-01 19:54:25] [INFO] 테이블 확인/생성 완료
[2025-08-01 19:54:25] [INFO] 기존 데이터 삭제 완료
[2025-08-01 19:54:25] [INFO]   - 100개 저장 완료
[2025-08-01 19:54:25] [INFO]   - 200개 저장 완료
[2025-08-01 19:54:25] [INFO]   - 300개 저장 완료
[2025-08-01 19:54:25] [INFO]   - 400개 저장 완료
[2025-08-01 19:54:25] [INFO]   - 500개 저장 완료
[2025-08-01 19:54:25] [INFO]   - 595개 저장 완료
[2025-08-01 19:54:25] [INFO] 데이터베이스 저장 완료: 총 595개 제품
[2025-08-01 19:54:25] [INFO] ========================================
[2025-08-01 19:54:25] [INFO] 크론잡 완료 보고
[2025-08-01 19:54:25] [INFO] 실행 시간: 3분 37초
[2025-08-01 19:54:25] [INFO] 전체 카테고리: 88
[2025-08-01 19:54:25] [INFO] 파싱 성공: 65
[2025-08-01 19:54:25] [INFO] 총 제품 수: 595
[2025-08-01 19:54:25] [INFO] 신규 제품: 595
[2025-08-01 19:54:25] [INFO] 중복 제거: 0
[2025-08-01 19:54:25] [INFO] 오류 발생: 0
[2025-08-01 19:54:25] [INFO] ========================================
[2025-08-01 19:58:14] [INFO] ========================================
[2025-08-01 19:58:14] [INFO] 크론잡 시작: 2025-08-01 19:58:14
[2025-08-01 19:58:15] [INFO] 1단계: 제품 데이터 수집 시작
[2025-08-01 19:58:15] [INFO] 카테고리 [CPU] 처리 시작
[2025-08-01 19:58:38] [INFO]   - CPU > 전체 건너뜀 (전체 카테고리)
[2025-08-01 19:58:38] [INFO]   - CPU > 인텔 건너뜀 (상위 카테고리)
[2025-08-01 19:58:38] [INFO]   - CPU > 인텔 > 인텔 코어 Ultra 파싱 중...
[2025-08-01 19:58:39] [INFO]     ✓ 1페이지, 1개 제품
[2025-08-01 19:58:40] [INFO]   - CPU > 인텔 > 인텔 14세대 파싱 중...
[2025-08-01 19:58:41] [INFO]     ✓ 1페이지, 15개 제품
[2025-08-01 19:58:42] [INFO]   - CPU > 인텔 > 인텔 13세대 파싱 중...
[2025-08-01 19:58:43] [INFO]     ✓ 1페이지, 16개 제품
[2025-08-01 19:58:44] [INFO]   - CPU > 인텔 > 인텔 12세대 파싱 중...
[2025-08-01 19:58:46] [INFO]     ✓ 1페이지, 19개 제품
[2025-08-01 19:58:46] [INFO]   - CPU > 인텔 > 인텔 11세대 파싱 중...
[2025-08-01 19:58:48] [INFO]     ✓ 1페이지, 16개 제품
[2025-08-01 19:58:48] [INFO]   - CPU > 인텔 > 인텔 10세대 파싱 중...
[2025-08-01 19:58:51] [INFO]     ✓ 2페이지, 20개 제품
[2025-08-01 19:58:52] [INFO]   - CPU > 인텔 > 인텔 9세대 파싱 중...
[2025-08-01 19:58:53] [INFO]     ✓ 1페이지, 19개 제품
[2025-08-01 19:58:54] [INFO]   - CPU > 인텔 > 인텔 8세대 파싱 중...
[2025-08-01 19:58:56] [INFO]     ✓ 1페이지, 10개 제품
[2025-08-01 19:58:56] [INFO]   - CPU > 인텔 > 인텔 7세대 파싱 중...
[2025-08-01 19:58:58] [INFO]     ✓ 1페이지, 14개 제품
[2025-08-01 19:58:58] [INFO]   - CPU > 인텔 > 인텔 6세대 파싱 중...
[2025-08-01 19:59:00] [INFO]     ✓ 1페이지, 13개 제품
[2025-08-01 19:59:00] [INFO]   - CPU > 인텔 > 인텔 4세대 파싱 중...
[2025-08-01 19:59:02] [INFO]     ✓ 1페이지, 14개 제품
[2025-08-01 19:59:02] [INFO]   - CPU > 인텔 > 인텔 3세대 파싱 중...
[2025-08-01 19:59:04] [INFO]     ✓ 1페이지, 11개 제품
[2025-08-01 19:59:04] [INFO]   - CPU > 인텔 > 인텔 2세대 파싱 중...
[2025-08-01 19:59:06] [INFO]     ✓ 1페이지, 11개 제품
[2025-08-01 19:59:07] [INFO]   - CPU > 인텔 > 인텔 1세대 파싱 중...
[2025-08-01 19:59:08] [INFO]     ✓ 1페이지, 5개 제품
[2025-08-01 19:59:09] [INFO]   - CPU > 인텔 > 인텔2011소켓 파싱 중...
[2025-08-01 19:59:10] [INFO]     ✓ 1페이지, 12개 제품
[2025-08-01 19:59:11] [INFO]   - CPU > 인텔 > 인텔1366소켓 파싱 중...
[2025-08-01 19:59:13] [INFO]     ✓ 1페이지, 4개 제품
[2025-08-01 19:59:13] [INFO]   - CPU > 인텔 > 인텔775소켓 파싱 중...
[2025-08-01 19:59:15] [INFO]     ✓ 1페이지, 4개 제품
[2025-08-01 19:59:15] [INFO]   - CPU > 인텔 > 인텔 제온 서버 CPU 파싱 중...
[2025-08-01 19:59:17] [INFO]     ✓ 1페이지, 4개 제품
[2025-08-01 19:59:17] [INFO]   - CPU > AMD 건너뜀 (상위 카테고리)
[2025-08-01 19:59:17] [INFO]   - CPU > AMD > AMD 라이젠 6세대 파싱 중...
[2025-08-01 19:59:19] [INFO]     ✓ 1페이지, 0개 제품
[2025-08-01 19:59:19] [INFO]   - CPU > AMD > AMD 라이젠 5세대 파싱 중...
[2025-08-01 19:59:21] [INFO]     ✓ 1페이지, 16개 제품
[2025-08-01 19:59:22] [INFO]   - CPU > AMD > AMD 라이젠 4세대 파싱 중...
[2025-08-01 19:59:23] [INFO]     ✓ 1페이지, 12개 제품
[2025-08-01 19:59:24] [INFO]   - CPU > AMD > AMD 라이젠 3세대 파싱 중...
[2025-08-01 19:59:25] [INFO]     ✓ 1페이지, 16개 제품
[2025-08-01 19:59:26] [INFO]   - CPU > AMD > AMD 라이젠 2세대 파싱 중...
[2025-08-01 19:59:28] [INFO]     ✓ 1페이지, 6개 제품
[2025-08-01 19:59:28] [INFO]   - CPU > AMD > AMD 라이젠 1세대 파싱 중...
[2025-08-01 19:59:30] [INFO]     ✓ 1페이지, 13개 제품
[2025-08-01 19:59:30] [INFO]   - CPU > AMD > AMD AM3 / AM3+ 파싱 중...
[2025-08-01 19:59:32] [INFO]     ✓ 1페이지, 9개 제품
[2025-08-01 19:59:32] [INFO] 카테고리 [RAM] 처리 시작
[2025-08-01 19:59:42] [INFO]   - RAM > 전체 건너뜀 (전체 카테고리)
[2025-08-01 19:59:42] [INFO]   - RAM > 데스크탑 메모리 건너뜀 (상위 카테고리)
[2025-08-01 19:59:42] [INFO]   - RAM > 데스크탑 메모리 > DDR5 파싱 중...
[2025-08-01 19:59:44] [INFO]     ✓ 1페이지, 12개 제품
[2025-08-01 19:59:44] [INFO]   - RAM > 데스크탑 메모리 > DDR4 파싱 중...
[2025-08-01 19:59:47] [INFO]     ✓ 2페이지, 21개 제품
[2025-08-01 19:59:48] [INFO]   - RAM > 데스크탑 메모리 > DDR3 파싱 중...
[2025-08-01 19:59:49] [INFO]     ✓ 1페이지, 6개 제품
[2025-08-01 19:59:50] [INFO]   - RAM > 노트북 메모리 건너뜀 (상위 카테고리)
[2025-08-01 19:59:50] [INFO]   - RAM > 노트북 메모리 > DDR5 노트북 파싱 중...
[2025-08-01 19:59:51] [INFO]     ✓ 1페이지, 9개 제품
[2025-08-01 19:59:52] [INFO]   - RAM > 노트북 메모리 > DDR4 노트북 파싱 중...
[2025-08-01 19:59:54] [INFO]     ✓ 1페이지, 10개 제품
[2025-08-01 19:59:54] [INFO]   - RAM > 노트북 메모리 > DDR3 노트북 파싱 중...
[2025-08-01 19:59:56] [INFO]     ✓ 1페이지, 6개 제품
[2025-08-01 19:59:56] [INFO]   - RAM > 서버메모리 건너뜀 (상위 카테고리)
[2025-08-01 19:59:56] [INFO]   - RAM > 서버메모리 > 서버메모리 DDR4 파싱 중...
[2025-08-01 19:59:59] [INFO]     ✓ 2페이지, 16개 제품
[2025-08-01 20:00:00] [INFO]   - RAM > 서버메모리 > 서버메모리 DDR3 파싱 중...
[2025-08-01 20:00:02] [INFO]     ✓ 1페이지, 9개 제품
[2025-08-01 20:00:02] [INFO] 카테고리 [BOARD] 처리 시작
[2025-08-01 20:00:16] [INFO]   - BOARD > 전체 건너뜀 (전체 카테고리)
[2025-08-01 20:00:16] [INFO]   - BOARD > 인텔 건너뜀 (상위 카테고리)
[2025-08-01 20:00:16] [INFO]   - BOARD > 인텔 > 인텔 코어 Ultra 파싱 중...
[2025-08-01 20:00:18] [INFO]     ✓ 1페이지, 0개 제품
[2025-08-01 20:00:18] [INFO]   - BOARD > 인텔 > 인텔 12/13/14세대 파싱 중...
[2025-08-01 20:00:20] [INFO]     ✓ 1페이지, 17개 제품
[2025-08-01 20:00:21] [INFO]   - BOARD > 인텔 > 인텔 10 - 11세대 파싱 중...
[2025-08-01 20:00:22] [INFO]     ✓ 1페이지, 16개 제품
[2025-08-01 20:00:23] [INFO]   - BOARD > 인텔 > 인텔 8 - 9세대 파싱 중...
[2025-08-01 20:00:24] [INFO]     ✓ 1페이지, 12개 제품
[2025-08-01 20:00:25] [INFO]   - BOARD > 인텔 > 인텔 6 - 7세대 파싱 중...
[2025-08-01 20:00:27] [INFO]     ✓ 1페이지, 14개 제품
[2025-08-01 20:00:27] [INFO]   - BOARD > 인텔 > 인텔 4세대 파싱 중...
[2025-08-01 20:00:29] [INFO]     ✓ 1페이지, 12개 제품
[2025-08-01 20:00:29] [INFO]   - BOARD > 인텔 > 인텔 2 - 3세대 파싱 중...
[2025-08-01 20:00:31] [INFO]     ✓ 1페이지, 5개 제품
[2025-08-01 20:00:31] [INFO]   - BOARD > 인텔 > 인텔 1세대 파싱 중...
[2025-08-01 20:00:33] [INFO]     ✓ 1페이지, 2개 제품
[2025-08-01 20:00:34] [INFO]   - BOARD > 인텔 > 인텔 2011소켓 파싱 중...
[2025-08-01 20:00:35] [INFO]     ✓ 1페이지, 4개 제품
[2025-08-01 20:00:36] [INFO]   - BOARD > 인텔 > 인텔 1366소켓 파싱 중...
[2025-08-01 20:00:37] [INFO]     ✓ 1페이지, 1개 제품
[2025-08-01 20:00:38] [INFO]   - BOARD > 인텔 > I/O쉴드 필수 파싱 중...
[2025-08-01 20:00:40] [INFO]     ✓ 1페이지, 0개 제품
[2025-08-01 20:00:40] [INFO]   - BOARD > AMD 건너뜀 (상위 카테고리)
[2025-08-01 20:00:40] [INFO]   - BOARD > AMD > 라이젠 파싱 중...
[2025-08-01 20:00:42] [INFO]     ✓ 1페이지, 16개 제품
[2025-08-01 20:00:42] [INFO]   - BOARD > AMD > FM2 / FM2+ 파싱 중...
[2025-08-01 20:00:44] [INFO]     ✓ 1페이지, 3개 제품
[2025-08-01 20:00:44] [INFO]   - BOARD > AMD > AM3 / AM3+ 파싱 중...
[2025-08-01 20:00:46] [INFO]     ✓ 1페이지, 3개 제품
[2025-08-01 20:00:47] [INFO] 카테고리 [VGA] 처리 시작
[2025-08-01 20:01:04] [INFO]   - VGA > 전체 건너뜀 (전체 카테고리)
[2025-08-01 20:01:04] [INFO]   - VGA > NVIDIA 건너뜀 (상위 카테고리)
[2025-08-01 20:01:04] [INFO]   - VGA > NVIDIA > 지포스 RTX 4000 계열 파싱 중...
[2025-08-01 20:01:06] [INFO]     ✓ 1페이지, 10개 제품
[2025-08-01 20:01:06] [INFO]   - VGA > NVIDIA > 지포스 RTX 3000 계열 파싱 중...
[2025-08-01 20:01:08] [INFO]     ✓ 1페이지, 10개 제품
[2025-08-01 20:01:08] [INFO]   - VGA > NVIDIA > 지포스 RTX 2000 계열 파싱 중...
[2025-08-01 20:01:10] [INFO]     ✓ 1페이지, 7개 제품
[2025-08-01 20:01:11] [INFO]   - VGA > NVIDIA > 지포스 GTX 1600 계열 파싱 중...
[2025-08-01 20:01:12] [INFO]     ✓ 1페이지, 5개 제품
[2025-08-01 20:01:13] [INFO]   - VGA > NVIDIA > 지포스 GTX 1000 계열 파싱 중...
[2025-08-01 20:01:14] [INFO]     ✓ 1페이지, 9개 제품
[2025-08-01 20:01:15] [INFO]   - VGA > NVIDIA > 지포스 GTX 900계열 파싱 중...
[2025-08-01 20:01:16] [INFO]     ✓ 1페이지, 5개 제품
[2025-08-01 20:01:17] [INFO]   - VGA > NVIDIA > 지포스 GTX 700 계열 파싱 중...
[2025-08-01 20:01:19] [INFO]     ✓ 1페이지, 8개 제품
[2025-08-01 20:01:19] [INFO]   - VGA > NVIDIA > 지포스 GTX 600 계열 파싱 중...
[2025-08-01 20:01:21] [INFO]     ✓ 1페이지, 8개 제품
[2025-08-01 20:01:21] [INFO]   - VGA > NVIDIA > 지포스 GTX 500 계열 이하 파싱 중...
[2025-08-01 20:01:23] [INFO]     ✓ 1페이지, 10개 제품
[2025-08-01 20:01:23] [INFO]   - VGA > NVIDIA > 쿨러 교체 매입불가 파싱 중...
[2025-08-01 20:01:25] [INFO]     ✓ 1페이지, 0개 제품
[2025-08-01 20:01:26] [INFO]   - VGA > NVIDIA > 채굴형 그래픽카드 파싱 중...
[2025-08-01 20:01:27] [INFO]     ✓ 1페이지, 0개 제품
[2025-08-01 20:01:28] [INFO]   - VGA > AMD 건너뜀 (상위 카테고리)
[2025-08-01 20:01:28] [INFO]   - VGA > AMD > AMD 라데온 7000계열 파싱 중...
[2025-08-01 20:01:29] [INFO]     ✓ 1페이지, 7개 제품
[2025-08-01 20:01:30] [INFO]   - VGA > AMD > AMD 라데온 6000계열 파싱 중...
[2025-08-01 20:01:31] [INFO]     ✓ 1페이지, 11개 제품
[2025-08-01 20:01:32] [INFO]   - VGA > AMD > AMD 라데온 5000계열 파싱 중...
[2025-08-01 20:01:34] [INFO]     ✓ 1페이지, 8개 제품
[2025-08-01 20:01:34] [INFO]   - VGA > AMD > AMD 라데온 500계열 파싱 중...
[2025-08-01 20:01:36] [INFO]     ✓ 1페이지, 7개 제품
[2025-08-01 20:01:36] [INFO]   - VGA > AMD > AMD 라데온 400계열 파싱 중...
[2025-08-01 20:01:38] [INFO]     ✓ 1페이지, 4개 제품
[2025-08-01 20:01:38] [INFO]   - VGA > AMD > AMD 라데온 300계열 미만 파싱 중...
[2025-08-01 20:01:40] [INFO]     ✓ 1페이지, 12개 제품
[2025-08-01 20:01:41] [INFO]   - VGA > AMD > 쿨러 교체 매입 불가 파싱 중...
[2025-08-01 20:01:42] [INFO]     ✓ 1페이지, 0개 제품
[2025-08-01 20:01:43] [INFO] 카테고리 [SSD] 처리 시작
[2025-08-01 20:01:46] [INFO]   - SSD > 전체 건너뜀 (전체 카테고리)
[2025-08-01 20:01:46] [INFO]   - SSD > SATA3 방식 파싱 중...
[2025-08-01 20:01:48] [INFO]     ✓ 1페이지, 14개 제품
[2025-08-01 20:01:48] [INFO]   - SSD > M.2 NVMe 방식 파싱 중...
[2025-08-01 20:01:50] [INFO]     ✓ 1페이지, 10개 제품
[2025-08-01 20:01:51] [INFO]   - SSD > mSATA 방식 파싱 중...
[2025-08-01 20:01:52] [INFO]     ✓ 1페이지, 4개 제품
[2025-08-01 20:01:53] [INFO] 카테고리 [HDD] 처리 시작
[2025-08-01 20:01:54] [INFO]   - HDD > 전체 건너뜀 (전체 카테고리)
[2025-08-01 20:01:54] [INFO]   - HDD > 하드디스크 파싱 중...
[2025-08-01 20:01:57] [INFO]     ✓ 2페이지, 18개 제품
[2025-08-01 20:01:58] [INFO] 카테고리 [POWER] 처리 시작
[2025-08-01 20:02:00] [INFO]   - POWER > 전체 건너뜀 (전체 카테고리)
[2025-08-01 20:02:00] [INFO]   - POWER > 파워서플라이 파싱 중...
[2025-08-01 20:02:01] [INFO]     ✓ 1페이지, 4개 제품
[2025-08-01 20:02:02] [INFO] 카테고리 [모니터] 처리 시작
[2025-08-01 20:02:04] [INFO]   - 모니터 > 전체 건너뜀 (전체 카테고리)
[2025-08-01 20:02:04] [INFO]   - 모니터 > LED모니터 파싱 중...
[2025-08-01 20:02:05] [INFO]     ✓ 1페이지, 13개 제품
[2025-08-01 20:02:06] [INFO] 수집 완료: 총 658개 고유 제품
[2025-08-01 20:02:06] [INFO] 2단계: JSON 파일 생성
[2025-08-01 20:02:06] [INFO] JSON 파일 생성: nanomemory_products_2025-08-01_200206.json
[2025-08-01 20:02:06] [INFO] 3단계: 데이터베이스 저장
[2025-08-01 20:02:06] [INFO] 데이터베이스 저장 시작 (전체 교체 모드)
[2025-08-01 20:02:06] [INFO] 테이블 확인/생성 완료
[2025-08-01 20:02:06] [INFO] 기존 데이터 삭제 완료
[2025-08-01 20:02:06] [INFO]   - 100개 저장 완료
[2025-08-01 20:02:06] [INFO]   - 200개 저장 완료
[2025-08-01 20:02:06] [INFO]   - 300개 저장 완료
[2025-08-01 20:02:06] [INFO]   - 400개 저장 완료
[2025-08-01 20:02:06] [INFO]   - 500개 저장 완료
[2025-08-01 20:02:06] [INFO]   - 600개 저장 완료
[2025-08-01 20:02:06] [INFO]   - 658개 저장 완료
[2025-08-01 20:02:06] [INFO] 데이터베이스 저장 완료: 총 658개 제품
[2025-08-01 20:02:06] [INFO] ========================================
[2025-08-01 20:02:06] [INFO] 크론잡 완료 보고
[2025-08-01 20:02:06] [INFO] 실행 시간: 3분 52초
[2025-08-01 20:02:06] [INFO] 전체 카테고리: 88
[2025-08-01 20:02:06] [INFO] 파싱 성공: 71
[2025-08-01 20:02:06] [INFO] 총 제품 수: 658
[2025-08-01 20:02:06] [INFO] 신규 제품: 658
[2025-08-01 20:02:06] [INFO] 중복 제거: 0
[2025-08-01 20:02:06] [INFO] 오류 발생: 0
[2025-08-01 20:02:06] [INFO] ========================================
