[2025-08-02 00:54:22] [INFO] ========================================
[2025-08-02 00:54:22] [INFO] 크론잡 시작: 2025-08-02 00:54:22
[2025-08-02 00:54:23] [INFO] 1단계: 제품 데이터 수집 시작
[2025-08-02 00:54:23] [INFO] 카테고리 [CPU] 처리 시작
[2025-08-02 00:54:45] [INFO]   - CPU > 전체 건너뜀 (전체 카테고리)
[2025-08-02 00:54:45] [INFO]   - CPU > 인텔 건너뜀 (상위 카테고리)
[2025-08-02 00:54:45] [INFO]   - CPU > 인텔 > 인텔 코어 Ultra 파싱 중...
[2025-08-02 00:54:47] [INFO]     ✓ 1페이지, 1개 제품
[2025-08-02 00:54:48] [INFO]   - CPU > 인텔 > 인텔 14세대 파싱 중...
[2025-08-02 00:54:49] [INFO]     ✓ 1페이지, 15개 제품
[2025-08-02 00:54:50] [INFO]   - CPU > 인텔 > 인텔 13세대 파싱 중...
[2025-08-02 00:54:51] [INFO]     ✓ 1페이지, 16개 제품
[2025-08-02 00:54:52] [INFO]   - CPU > 인텔 > 인텔 12세대 파싱 중...
[2025-08-02 00:54:53] [INFO]     ✓ 1페이지, 19개 제품
[2025-08-02 00:54:54] [INFO]   - CPU > 인텔 > 인텔 11세대 파싱 중...
[2025-08-02 00:54:55] [INFO]     ✓ 1페이지, 16개 제품
[2025-08-02 00:54:56] [INFO]   - CPU > 인텔 > 인텔 10세대 파싱 중...
[2025-08-02 00:54:59] [INFO]     ✓ 2페이지, 20개 제품
[2025-08-02 00:54:59] [INFO]   - CPU > 인텔 > 인텔 9세대 파싱 중...
[2025-08-02 00:55:01] [INFO]     ✓ 1페이지, 19개 제품
[2025-08-02 00:55:01] [INFO]   - CPU > 인텔 > 인텔 8세대 파싱 중...
[2025-08-02 00:55:03] [INFO]     ✓ 1페이지, 10개 제품
[2025-08-02 00:55:04] [INFO]   - CPU > 인텔 > 인텔 7세대 파싱 중...
[2025-08-02 00:55:05] [INFO]     ✓ 1페이지, 14개 제품
[2025-08-02 00:55:06] [INFO]   - CPU > 인텔 > 인텔 6세대 파싱 중...
[2025-08-02 00:55:07] [INFO]     ✓ 1페이지, 13개 제품
[2025-08-02 00:55:08] [INFO]   - CPU > 인텔 > 인텔 4세대 파싱 중...
[2025-08-02 00:55:09] [INFO]     ✓ 1페이지, 14개 제품
[2025-08-02 00:55:10] [INFO]   - CPU > 인텔 > 인텔 3세대 파싱 중...
[2025-08-02 00:55:11] [INFO]     ✓ 1페이지, 11개 제품
[2025-08-02 00:55:12] [INFO]   - CPU > 인텔 > 인텔 2세대 파싱 중...
[2025-08-02 00:55:14] [INFO]     ✓ 1페이지, 11개 제품
[2025-08-02 00:55:14] [INFO]   - CPU > 인텔 > 인텔 1세대 파싱 중...
[2025-08-02 00:55:16] [INFO]     ✓ 1페이지, 5개 제품
[2025-08-02 00:55:16] [INFO]   - CPU > 인텔 > 인텔2011소켓 파싱 중...
[2025-08-02 00:55:18] [INFO]     ✓ 1페이지, 12개 제품
[2025-08-02 00:55:18] [INFO]   - CPU > 인텔 > 인텔1366소켓 파싱 중...
[2025-08-02 00:55:20] [INFO]     ✓ 1페이지, 4개 제품
[2025-08-02 00:55:20] [INFO]   - CPU > 인텔 > 인텔775소켓 파싱 중...
[2025-08-02 00:55:22] [INFO]     ✓ 1페이지, 4개 제품
[2025-08-02 00:55:23] [INFO]   - CPU > 인텔 > 인텔 제온 서버 CPU 파싱 중...
[2025-08-02 00:55:24] [INFO]     ✓ 1페이지, 4개 제품
[2025-08-02 00:55:25] [INFO]   - CPU > AMD 건너뜀 (상위 카테고리)
[2025-08-02 00:55:25] [INFO]   - CPU > AMD > AMD 라이젠 6세대 파싱 중...
[2025-08-02 00:55:26] [INFO]     ✓ 1페이지, 0개 제품
[2025-08-02 00:55:27] [INFO]   - CPU > AMD > AMD 라이젠 5세대 파싱 중...
[2025-08-02 00:55:28] [INFO]     ✓ 1페이지, 16개 제품
[2025-08-02 00:55:29] [INFO]   - CPU > AMD > AMD 라이젠 4세대 파싱 중...
[2025-08-02 00:55:30] [INFO]     ✓ 1페이지, 12개 제품
[2025-08-02 00:55:31] [INFO]   - CPU > AMD > AMD 라이젠 3세대 파싱 중...
[2025-08-02 00:55:32] [INFO]     ✓ 1페이지, 16개 제품
[2025-08-02 00:55:33] [INFO]   - CPU > AMD > AMD 라이젠 2세대 파싱 중...
[2025-08-02 00:55:35] [INFO]     ✓ 1페이지, 6개 제품
[2025-08-02 00:55:35] [INFO]   - CPU > AMD > AMD 라이젠 1세대 파싱 중...
[2025-08-02 00:55:37] [INFO]     ✓ 1페이지, 13개 제품
[2025-08-02 00:55:37] [INFO]   - CPU > AMD > AMD AM3 / AM3+ 파싱 중...
[2025-08-02 00:55:39] [INFO]     ✓ 1페이지, 9개 제품
[2025-08-02 00:55:39] [INFO] 카테고리 [RAM] 처리 시작
[2025-08-02 00:55:49] [INFO]   - RAM > 전체 건너뜀 (전체 카테고리)
[2025-08-02 00:55:49] [INFO]   - RAM > 데스크탑 메모리 건너뜀 (상위 카테고리)
[2025-08-02 00:55:49] [INFO]   - RAM > 데스크탑 메모리 > DDR5 파싱 중...
[2025-08-02 00:55:50] [INFO]     ✓ 1페이지, 12개 제품
[2025-08-02 00:55:51] [INFO]   - RAM > 데스크탑 메모리 > DDR4 파싱 중...
[2025-08-02 00:55:54] [INFO]     ✓ 2페이지, 21개 제품
[2025-08-02 00:55:54] [INFO]   - RAM > 데스크탑 메모리 > DDR3 파싱 중...
[2025-08-02 00:55:56] [INFO]     ✓ 1페이지, 6개 제품
[2025-08-02 00:55:56] [INFO]   - RAM > 노트북 메모리 건너뜀 (상위 카테고리)
[2025-08-02 00:55:56] [INFO]   - RAM > 노트북 메모리 > DDR5 노트북 파싱 중...
[2025-08-02 00:55:58] [INFO]     ✓ 1페이지, 9개 제품
[2025-08-02 00:55:59] [INFO]   - RAM > 노트북 메모리 > DDR4 노트북 파싱 중...
[2025-08-02 00:56:00] [INFO]     ✓ 1페이지, 10개 제품
[2025-08-02 00:56:01] [INFO]   - RAM > 노트북 메모리 > DDR3 노트북 파싱 중...
[2025-08-02 00:56:02] [INFO]     ✓ 1페이지, 6개 제품
[2025-08-02 00:56:03] [INFO]   - RAM > 서버메모리 건너뜀 (상위 카테고리)
[2025-08-02 00:56:03] [INFO]   - RAM > 서버메모리 > 서버메모리 DDR4 파싱 중...
[2025-08-02 00:56:06] [INFO]     ✓ 2페이지, 16개 제품
[2025-08-02 00:56:06] [INFO]   - RAM > 서버메모리 > 서버메모리 DDR3 파싱 중...
[2025-08-02 00:56:08] [INFO]     ✓ 1페이지, 9개 제품
[2025-08-02 00:56:08] [INFO] 카테고리 [BOARD] 처리 시작
[2025-08-02 00:56:22] [INFO]   - BOARD > 전체 건너뜀 (전체 카테고리)
[2025-08-02 00:56:22] [INFO]   - BOARD > 인텔 건너뜀 (상위 카테고리)
[2025-08-02 00:56:22] [INFO]   - BOARD > 인텔 > 인텔 코어 Ultra 파싱 중...
[2025-08-02 00:56:23] [INFO]     ✓ 1페이지, 0개 제품
[2025-08-02 00:56:24] [INFO]   - BOARD > 인텔 > 인텔 12/13/14세대 파싱 중...
[2025-08-02 00:56:26] [INFO]     ✓ 1페이지, 17개 제품
[2025-08-02 00:56:26] [INFO]   - BOARD > 인텔 > 인텔 10 - 11세대 파싱 중...
[2025-08-02 00:56:28] [INFO]     ✓ 1페이지, 16개 제품
[2025-08-02 00:56:28] [INFO]   - BOARD > 인텔 > 인텔 8 - 9세대 파싱 중...
[2025-08-02 00:56:30] [INFO]     ✓ 1페이지, 12개 제품
[2025-08-02 00:56:30] [INFO]   - BOARD > 인텔 > 인텔 6 - 7세대 파싱 중...
[2025-08-02 00:56:32] [INFO]     ✓ 1페이지, 14개 제품
[2025-08-02 00:56:32] [INFO]   - BOARD > 인텔 > 인텔 4세대 파싱 중...
[2025-08-02 00:56:34] [INFO]     ✓ 1페이지, 12개 제품
[2025-08-02 00:56:34] [INFO]   - BOARD > 인텔 > 인텔 2 - 3세대 파싱 중...
[2025-08-02 00:56:36] [INFO]     ✓ 1페이지, 5개 제품
[2025-08-02 00:56:37] [INFO]   - BOARD > 인텔 > 인텔 1세대 파싱 중...
[2025-08-02 00:56:38] [INFO]     ✓ 1페이지, 2개 제품
[2025-08-02 00:56:39] [INFO]   - BOARD > 인텔 > 인텔 2011소켓 파싱 중...
[2025-08-02 00:56:40] [INFO]     ✓ 1페이지, 4개 제품
[2025-08-02 00:56:41] [INFO]   - BOARD > 인텔 > 인텔 1366소켓 파싱 중...
[2025-08-02 00:56:42] [INFO]     ✓ 1페이지, 1개 제품
[2025-08-02 00:56:43] [INFO]   - BOARD > 인텔 > I/O쉴드 필수 파싱 중...
[2025-08-02 00:56:44] [INFO]     ✓ 1페이지, 0개 제품
[2025-08-02 00:56:45] [INFO]   - BOARD > AMD 건너뜀 (상위 카테고리)
[2025-08-02 00:56:45] [INFO]   - BOARD > AMD > 라이젠 파싱 중...
[2025-08-02 00:56:47] [INFO]     ✓ 1페이지, 16개 제품
[2025-08-02 00:56:47] [INFO]   - BOARD > AMD > FM2 / FM2+ 파싱 중...
[2025-08-02 00:56:49] [INFO]     ✓ 1페이지, 3개 제품
[2025-08-02 00:56:49] [INFO]   - BOARD > AMD > AM3 / AM3+ 파싱 중...
[2025-08-02 00:56:51] [INFO]     ✓ 1페이지, 3개 제품
[2025-08-02 00:56:51] [INFO] 카테고리 [VGA] 처리 시작
[2025-08-02 00:57:08] [INFO]   - VGA > 전체 건너뜀 (전체 카테고리)
[2025-08-02 00:57:08] [INFO]   - VGA > NVIDIA 건너뜀 (상위 카테고리)
[2025-08-02 00:57:08] [INFO]   - VGA > NVIDIA > 지포스 RTX 4000 계열 파싱 중...
[2025-08-02 00:57:10] [INFO]     ✓ 1페이지, 10개 제품
[2025-08-02 00:57:10] [INFO]   - VGA > NVIDIA > 지포스 RTX 3000 계열 파싱 중...
[2025-08-02 00:57:12] [INFO]     ✓ 1페이지, 10개 제품
[2025-08-02 00:57:12] [INFO]   - VGA > NVIDIA > 지포스 RTX 2000 계열 파싱 중...
[2025-08-02 00:57:14] [INFO]     ✓ 1페이지, 7개 제품
[2025-08-02 00:57:14] [INFO]   - VGA > NVIDIA > 지포스 GTX 1600 계열 파싱 중...
[2025-08-02 00:57:16] [INFO]     ✓ 1페이지, 5개 제품
[2025-08-02 00:57:16] [INFO]   - VGA > NVIDIA > 지포스 GTX 1000 계열 파싱 중...
[2025-08-02 00:57:18] [INFO]     ✓ 1페이지, 9개 제품
[2025-08-02 00:57:18] [INFO]   - VGA > NVIDIA > 지포스 GTX 900계열 파싱 중...
[2025-08-02 00:57:20] [INFO]     ✓ 1페이지, 5개 제품
[2025-08-02 00:57:21] [INFO]   - VGA > NVIDIA > 지포스 GTX 700 계열 파싱 중...
[2025-08-02 00:57:22] [INFO]     ✓ 1페이지, 8개 제품
[2025-08-02 00:57:23] [INFO]   - VGA > NVIDIA > 지포스 GTX 600 계열 파싱 중...
[2025-08-02 00:57:24] [INFO]     ✓ 1페이지, 8개 제품
[2025-08-02 00:57:25] [INFO]   - VGA > NVIDIA > 지포스 GTX 500 계열 이하 파싱 중...
[2025-08-02 00:57:26] [INFO]     ✓ 1페이지, 10개 제품
[2025-08-02 00:57:27] [INFO]   - VGA > NVIDIA > 쿨러 교체 매입불가 파싱 중...
[2025-08-02 00:57:29] [INFO]     ✓ 1페이지, 0개 제품
[2025-08-02 00:57:29] [INFO]   - VGA > NVIDIA > 채굴형 그래픽카드 파싱 중...
[2025-08-02 00:57:31] [INFO]     ✓ 1페이지, 0개 제품
[2025-08-02 00:57:31] [INFO]   - VGA > AMD 건너뜀 (상위 카테고리)
[2025-08-02 00:57:31] [INFO]   - VGA > AMD > AMD 라데온 7000계열 파싱 중...
[2025-08-02 00:57:34] [INFO]     ✓ 1페이지, 7개 제품
[2025-08-02 00:57:34] [INFO]   - VGA > AMD > AMD 라데온 6000계열 파싱 중...
[2025-08-02 00:57:36] [INFO]     ✓ 1페이지, 11개 제품
[2025-08-02 00:57:36] [INFO]   - VGA > AMD > AMD 라데온 5000계열 파싱 중...
[2025-08-02 00:57:38] [INFO]     ✓ 1페이지, 8개 제품
[2025-08-02 00:57:38] [INFO]   - VGA > AMD > AMD 라데온 500계열 파싱 중...
[2025-08-02 00:57:40] [INFO]     ✓ 1페이지, 7개 제품
[2025-08-02 00:57:41] [INFO]   - VGA > AMD > AMD 라데온 400계열 파싱 중...
[2025-08-02 00:57:42] [INFO]     ✓ 1페이지, 4개 제품
[2025-08-02 00:57:43] [INFO]   - VGA > AMD > AMD 라데온 300계열 미만 파싱 중...
[2025-08-02 00:57:44] [INFO]     ✓ 1페이지, 12개 제품
[2025-08-02 00:57:45] [INFO]   - VGA > AMD > 쿨러 교체 매입 불가 파싱 중...
[2025-08-02 00:57:46] [INFO]     ✓ 1페이지, 0개 제품
[2025-08-02 00:57:47] [INFO] 카테고리 [SSD] 처리 시작
[2025-08-02 00:57:50] [INFO]   - SSD > 전체 건너뜀 (전체 카테고리)
[2025-08-02 00:57:50] [INFO]   - SSD > SATA3 방식 파싱 중...
[2025-08-02 00:57:52] [INFO]     ✓ 1페이지, 14개 제품
[2025-08-02 00:57:52] [INFO]   - SSD > M.2 NVMe 방식 파싱 중...
[2025-08-02 00:57:54] [INFO]     ✓ 1페이지, 10개 제품
[2025-08-02 00:57:54] [INFO]   - SSD > mSATA 방식 파싱 중...
[2025-08-02 00:57:56] [INFO]     ✓ 1페이지, 4개 제품
[2025-08-02 00:57:56] [INFO] 카테고리 [HDD] 처리 시작
[2025-08-02 00:57:58] [INFO]   - HDD > 전체 건너뜀 (전체 카테고리)
[2025-08-02 00:57:58] [INFO]   - HDD > 하드디스크 파싱 중...
[2025-08-02 00:58:01] [INFO]     ✓ 2페이지, 18개 제품
[2025-08-02 00:58:01] [INFO] 카테고리 [POWER] 처리 시작
[2025-08-02 00:58:03] [INFO]   - POWER > 전체 건너뜀 (전체 카테고리)
[2025-08-02 00:58:03] [INFO]   - POWER > 파워서플라이 파싱 중...
[2025-08-02 00:58:05] [INFO]     ✓ 1페이지, 4개 제품
[2025-08-02 00:58:05] [INFO] 카테고리 [모니터] 처리 시작
[2025-08-02 00:58:07] [INFO]   - 모니터 > 전체 건너뜀 (전체 카테고리)
[2025-08-02 00:58:07] [INFO]   - 모니터 > LED모니터 파싱 중...
[2025-08-02 00:58:08] [INFO]     ✓ 1페이지, 13개 제품
[2025-08-02 00:58:09] [INFO] 수집 완료: 총 658개 고유 제품
[2025-08-02 00:58:09] [INFO] 2단계: JSON 파일 생성
[2025-08-02 00:58:09] [INFO] JSON 파일 생성: nanomemory_products_2025-08-02_005809.json
[2025-08-02 00:58:09] [INFO] 3단계: 데이터베이스 저장
[2025-08-02 00:58:09] [INFO] 데이터베이스 저장 시작 (전체 교체 모드)
[2025-08-02 00:58:09] [INFO] 테이블 확인/생성 완료
[2025-08-02 00:58:09] [ERROR] 오류 발생: SQLSTATE[42000]: Syntax error or access violation: 1701 Cannot truncate a table referenced in a foreign key constraint (`purchase`.`purchase_prices`, CONSTRAINT `fk_nm_product` FOREIGN KEY (`nm_product_id`) REFERENCES `purchase`.`nm_products` (`id`))
[2025-08-02 01:05:06] [INFO] ========================================
[2025-08-02 01:05:06] [INFO] 크론잡 시작: 2025-08-02 01:05:06
[2025-08-02 01:05:07] [INFO] 1단계: 제품 데이터 수집 시작
[2025-08-02 01:05:07] [INFO] 카테고리 [CPU] 처리 시작
[2025-08-02 01:05:29] [INFO]   - CPU > 전체 건너뜀 (전체 카테고리)
[2025-08-02 01:05:29] [INFO]   - CPU > 인텔 건너뜀 (상위 카테고리)
[2025-08-02 01:05:29] [INFO]   - CPU > 인텔 > 인텔 코어 Ultra 파싱 중...
[2025-08-02 01:05:31] [INFO]     ✓ 1페이지, 1개 제품
[2025-08-02 01:05:31] [INFO]   - CPU > 인텔 > 인텔 14세대 파싱 중...
[2025-08-02 01:05:33] [INFO]     ✓ 1페이지, 15개 제품
[2025-08-02 01:05:33] [INFO]   - CPU > 인텔 > 인텔 13세대 파싱 중...
[2025-08-02 01:05:35] [INFO]     ✓ 1페이지, 16개 제품
[2025-08-02 01:05:36] [INFO]   - CPU > 인텔 > 인텔 12세대 파싱 중...
[2025-08-02 01:05:37] [INFO]     ✓ 1페이지, 19개 제품
[2025-08-02 01:05:38] [INFO]   - CPU > 인텔 > 인텔 11세대 파싱 중...
[2025-08-02 01:05:39] [INFO]     ✓ 1페이지, 16개 제품
[2025-08-02 01:05:40] [INFO]   - CPU > 인텔 > 인텔 10세대 파싱 중...
[2025-08-02 01:05:43] [INFO]     ✓ 2페이지, 20개 제품
[2025-08-02 01:05:43] [INFO]   - CPU > 인텔 > 인텔 9세대 파싱 중...
[2025-08-02 01:05:45] [INFO]     ✓ 1페이지, 19개 제품
[2025-08-02 01:05:45] [INFO]   - CPU > 인텔 > 인텔 8세대 파싱 중...
[2025-08-02 01:05:47] [INFO]     ✓ 1페이지, 10개 제품
[2025-08-02 01:05:47] [INFO]   - CPU > 인텔 > 인텔 7세대 파싱 중...
[2025-08-02 01:05:49] [INFO]     ✓ 1페이지, 14개 제품
[2025-08-02 01:05:49] [INFO]   - CPU > 인텔 > 인텔 6세대 파싱 중...
[2025-08-02 01:05:51] [INFO]     ✓ 1페이지, 13개 제품
[2025-08-02 01:05:52] [INFO]   - CPU > 인텔 > 인텔 4세대 파싱 중...
[2025-08-02 01:05:53] [INFO]     ✓ 1페이지, 14개 제품
[2025-08-02 01:05:54] [INFO]   - CPU > 인텔 > 인텔 3세대 파싱 중...
[2025-08-02 01:05:55] [INFO]     ✓ 1페이지, 11개 제품
[2025-08-02 01:05:56] [INFO]   - CPU > 인텔 > 인텔 2세대 파싱 중...
[2025-08-02 01:05:57] [INFO]     ✓ 1페이지, 11개 제품
[2025-08-02 01:05:58] [INFO]   - CPU > 인텔 > 인텔 1세대 파싱 중...
[2025-08-02 01:05:59] [INFO]     ✓ 1페이지, 5개 제품
[2025-08-02 01:06:00] [INFO]   - CPU > 인텔 > 인텔2011소켓 파싱 중...
[2025-08-02 01:06:02] [INFO]     ✓ 1페이지, 12개 제품
[2025-08-02 01:06:02] [INFO]   - CPU > 인텔 > 인텔1366소켓 파싱 중...
[2025-08-02 01:06:04] [INFO]     ✓ 1페이지, 4개 제품
[2025-08-02 01:06:04] [INFO]   - CPU > 인텔 > 인텔775소켓 파싱 중...
[2025-08-02 01:06:06] [INFO]     ✓ 1페이지, 4개 제품
[2025-08-02 01:06:06] [INFO]   - CPU > 인텔 > 인텔 제온 서버 CPU 파싱 중...
[2025-08-02 01:06:08] [INFO]     ✓ 1페이지, 4개 제품
[2025-08-02 01:06:08] [INFO]   - CPU > AMD 건너뜀 (상위 카테고리)
[2025-08-02 01:06:08] [INFO]   - CPU > AMD > AMD 라이젠 6세대 파싱 중...
[2025-08-02 01:06:10] [INFO]     ✓ 1페이지, 0개 제품
[2025-08-02 01:06:11] [INFO]   - CPU > AMD > AMD 라이젠 5세대 파싱 중...
[2025-08-02 01:06:12] [INFO]     ✓ 1페이지, 16개 제품
[2025-08-02 01:06:13] [INFO]   - CPU > AMD > AMD 라이젠 4세대 파싱 중...
[2025-08-02 01:06:14] [INFO]     ✓ 1페이지, 12개 제품
[2025-08-02 01:06:15] [INFO]   - CPU > AMD > AMD 라이젠 3세대 파싱 중...
[2025-08-02 01:06:16] [INFO]     ✓ 1페이지, 16개 제품
[2025-08-02 01:06:17] [INFO]   - CPU > AMD > AMD 라이젠 2세대 파싱 중...
[2025-08-02 01:06:18] [INFO]     ✓ 1페이지, 6개 제품
[2025-08-02 01:06:19] [INFO]   - CPU > AMD > AMD 라이젠 1세대 파싱 중...
[2025-08-02 01:06:21] [INFO]     ✓ 1페이지, 13개 제품
[2025-08-02 01:06:21] [INFO]   - CPU > AMD > AMD AM3 / AM3+ 파싱 중...
[2025-08-02 01:06:23] [INFO]     ✓ 1페이지, 9개 제품
[2025-08-02 01:06:23] [INFO] 카테고리 [RAM] 처리 시작
[2025-08-02 01:06:33] [INFO]   - RAM > 전체 건너뜀 (전체 카테고리)
[2025-08-02 01:06:33] [INFO]   - RAM > 데스크탑 메모리 건너뜀 (상위 카테고리)
[2025-08-02 01:06:33] [INFO]   - RAM > 데스크탑 메모리 > DDR5 파싱 중...
[2025-08-02 01:06:34] [INFO]     ✓ 1페이지, 12개 제품
[2025-08-02 01:06:35] [INFO]   - RAM > 데스크탑 메모리 > DDR4 파싱 중...
[2025-08-02 01:06:38] [INFO]     ✓ 2페이지, 21개 제품
[2025-08-02 01:06:38] [INFO]   - RAM > 데스크탑 메모리 > DDR3 파싱 중...
[2025-08-02 01:06:40] [INFO]     ✓ 1페이지, 6개 제품
[2025-08-02 01:06:40] [INFO]   - RAM > 노트북 메모리 건너뜀 (상위 카테고리)
[2025-08-02 01:06:40] [INFO]   - RAM > 노트북 메모리 > DDR5 노트북 파싱 중...
[2025-08-02 01:06:42] [INFO]     ✓ 1페이지, 9개 제품
[2025-08-02 01:06:42] [INFO]   - RAM > 노트북 메모리 > DDR4 노트북 파싱 중...
[2025-08-02 01:06:44] [INFO]     ✓ 1페이지, 10개 제품
[2025-08-02 01:06:45] [INFO]   - RAM > 노트북 메모리 > DDR3 노트북 파싱 중...
[2025-08-02 01:06:46] [INFO]     ✓ 1페이지, 6개 제품
[2025-08-02 01:06:47] [INFO]   - RAM > 서버메모리 건너뜀 (상위 카테고리)
[2025-08-02 01:06:47] [INFO]   - RAM > 서버메모리 > 서버메모리 DDR4 파싱 중...
[2025-08-02 01:06:50] [INFO]     ✓ 2페이지, 16개 제품
[2025-08-02 01:06:50] [INFO]   - RAM > 서버메모리 > 서버메모리 DDR3 파싱 중...
[2025-08-02 01:06:52] [INFO]     ✓ 1페이지, 9개 제품
[2025-08-02 01:06:52] [INFO] 카테고리 [BOARD] 처리 시작
[2025-08-02 01:07:06] [INFO]   - BOARD > 전체 건너뜀 (전체 카테고리)
[2025-08-02 01:07:06] [INFO]   - BOARD > 인텔 건너뜀 (상위 카테고리)
[2025-08-02 01:07:06] [INFO]   - BOARD > 인텔 > 인텔 코어 Ultra 파싱 중...
[2025-08-02 01:07:08] [INFO]     ✓ 1페이지, 0개 제품
[2025-08-02 01:07:08] [INFO]   - BOARD > 인텔 > 인텔 12/13/14세대 파싱 중...
[2025-08-02 01:07:10] [INFO]     ✓ 1페이지, 17개 제품
[2025-08-02 01:07:10] [INFO]   - BOARD > 인텔 > 인텔 10 - 11세대 파싱 중...
[2025-08-02 01:07:12] [INFO]     ✓ 1페이지, 16개 제품
[2025-08-02 01:07:12] [INFO]   - BOARD > 인텔 > 인텔 8 - 9세대 파싱 중...
[2025-08-02 01:07:14] [INFO]     ✓ 1페이지, 12개 제품
[2025-08-02 01:07:14] [INFO]   - BOARD > 인텔 > 인텔 6 - 7세대 파싱 중...
[2025-08-02 01:07:16] [INFO]     ✓ 1페이지, 14개 제품
[2025-08-02 01:07:17] [INFO]   - BOARD > 인텔 > 인텔 4세대 파싱 중...
[2025-08-02 01:07:18] [INFO]     ✓ 1페이지, 12개 제품
[2025-08-02 01:07:19] [INFO]   - BOARD > 인텔 > 인텔 2 - 3세대 파싱 중...
[2025-08-02 01:07:20] [INFO]     ✓ 1페이지, 5개 제품
[2025-08-02 01:07:21] [INFO]   - BOARD > 인텔 > 인텔 1세대 파싱 중...
[2025-08-02 01:07:22] [INFO]     ✓ 1페이지, 2개 제품
[2025-08-02 01:07:23] [INFO]   - BOARD > 인텔 > 인텔 2011소켓 파싱 중...
[2025-08-02 01:07:24] [INFO]     ✓ 1페이지, 4개 제품
[2025-08-02 01:07:25] [INFO]   - BOARD > 인텔 > 인텔 1366소켓 파싱 중...
[2025-08-02 01:07:27] [INFO]     ✓ 1페이지, 1개 제품
[2025-08-02 01:07:27] [INFO]   - BOARD > 인텔 > I/O쉴드 필수 파싱 중...
[2025-08-02 01:07:29] [INFO]     ✓ 1페이지, 0개 제품
[2025-08-02 01:07:29] [INFO]   - BOARD > AMD 건너뜀 (상위 카테고리)
[2025-08-02 01:07:29] [INFO]   - BOARD > AMD > 라이젠 파싱 중...
[2025-08-02 01:07:31] [INFO]     ✓ 1페이지, 16개 제품
[2025-08-02 01:07:31] [INFO]   - BOARD > AMD > FM2 / FM2+ 파싱 중...
[2025-08-02 01:07:33] [INFO]     ✓ 1페이지, 3개 제품
[2025-08-02 01:07:33] [INFO]   - BOARD > AMD > AM3 / AM3+ 파싱 중...
[2025-08-02 01:07:35] [INFO]     ✓ 1페이지, 3개 제품
[2025-08-02 01:07:35] [INFO] 카테고리 [VGA] 처리 시작
[2025-08-02 01:07:52] [INFO]   - VGA > 전체 건너뜀 (전체 카테고리)
[2025-08-02 01:07:52] [INFO]   - VGA > NVIDIA 건너뜀 (상위 카테고리)
[2025-08-02 01:07:52] [INFO]   - VGA > NVIDIA > 지포스 RTX 4000 계열 파싱 중...
[2025-08-02 01:07:54] [INFO]     ✓ 1페이지, 10개 제품
[2025-08-02 01:07:54] [INFO]   - VGA > NVIDIA > 지포스 RTX 3000 계열 파싱 중...
[2025-08-02 01:07:56] [INFO]     ✓ 1페이지, 10개 제품
[2025-08-02 01:07:56] [INFO]   - VGA > NVIDIA > 지포스 RTX 2000 계열 파싱 중...
[2025-08-02 01:07:58] [INFO]     ✓ 1페이지, 7개 제품
[2025-08-02 01:07:58] [INFO]   - VGA > NVIDIA > 지포스 GTX 1600 계열 파싱 중...
[2025-08-02 01:08:00] [INFO]     ✓ 1페이지, 5개 제품
[2025-08-02 01:08:00] [INFO]   - VGA > NVIDIA > 지포스 GTX 1000 계열 파싱 중...
[2025-08-02 01:08:02] [INFO]     ✓ 1페이지, 9개 제품
[2025-08-02 01:08:03] [INFO]   - VGA > NVIDIA > 지포스 GTX 900계열 파싱 중...
[2025-08-02 01:08:04] [INFO]     ✓ 1페이지, 5개 제품
[2025-08-02 01:08:05] [INFO]   - VGA > NVIDIA > 지포스 GTX 700 계열 파싱 중...
[2025-08-02 01:08:06] [INFO]     ✓ 1페이지, 8개 제품
[2025-08-02 01:08:07] [INFO]   - VGA > NVIDIA > 지포스 GTX 600 계열 파싱 중...
[2025-08-02 01:08:08] [INFO]     ✓ 1페이지, 8개 제품
[2025-08-02 01:08:09] [INFO]   - VGA > NVIDIA > 지포스 GTX 500 계열 이하 파싱 중...
[2025-08-02 01:08:10] [INFO]     ✓ 1페이지, 10개 제품
[2025-08-02 01:08:11] [INFO]   - VGA > NVIDIA > 쿨러 교체 매입불가 파싱 중...
[2025-08-02 01:08:13] [INFO]     ✓ 1페이지, 0개 제품
[2025-08-02 01:08:13] [INFO]   - VGA > NVIDIA > 채굴형 그래픽카드 파싱 중...
[2025-08-02 01:08:15] [INFO]     ✓ 1페이지, 0개 제품
[2025-08-02 01:08:15] [INFO]   - VGA > AMD 건너뜀 (상위 카테고리)
[2025-08-02 01:08:15] [INFO]   - VGA > AMD > AMD 라데온 7000계열 파싱 중...
[2025-08-02 01:08:17] [INFO]     ✓ 1페이지, 7개 제품
[2025-08-02 01:08:17] [INFO]   - VGA > AMD > AMD 라데온 6000계열 파싱 중...
[2025-08-02 01:08:19] [INFO]     ✓ 1페이지, 11개 제품
[2025-08-02 01:08:19] [INFO]   - VGA > AMD > AMD 라데온 5000계열 파싱 중...
[2025-08-02 01:08:21] [INFO]     ✓ 1페이지, 8개 제품
[2025-08-02 01:08:21] [INFO]   - VGA > AMD > AMD 라데온 500계열 파싱 중...
[2025-08-02 01:08:23] [INFO]     ✓ 1페이지, 7개 제품
[2025-08-02 01:08:24] [INFO]   - VGA > AMD > AMD 라데온 400계열 파싱 중...
[2025-08-02 01:08:25] [INFO]     ✓ 1페이지, 4개 제품
[2025-08-02 01:08:26] [INFO]   - VGA > AMD > AMD 라데온 300계열 미만 파싱 중...
[2025-08-02 01:08:27] [INFO]     ✓ 1페이지, 12개 제품
[2025-08-02 01:08:28] [INFO]   - VGA > AMD > 쿨러 교체 매입 불가 파싱 중...
[2025-08-02 01:08:29] [INFO]     ✓ 1페이지, 0개 제품
[2025-08-02 01:08:30] [INFO] 카테고리 [SSD] 처리 시작
[2025-08-02 01:08:33] [INFO]   - SSD > 전체 건너뜀 (전체 카테고리)
[2025-08-02 01:08:33] [INFO]   - SSD > SATA3 방식 파싱 중...
[2025-08-02 01:08:35] [INFO]     ✓ 1페이지, 14개 제품
[2025-08-02 01:08:35] [INFO]   - SSD > M.2 NVMe 방식 파싱 중...
[2025-08-02 01:08:37] [INFO]     ✓ 1페이지, 10개 제품
[2025-08-02 01:08:37] [INFO]   - SSD > mSATA 방식 파싱 중...
[2025-08-02 01:08:39] [INFO]     ✓ 1페이지, 4개 제품
[2025-08-02 01:08:39] [INFO] 카테고리 [HDD] 처리 시작
[2025-08-02 01:08:41] [INFO]   - HDD > 전체 건너뜀 (전체 카테고리)
[2025-08-02 01:08:41] [INFO]   - HDD > 하드디스크 파싱 중...
[2025-08-02 01:08:44] [INFO]     ✓ 2페이지, 18개 제품
[2025-08-02 01:08:44] [INFO] 카테고리 [POWER] 처리 시작
[2025-08-02 01:08:46] [INFO]   - POWER > 전체 건너뜀 (전체 카테고리)
[2025-08-02 01:08:46] [INFO]   - POWER > 파워서플라이 파싱 중...
[2025-08-02 01:08:47] [INFO]     ✓ 1페이지, 4개 제품
[2025-08-02 01:08:48] [INFO] 카테고리 [모니터] 처리 시작
[2025-08-02 01:08:49] [INFO]   - 모니터 > 전체 건너뜀 (전체 카테고리)
[2025-08-02 01:08:49] [INFO]   - 모니터 > LED모니터 파싱 중...
[2025-08-02 01:08:51] [INFO]     ✓ 1페이지, 13개 제품
[2025-08-02 01:08:52] [INFO] 수집 완료: 총 658개 고유 제품
[2025-08-02 01:08:52] [INFO] 2단계: JSON 파일 생성
[2025-08-02 01:08:52] [INFO] JSON 파일 생성: nanomemory_products_2025-08-02_010852.json
[2025-08-02 01:08:52] [INFO] 3단계: 데이터베이스 저장
[2025-08-02 01:08:52] [INFO] 데이터베이스 저장 시작 (전체 교체 모드)
[2025-08-02 01:08:52] [INFO] 테이블 확인/생성 완료
[2025-08-02 01:08:52] [ERROR] 오류 발생: SQLSTATE[42000]: Syntax error or access violation: 1701 Cannot truncate a table referenced in a foreign key constraint (`purchase`.`purchase_prices`, CONSTRAINT `fk_nm_product` FOREIGN KEY (`nm_product_id`) REFERENCES `purchase`.`nm_products` (`id`))
[2025-08-02 01:11:56] [INFO] ========================================
[2025-08-02 01:11:56] [INFO] 크론잡 시작: 2025-08-02 01:11:56
[2025-08-02 01:11:58] [INFO] 1단계: 제품 데이터 수집 시작
[2025-08-02 01:11:58] [INFO] 카테고리 [CPU] 처리 시작
[2025-08-02 01:12:21] [INFO]   - CPU > 전체 건너뜀 (전체 카테고리)
[2025-08-02 01:12:21] [INFO]   - CPU > 인텔 건너뜀 (상위 카테고리)
[2025-08-02 01:12:21] [INFO]   - CPU > 인텔 > 인텔 코어 Ultra 파싱 중...
[2025-08-02 01:12:22] [INFO]     ✓ 1페이지, 1개 제품
[2025-08-02 01:12:23] [INFO]   - CPU > 인텔 > 인텔 14세대 파싱 중...
[2025-08-02 01:12:24] [INFO]     ✓ 1페이지, 15개 제품
[2025-08-02 01:12:25] [INFO]   - CPU > 인텔 > 인텔 13세대 파싱 중...
[2025-08-02 01:12:26] [INFO]     ✓ 1페이지, 16개 제품
[2025-08-02 01:12:27] [INFO]   - CPU > 인텔 > 인텔 12세대 파싱 중...
[2025-08-02 01:12:29] [INFO]     ✓ 1페이지, 19개 제품
[2025-08-02 01:12:29] [INFO]   - CPU > 인텔 > 인텔 11세대 파싱 중...
[2025-08-02 01:12:31] [INFO]     ✓ 1페이지, 16개 제품
[2025-08-02 01:12:31] [INFO]   - CPU > 인텔 > 인텔 10세대 파싱 중...
[2025-08-02 01:12:34] [INFO]     ✓ 2페이지, 20개 제품
[2025-08-02 01:12:35] [INFO]   - CPU > 인텔 > 인텔 9세대 파싱 중...
[2025-08-02 01:12:36] [INFO]     ✓ 1페이지, 19개 제품
[2025-08-02 01:12:37] [INFO]   - CPU > 인텔 > 인텔 8세대 파싱 중...
[2025-08-02 01:12:38] [INFO]     ✓ 1페이지, 10개 제품
[2025-08-02 01:12:39] [INFO]   - CPU > 인텔 > 인텔 7세대 파싱 중...
[2025-08-02 01:12:41] [INFO]     ✓ 1페이지, 14개 제품
[2025-08-02 01:12:41] [INFO]   - CPU > 인텔 > 인텔 6세대 파싱 중...
[2025-08-02 01:12:43] [INFO]     ✓ 1페이지, 13개 제품
[2025-08-02 01:12:43] [INFO]   - CPU > 인텔 > 인텔 4세대 파싱 중...
[2025-08-02 01:12:45] [INFO]     ✓ 1페이지, 14개 제품
[2025-08-02 01:12:45] [INFO]   - CPU > 인텔 > 인텔 3세대 파싱 중...
[2025-08-02 01:12:47] [INFO]     ✓ 1페이지, 11개 제품
[2025-08-02 01:12:47] [INFO]   - CPU > 인텔 > 인텔 2세대 파싱 중...
[2025-08-02 01:12:49] [INFO]     ✓ 1페이지, 11개 제품
[2025-08-02 01:12:49] [INFO]   - CPU > 인텔 > 인텔 1세대 파싱 중...
[2025-08-02 01:12:51] [INFO]     ✓ 1페이지, 5개 제품
[2025-08-02 01:12:52] [INFO]   - CPU > 인텔 > 인텔2011소켓 파싱 중...
[2025-08-02 01:12:53] [INFO]     ✓ 1페이지, 12개 제품
[2025-08-02 01:12:54] [INFO]   - CPU > 인텔 > 인텔1366소켓 파싱 중...
[2025-08-02 01:12:55] [INFO]     ✓ 1페이지, 4개 제품
[2025-08-02 01:12:56] [INFO]   - CPU > 인텔 > 인텔775소켓 파싱 중...
[2025-08-02 01:12:57] [INFO]     ✓ 1페이지, 4개 제품
[2025-08-02 01:12:58] [INFO]   - CPU > 인텔 > 인텔 제온 서버 CPU 파싱 중...
[2025-08-02 01:12:59] [INFO]     ✓ 1페이지, 4개 제품
[2025-08-02 01:13:00] [INFO]   - CPU > AMD 건너뜀 (상위 카테고리)
[2025-08-02 01:13:00] [INFO]   - CPU > AMD > AMD 라이젠 6세대 파싱 중...
[2025-08-02 01:13:02] [INFO]     ✓ 1페이지, 0개 제품
[2025-08-02 01:13:02] [INFO]   - CPU > AMD > AMD 라이젠 5세대 파싱 중...
[2025-08-02 01:13:04] [INFO]     ✓ 1페이지, 16개 제품
[2025-08-02 01:13:04] [INFO]   - CPU > AMD > AMD 라이젠 4세대 파싱 중...
[2025-08-02 01:13:06] [INFO]     ✓ 1페이지, 12개 제품
[2025-08-02 01:13:06] [INFO]   - CPU > AMD > AMD 라이젠 3세대 파싱 중...
[2025-08-02 01:13:08] [INFO]     ✓ 1페이지, 16개 제품
[2025-08-02 01:13:08] [INFO]   - CPU > AMD > AMD 라이젠 2세대 파싱 중...
[2025-08-02 01:13:10] [INFO]     ✓ 1페이지, 6개 제품
[2025-08-02 01:13:11] [INFO]   - CPU > AMD > AMD 라이젠 1세대 파싱 중...
[2025-08-02 01:13:12] [INFO]     ✓ 1페이지, 13개 제품
[2025-08-02 01:13:13] [INFO]   - CPU > AMD > AMD AM3 / AM3+ 파싱 중...
[2025-08-02 01:13:14] [INFO]     ✓ 1페이지, 9개 제품
[2025-08-02 01:13:15] [INFO] 카테고리 [RAM] 처리 시작
[2025-08-02 01:13:24] [INFO]   - RAM > 전체 건너뜀 (전체 카테고리)
[2025-08-02 01:13:24] [INFO]   - RAM > 데스크탑 메모리 건너뜀 (상위 카테고리)
[2025-08-02 01:13:24] [INFO]   - RAM > 데스크탑 메모리 > DDR5 파싱 중...
[2025-08-02 01:13:26] [INFO]     ✓ 1페이지, 12개 제품
[2025-08-02 01:13:26] [INFO]   - RAM > 데스크탑 메모리 > DDR4 파싱 중...
[2025-08-02 01:13:29] [INFO]     ✓ 2페이지, 21개 제품
[2025-08-02 01:13:30] [INFO]   - RAM > 데스크탑 메모리 > DDR3 파싱 중...
[2025-08-02 01:13:31] [INFO]     ✓ 1페이지, 6개 제품
[2025-08-02 01:13:32] [INFO]   - RAM > 노트북 메모리 건너뜀 (상위 카테고리)
[2025-08-02 01:13:32] [INFO]   - RAM > 노트북 메모리 > DDR5 노트북 파싱 중...
[2025-08-02 01:13:34] [INFO]     ✓ 1페이지, 9개 제품
[2025-08-02 01:13:34] [INFO]   - RAM > 노트북 메모리 > DDR4 노트북 파싱 중...
[2025-08-02 01:13:36] [INFO]     ✓ 1페이지, 10개 제품
[2025-08-02 01:13:36] [INFO]   - RAM > 노트북 메모리 > DDR3 노트북 파싱 중...
[2025-08-02 01:13:38] [INFO]     ✓ 1페이지, 6개 제품
[2025-08-02 01:13:38] [INFO]   - RAM > 서버메모리 건너뜀 (상위 카테고리)
[2025-08-02 01:13:38] [INFO]   - RAM > 서버메모리 > 서버메모리 DDR4 파싱 중...
[2025-08-02 01:13:41] [INFO]     ✓ 2페이지, 16개 제품
[2025-08-02 01:13:42] [INFO]   - RAM > 서버메모리 > 서버메모리 DDR3 파싱 중...
[2025-08-02 01:13:43] [INFO]     ✓ 1페이지, 9개 제품
[2025-08-02 01:13:44] [INFO] 카테고리 [BOARD] 처리 시작
[2025-08-02 01:13:57] [INFO]   - BOARD > 전체 건너뜀 (전체 카테고리)
[2025-08-02 01:13:57] [INFO]   - BOARD > 인텔 건너뜀 (상위 카테고리)
[2025-08-02 01:13:57] [INFO]   - BOARD > 인텔 > 인텔 코어 Ultra 파싱 중...
[2025-08-02 01:13:59] [INFO]     ✓ 1페이지, 0개 제품
[2025-08-02 01:13:59] [INFO]   - BOARD > 인텔 > 인텔 12/13/14세대 파싱 중...
[2025-08-02 01:14:01] [INFO]     ✓ 1페이지, 17개 제품
[2025-08-02 01:14:01] [INFO]   - BOARD > 인텔 > 인텔 10 - 11세대 파싱 중...
[2025-08-02 01:14:03] [INFO]     ✓ 1페이지, 16개 제품
[2025-08-02 01:14:04] [INFO]   - BOARD > 인텔 > 인텔 8 - 9세대 파싱 중...
[2025-08-02 01:14:05] [INFO]     ✓ 1페이지, 12개 제품
[2025-08-02 01:14:06] [INFO]   - BOARD > 인텔 > 인텔 6 - 7세대 파싱 중...
[2025-08-02 01:14:07] [INFO]     ✓ 1페이지, 14개 제품
[2025-08-02 01:14:08] [INFO]   - BOARD > 인텔 > 인텔 4세대 파싱 중...
[2025-08-02 01:14:09] [INFO]     ✓ 1페이지, 12개 제품
[2025-08-02 01:14:10] [INFO]   - BOARD > 인텔 > 인텔 2 - 3세대 파싱 중...
[2025-08-02 01:14:12] [INFO]     ✓ 1페이지, 5개 제품
[2025-08-02 01:14:12] [INFO]   - BOARD > 인텔 > 인텔 1세대 파싱 중...
[2025-08-02 01:14:14] [INFO]     ✓ 1페이지, 2개 제품
[2025-08-02 01:14:14] [INFO]   - BOARD > 인텔 > 인텔 2011소켓 파싱 중...
[2025-08-02 01:14:16] [INFO]     ✓ 1페이지, 4개 제품
[2025-08-02 01:14:16] [INFO]   - BOARD > 인텔 > 인텔 1366소켓 파싱 중...
[2025-08-02 01:14:18] [INFO]     ✓ 1페이지, 1개 제품
[2025-08-02 01:14:18] [INFO]   - BOARD > 인텔 > I/O쉴드 필수 파싱 중...
[2025-08-02 01:14:20] [INFO]     ✓ 1페이지, 0개 제품
[2025-08-02 01:14:20] [INFO]   - BOARD > AMD 건너뜀 (상위 카테고리)
[2025-08-02 01:14:20] [INFO]   - BOARD > AMD > 라이젠 파싱 중...
[2025-08-02 01:14:22] [INFO]     ✓ 1페이지, 16개 제품
[2025-08-02 01:14:22] [INFO]   - BOARD > AMD > FM2 / FM2+ 파싱 중...
[2025-08-02 01:14:24] [INFO]     ✓ 1페이지, 3개 제품
[2025-08-02 01:14:25] [INFO]   - BOARD > AMD > AM3 / AM3+ 파싱 중...
[2025-08-02 01:14:26] [INFO]     ✓ 1페이지, 3개 제품
[2025-08-02 01:14:27] [INFO] 카테고리 [VGA] 처리 시작
[2025-08-02 01:14:43] [INFO]   - VGA > 전체 건너뜀 (전체 카테고리)
[2025-08-02 01:14:43] [INFO]   - VGA > NVIDIA 건너뜀 (상위 카테고리)
[2025-08-02 01:14:43] [INFO]   - VGA > NVIDIA > 지포스 RTX 4000 계열 파싱 중...
[2025-08-02 01:14:45] [INFO]     ✓ 1페이지, 10개 제품
[2025-08-02 01:14:46] [INFO]   - VGA > NVIDIA > 지포스 RTX 3000 계열 파싱 중...
[2025-08-02 01:14:47] [INFO]     ✓ 1페이지, 10개 제품
[2025-08-02 01:14:48] [INFO]   - VGA > NVIDIA > 지포스 RTX 2000 계열 파싱 중...
[2025-08-02 01:14:49] [INFO]     ✓ 1페이지, 7개 제품
[2025-08-02 01:14:50] [INFO]   - VGA > NVIDIA > 지포스 GTX 1600 계열 파싱 중...
[2025-08-02 01:14:51] [INFO]     ✓ 1페이지, 5개 제품
[2025-08-02 01:14:52] [INFO]   - VGA > NVIDIA > 지포스 GTX 1000 계열 파싱 중...
[2025-08-02 01:14:53] [INFO]     ✓ 1페이지, 9개 제품
[2025-08-02 01:14:54] [INFO]   - VGA > NVIDIA > 지포스 GTX 900계열 파싱 중...
[2025-08-02 01:14:55] [INFO]     ✓ 1페이지, 5개 제품
[2025-08-02 01:14:56] [INFO]   - VGA > NVIDIA > 지포스 GTX 700 계열 파싱 중...
[2025-08-02 01:14:58] [INFO]     ✓ 1페이지, 8개 제품
[2025-08-02 01:14:58] [INFO]   - VGA > NVIDIA > 지포스 GTX 600 계열 파싱 중...
[2025-08-02 01:15:00] [INFO]     ✓ 1페이지, 8개 제품
[2025-08-02 01:15:00] [INFO]   - VGA > NVIDIA > 지포스 GTX 500 계열 이하 파싱 중...
[2025-08-02 01:15:02] [INFO]     ✓ 1페이지, 10개 제품
[2025-08-02 01:15:02] [INFO]   - VGA > NVIDIA > 쿨러 교체 매입불가 파싱 중...
[2025-08-02 01:15:04] [INFO]     ✓ 1페이지, 0개 제품
[2025-08-02 01:15:04] [INFO]   - VGA > NVIDIA > 채굴형 그래픽카드 파싱 중...
[2025-08-02 01:15:06] [INFO]     ✓ 1페이지, 0개 제품
[2025-08-02 01:15:07] [INFO]   - VGA > AMD 건너뜀 (상위 카테고리)
[2025-08-02 01:15:07] [INFO]   - VGA > AMD > AMD 라데온 7000계열 파싱 중...
[2025-08-02 01:15:08] [INFO]     ✓ 1페이지, 7개 제품
[2025-08-02 01:15:09] [INFO]   - VGA > AMD > AMD 라데온 6000계열 파싱 중...
[2025-08-02 01:15:10] [INFO]     ✓ 1페이지, 11개 제품
[2025-08-02 01:15:11] [INFO]   - VGA > AMD > AMD 라데온 5000계열 파싱 중...
[2025-08-02 01:15:12] [INFO]     ✓ 1페이지, 8개 제품
[2025-08-02 01:15:13] [INFO]   - VGA > AMD > AMD 라데온 500계열 파싱 중...
[2025-08-02 01:15:14] [INFO]     ✓ 1페이지, 7개 제품
[2025-08-02 01:15:15] [INFO]   - VGA > AMD > AMD 라데온 400계열 파싱 중...
[2025-08-02 01:15:17] [INFO]     ✓ 1페이지, 4개 제품
[2025-08-02 01:15:17] [INFO]   - VGA > AMD > AMD 라데온 300계열 미만 파싱 중...
[2025-08-02 01:15:19] [INFO]     ✓ 1페이지, 12개 제품
[2025-08-02 01:15:19] [INFO]   - VGA > AMD > 쿨러 교체 매입 불가 파싱 중...
[2025-08-02 01:15:21] [INFO]     ✓ 1페이지, 0개 제품
[2025-08-02 01:15:21] [INFO] 카테고리 [SSD] 처리 시작
[2025-08-02 01:15:24] [INFO]   - SSD > 전체 건너뜀 (전체 카테고리)
[2025-08-02 01:15:24] [INFO]   - SSD > SATA3 방식 파싱 중...
[2025-08-02 01:15:26] [INFO]     ✓ 1페이지, 14개 제품
[2025-08-02 01:15:27] [INFO]   - SSD > M.2 NVMe 방식 파싱 중...
[2025-08-02 01:15:28] [INFO]     ✓ 1페이지, 10개 제품
[2025-08-02 01:15:29] [INFO]   - SSD > mSATA 방식 파싱 중...
[2025-08-02 01:15:30] [INFO]     ✓ 1페이지, 4개 제품
[2025-08-02 01:15:31] [INFO] 카테고리 [HDD] 처리 시작
[2025-08-02 01:15:32] [INFO]   - HDD > 전체 건너뜀 (전체 카테고리)
[2025-08-02 01:15:32] [INFO]   - HDD > 하드디스크 파싱 중...
[2025-08-02 01:15:35] [INFO]     ✓ 2페이지, 18개 제품
[2025-08-02 01:15:36] [INFO] 카테고리 [POWER] 처리 시작
[2025-08-02 01:15:37] [INFO]   - POWER > 전체 건너뜀 (전체 카테고리)
[2025-08-02 01:15:37] [INFO]   - POWER > 파워서플라이 파싱 중...
[2025-08-02 01:15:39] [INFO]     ✓ 1페이지, 4개 제품
[2025-08-02 01:15:40] [INFO] 카테고리 [모니터] 처리 시작
[2025-08-02 01:15:41] [INFO]   - 모니터 > 전체 건너뜀 (전체 카테고리)
[2025-08-02 01:15:41] [INFO]   - 모니터 > LED모니터 파싱 중...
[2025-08-02 01:15:43] [INFO]     ✓ 1페이지, 13개 제품
[2025-08-02 01:15:43] [INFO] 수집 완료: 총 658개 고유 제품
[2025-08-02 01:15:43] [INFO] 2단계: JSON 파일 생성
[2025-08-02 01:15:43] [INFO] JSON 파일 생성: nanomemory_products_2025-08-02_011543.json
[2025-08-02 01:15:43] [INFO] 3단계: 데이터베이스 저장
[2025-08-02 01:15:43] [INFO] 데이터베이스 저장 시작 (전체 교체 모드)
[2025-08-02 01:15:43] [INFO] 테이블 확인/생성 완료
[2025-08-02 01:15:43] [INFO] 외래 키 체크 비활성화
[2025-08-02 01:15:43] [INFO] 기존 데이터 삭제 완료
[2025-08-02 01:15:43] [INFO] AUTO_INCREMENT 리셋 완료
[2025-08-02 01:15:43] [INFO]   - 100개 저장 완료
[2025-08-02 01:15:43] [INFO]   - 200개 저장 완료
[2025-08-02 01:15:43] [INFO]   - 300개 저장 완료
[2025-08-02 01:15:43] [INFO]   - 400개 저장 완료
[2025-08-02 01:15:43] [INFO]   - 500개 저장 완료
[2025-08-02 01:15:43] [INFO]   - 600개 저장 완료
[2025-08-02 01:15:43] [INFO]   - 658개 저장 완료
[2025-08-02 01:15:43] [INFO] 외래 키 체크 재활성화
[2025-08-02 01:15:43] [INFO] 데이터베이스 저장 완료: 총 658개 제품
[2025-08-02 01:15:43] [INFO] ========================================
[2025-08-02 01:15:43] [INFO] 크론잡 완료 보고
[2025-08-02 01:15:43] [INFO] 실행 시간: 3분 47초
[2025-08-02 01:15:43] [INFO] 전체 카테고리: 88
[2025-08-02 01:15:43] [INFO] 파싱 성공: 71
[2025-08-02 01:15:43] [INFO] 총 제품 수: 658
[2025-08-02 01:15:43] [INFO] 신규 제품: 658
[2025-08-02 01:15:43] [INFO] 중복 제거: 0
[2025-08-02 01:15:43] [INFO] 오류 발생: 0
[2025-08-02 01:15:43] [INFO] ========================================
[2025-08-02 03:00:01] [INFO] ========================================
[2025-08-02 03:00:01] [INFO] 크론잡 시작: 2025-08-02 03:00:01
[2025-08-02 03:00:02] [INFO] 1단계: 제품 데이터 수집 시작
[2025-08-02 03:00:02] [INFO] 카테고리 [CPU] 처리 시작
[2025-08-02 03:00:24] [INFO]   - CPU > 전체 건너뜀 (전체 카테고리)
[2025-08-02 03:00:24] [INFO]   - CPU > 인텔 건너뜀 (상위 카테고리)
[2025-08-02 03:00:24] [INFO]   - CPU > 인텔 > 인텔 코어 Ultra 파싱 중...
[2025-08-02 03:00:26] [INFO]     ✓ 1페이지, 1개 제품
[2025-08-02 03:00:27] [INFO]   - CPU > 인텔 > 인텔 14세대 파싱 중...
[2025-08-02 03:00:28] [INFO]     ✓ 1페이지, 15개 제품
[2025-08-02 03:00:29] [INFO]   - CPU > 인텔 > 인텔 13세대 파싱 중...
[2025-08-02 03:00:30] [INFO]     ✓ 1페이지, 16개 제품
[2025-08-02 03:00:31] [INFO]   - CPU > 인텔 > 인텔 12세대 파싱 중...
[2025-08-02 03:00:32] [INFO]     ✓ 1페이지, 19개 제품
[2025-08-02 03:00:33] [INFO]   - CPU > 인텔 > 인텔 11세대 파싱 중...
[2025-08-02 03:00:35] [INFO]     ✓ 1페이지, 16개 제품
[2025-08-02 03:00:35] [INFO]   - CPU > 인텔 > 인텔 10세대 파싱 중...
[2025-08-02 03:00:38] [INFO]     ✓ 2페이지, 20개 제품
[2025-08-02 03:00:39] [INFO]   - CPU > 인텔 > 인텔 9세대 파싱 중...
[2025-08-02 03:00:40] [INFO]     ✓ 1페이지, 19개 제품
[2025-08-02 03:00:41] [INFO]   - CPU > 인텔 > 인텔 8세대 파싱 중...
[2025-08-02 03:00:42] [INFO]     ✓ 1페이지, 10개 제품
[2025-08-02 03:00:43] [INFO]   - CPU > 인텔 > 인텔 7세대 파싱 중...
[2025-08-02 03:00:44] [INFO]     ✓ 1페이지, 14개 제품
[2025-08-02 03:00:45] [INFO]   - CPU > 인텔 > 인텔 6세대 파싱 중...
[2025-08-02 03:00:46] [INFO]     ✓ 1페이지, 13개 제품
[2025-08-02 03:00:47] [INFO]   - CPU > 인텔 > 인텔 4세대 파싱 중...
[2025-08-02 03:00:49] [INFO]     ✓ 1페이지, 14개 제품
[2025-08-02 03:00:49] [INFO]   - CPU > 인텔 > 인텔 3세대 파싱 중...
[2025-08-02 03:00:51] [INFO]     ✓ 1페이지, 11개 제품
[2025-08-02 03:00:51] [INFO]   - CPU > 인텔 > 인텔 2세대 파싱 중...
[2025-08-02 03:00:53] [INFO]     ✓ 1페이지, 11개 제품
[2025-08-02 03:00:53] [INFO]   - CPU > 인텔 > 인텔 1세대 파싱 중...
[2025-08-02 03:00:55] [INFO]     ✓ 1페이지, 5개 제품
[2025-08-02 03:00:55] [INFO]   - CPU > 인텔 > 인텔2011소켓 파싱 중...
[2025-08-02 03:00:57] [INFO]     ✓ 1페이지, 12개 제품
[2025-08-02 03:00:58] [INFO]   - CPU > 인텔 > 인텔1366소켓 파싱 중...
[2025-08-02 03:00:59] [INFO]     ✓ 1페이지, 4개 제품
[2025-08-02 03:01:00] [INFO]   - CPU > 인텔 > 인텔775소켓 파싱 중...
[2025-08-02 03:01:01] [INFO]     ✓ 1페이지, 4개 제품
[2025-08-02 03:01:02] [INFO]   - CPU > 인텔 > 인텔 제온 서버 CPU 파싱 중...
[2025-08-02 03:01:03] [INFO]     ✓ 1페이지, 4개 제품
[2025-08-02 03:01:04] [INFO]   - CPU > AMD 건너뜀 (상위 카테고리)
[2025-08-02 03:01:04] [INFO]   - CPU > AMD > AMD 라이젠 6세대 파싱 중...
[2025-08-02 03:01:06] [INFO]     ✓ 1페이지, 0개 제품
[2025-08-02 03:01:06] [INFO]   - CPU > AMD > AMD 라이젠 5세대 파싱 중...
[2025-08-02 03:01:08] [INFO]     ✓ 1페이지, 16개 제품
[2025-08-02 03:01:08] [INFO]   - CPU > AMD > AMD 라이젠 4세대 파싱 중...
[2025-08-02 03:01:10] [INFO]     ✓ 1페이지, 12개 제품
[2025-08-02 03:01:10] [INFO]   - CPU > AMD > AMD 라이젠 3세대 파싱 중...
[2025-08-02 03:01:12] [INFO]     ✓ 1페이지, 16개 제품
[2025-08-02 03:01:12] [INFO]   - CPU > AMD > AMD 라이젠 2세대 파싱 중...
[2025-08-02 03:01:14] [INFO]     ✓ 1페이지, 6개 제품
[2025-08-02 03:01:15] [INFO]   - CPU > AMD > AMD 라이젠 1세대 파싱 중...
[2025-08-02 03:01:16] [INFO]     ✓ 1페이지, 13개 제품
[2025-08-02 03:01:17] [INFO]   - CPU > AMD > AMD AM3 / AM3+ 파싱 중...
[2025-08-02 03:01:18] [INFO]     ✓ 1페이지, 9개 제품
[2025-08-02 03:01:19] [INFO] 카테고리 [RAM] 처리 시작
[2025-08-02 03:01:28] [INFO]   - RAM > 전체 건너뜀 (전체 카테고리)
[2025-08-02 03:01:28] [INFO]   - RAM > 데스크탑 메모리 건너뜀 (상위 카테고리)
[2025-08-02 03:01:28] [INFO]   - RAM > 데스크탑 메모리 > DDR5 파싱 중...
[2025-08-02 03:01:30] [INFO]     ✓ 1페이지, 12개 제품
[2025-08-02 03:01:31] [INFO]   - RAM > 데스크탑 메모리 > DDR4 파싱 중...
[2025-08-02 03:01:33] [INFO]     ✓ 2페이지, 21개 제품
[2025-08-02 03:01:34] [INFO]   - RAM > 데스크탑 메모리 > DDR3 파싱 중...
[2025-08-02 03:01:36] [INFO]     ✓ 1페이지, 6개 제품
[2025-08-02 03:01:36] [INFO]   - RAM > 노트북 메모리 건너뜀 (상위 카테고리)
[2025-08-02 03:01:36] [INFO]   - RAM > 노트북 메모리 > DDR5 노트북 파싱 중...
[2025-08-02 03:01:38] [INFO]     ✓ 1페이지, 9개 제품
[2025-08-02 03:01:38] [INFO]   - RAM > 노트북 메모리 > DDR4 노트북 파싱 중...
[2025-08-02 03:01:40] [INFO]     ✓ 1페이지, 10개 제품
[2025-08-02 03:01:40] [INFO]   - RAM > 노트북 메모리 > DDR3 노트북 파싱 중...
[2025-08-02 03:01:42] [INFO]     ✓ 1페이지, 6개 제품
[2025-08-02 03:01:43] [INFO]   - RAM > 서버메모리 건너뜀 (상위 카테고리)
[2025-08-02 03:01:43] [INFO]   - RAM > 서버메모리 > 서버메모리 DDR4 파싱 중...
[2025-08-02 03:01:46] [INFO]     ✓ 2페이지, 16개 제품
[2025-08-02 03:01:46] [INFO]   - RAM > 서버메모리 > 서버메모리 DDR3 파싱 중...
[2025-08-02 03:01:48] [INFO]     ✓ 1페이지, 9개 제품
[2025-08-02 03:01:48] [INFO] 카테고리 [BOARD] 처리 시작
[2025-08-02 03:02:02] [INFO]   - BOARD > 전체 건너뜀 (전체 카테고리)
[2025-08-02 03:02:02] [INFO]   - BOARD > 인텔 건너뜀 (상위 카테고리)
[2025-08-02 03:02:02] [INFO]   - BOARD > 인텔 > 인텔 코어 Ultra 파싱 중...
[2025-08-02 03:02:04] [INFO]     ✓ 1페이지, 0개 제품
[2025-08-02 03:02:04] [INFO]   - BOARD > 인텔 > 인텔 12/13/14세대 파싱 중...
[2025-08-02 03:02:06] [INFO]     ✓ 1페이지, 17개 제품
[2025-08-02 03:02:06] [INFO]   - BOARD > 인텔 > 인텔 10 - 11세대 파싱 중...
[2025-08-02 03:02:08] [INFO]     ✓ 1페이지, 16개 제품
[2025-08-02 03:02:08] [INFO]   - BOARD > 인텔 > 인텔 8 - 9세대 파싱 중...
[2025-08-02 03:02:10] [INFO]     ✓ 1페이지, 12개 제품
[2025-08-02 03:02:11] [INFO]   - BOARD > 인텔 > 인텔 6 - 7세대 파싱 중...
[2025-08-02 03:02:12] [INFO]     ✓ 1페이지, 14개 제품
[2025-08-02 03:02:13] [INFO]   - BOARD > 인텔 > 인텔 4세대 파싱 중...
[2025-08-02 03:02:14] [INFO]     ✓ 1페이지, 12개 제품
[2025-08-02 03:02:15] [INFO]   - BOARD > 인텔 > 인텔 2 - 3세대 파싱 중...
[2025-08-02 03:02:16] [INFO]     ✓ 1페이지, 5개 제품
[2025-08-02 03:02:17] [INFO]   - BOARD > 인텔 > 인텔 1세대 파싱 중...
[2025-08-02 03:02:18] [INFO]     ✓ 1페이지, 2개 제품
[2025-08-02 03:02:19] [INFO]   - BOARD > 인텔 > 인텔 2011소켓 파싱 중...
[2025-08-02 03:02:21] [INFO]     ✓ 1페이지, 4개 제품
[2025-08-02 03:02:21] [INFO]   - BOARD > 인텔 > 인텔 1366소켓 파싱 중...
[2025-08-02 03:02:23] [INFO]     ✓ 1페이지, 1개 제품
[2025-08-02 03:02:23] [INFO]   - BOARD > 인텔 > I/O쉴드 필수 파싱 중...
[2025-08-02 03:02:25] [INFO]     ✓ 1페이지, 0개 제품
[2025-08-02 03:02:25] [INFO]   - BOARD > AMD 건너뜀 (상위 카테고리)
[2025-08-02 03:02:25] [INFO]   - BOARD > AMD > 라이젠 파싱 중...
[2025-08-02 03:02:27] [INFO]     ✓ 1페이지, 16개 제품
[2025-08-02 03:02:27] [INFO]   - BOARD > AMD > FM2 / FM2+ 파싱 중...
[2025-08-02 03:02:29] [INFO]     ✓ 1페이지, 3개 제품
[2025-08-02 03:02:30] [INFO]   - BOARD > AMD > AM3 / AM3+ 파싱 중...
[2025-08-02 03:02:31] [INFO]     ✓ 1페이지, 3개 제품
[2025-08-02 03:02:32] [INFO] 카테고리 [VGA] 처리 시작
[2025-08-02 03:02:49] [INFO]   - VGA > 전체 건너뜀 (전체 카테고리)
[2025-08-02 03:02:49] [INFO]   - VGA > NVIDIA 건너뜀 (상위 카테고리)
[2025-08-02 03:02:49] [INFO]   - VGA > NVIDIA > 지포스 RTX 4000 계열 파싱 중...
[2025-08-02 03:02:50] [INFO]     ✓ 1페이지, 10개 제품
[2025-08-02 03:02:51] [INFO]   - VGA > NVIDIA > 지포스 RTX 3000 계열 파싱 중...
[2025-08-02 03:02:52] [INFO]     ✓ 1페이지, 10개 제품
[2025-08-02 03:02:53] [INFO]   - VGA > NVIDIA > 지포스 RTX 2000 계열 파싱 중...
[2025-08-02 03:02:54] [INFO]     ✓ 1페이지, 7개 제품
[2025-08-02 03:02:55] [INFO]   - VGA > NVIDIA > 지포스 GTX 1600 계열 파싱 중...
[2025-08-02 03:02:57] [INFO]     ✓ 1페이지, 5개 제품
[2025-08-02 03:02:57] [INFO]   - VGA > NVIDIA > 지포스 GTX 1000 계열 파싱 중...
[2025-08-02 03:02:59] [INFO]     ✓ 1페이지, 9개 제품
[2025-08-02 03:02:59] [INFO]   - VGA > NVIDIA > 지포스 GTX 900계열 파싱 중...
[2025-08-02 03:03:01] [INFO]     ✓ 1페이지, 5개 제품
[2025-08-02 03:03:01] [INFO]   - VGA > NVIDIA > 지포스 GTX 700 계열 파싱 중...
[2025-08-02 03:03:03] [INFO]     ✓ 1페이지, 8개 제품
[2025-08-02 03:03:03] [INFO]   - VGA > NVIDIA > 지포스 GTX 600 계열 파싱 중...
[2025-08-02 03:03:05] [INFO]     ✓ 1페이지, 8개 제품
[2025-08-02 03:03:05] [INFO]   - VGA > NVIDIA > 지포스 GTX 500 계열 이하 파싱 중...
[2025-08-02 03:03:07] [INFO]     ✓ 1페이지, 10개 제품
[2025-08-02 03:03:08] [INFO]   - VGA > NVIDIA > 쿨러 교체 매입불가 파싱 중...
[2025-08-02 03:03:09] [INFO]     ✓ 1페이지, 0개 제품
[2025-08-02 03:03:10] [INFO]   - VGA > NVIDIA > 채굴형 그래픽카드 파싱 중...
[2025-08-02 03:03:11] [INFO]     ✓ 1페이지, 0개 제품
[2025-08-02 03:03:12] [INFO]   - VGA > AMD 건너뜀 (상위 카테고리)
[2025-08-02 03:03:12] [INFO]   - VGA > AMD > AMD 라데온 7000계열 파싱 중...
[2025-08-02 03:03:13] [INFO]     ✓ 1페이지, 7개 제품
[2025-08-02 03:03:14] [INFO]   - VGA > AMD > AMD 라데온 6000계열 파싱 중...
[2025-08-02 03:03:15] [INFO]     ✓ 1페이지, 11개 제품
[2025-08-02 03:03:16] [INFO]   - VGA > AMD > AMD 라데온 5000계열 파싱 중...
[2025-08-02 03:03:18] [INFO]     ✓ 1페이지, 8개 제품
[2025-08-02 03:03:18] [INFO]   - VGA > AMD > AMD 라데온 500계열 파싱 중...
[2025-08-02 03:03:20] [INFO]     ✓ 1페이지, 7개 제품
[2025-08-02 03:03:20] [INFO]   - VGA > AMD > AMD 라데온 400계열 파싱 중...
[2025-08-02 03:03:22] [INFO]     ✓ 1페이지, 4개 제품
[2025-08-02 03:03:22] [INFO]   - VGA > AMD > AMD 라데온 300계열 미만 파싱 중...
[2025-08-02 03:03:24] [INFO]     ✓ 1페이지, 12개 제품
[2025-08-02 03:03:24] [INFO]   - VGA > AMD > 쿨러 교체 매입 불가 파싱 중...
[2025-08-02 03:03:26] [INFO]     ✓ 1페이지, 0개 제품
[2025-08-02 03:03:26] [INFO] 카테고리 [SSD] 처리 시작
[2025-08-02 03:03:30] [INFO]   - SSD > 전체 건너뜀 (전체 카테고리)
[2025-08-02 03:03:30] [INFO]   - SSD > SATA3 방식 파싱 중...
[2025-08-02 03:03:31] [INFO]     ✓ 1페이지, 14개 제품
[2025-08-02 03:03:32] [INFO]   - SSD > M.2 NVMe 방식 파싱 중...
[2025-08-02 03:03:33] [INFO]     ✓ 1페이지, 10개 제품
[2025-08-02 03:03:34] [INFO]   - SSD > mSATA 방식 파싱 중...
[2025-08-02 03:03:35] [INFO]     ✓ 1페이지, 4개 제품
[2025-08-02 03:03:36] [INFO] 카테고리 [HDD] 처리 시작
[2025-08-02 03:03:38] [INFO]   - HDD > 전체 건너뜀 (전체 카테고리)
[2025-08-02 03:03:38] [INFO]   - HDD > 하드디스크 파싱 중...
[2025-08-02 03:03:40] [INFO]     ✓ 2페이지, 18개 제품
[2025-08-02 03:03:41] [INFO] 카테고리 [POWER] 처리 시작
[2025-08-02 03:03:43] [INFO]   - POWER > 전체 건너뜀 (전체 카테고리)
[2025-08-02 03:03:43] [INFO]   - POWER > 파워서플라이 파싱 중...
[2025-08-02 03:03:44] [INFO]     ✓ 1페이지, 4개 제품
[2025-08-02 03:03:45] [INFO] 카테고리 [모니터] 처리 시작
[2025-08-02 03:03:46] [INFO]   - 모니터 > 전체 건너뜀 (전체 카테고리)
[2025-08-02 03:03:46] [INFO]   - 모니터 > LED모니터 파싱 중...
[2025-08-02 03:03:48] [INFO]     ✓ 1페이지, 13개 제품
[2025-08-02 03:03:48] [INFO] 수집 완료: 총 658개 고유 제품
[2025-08-02 03:03:48] [INFO] 2단계: JSON 파일 생성
[2025-08-02 03:03:48] [INFO] JSON 파일 생성: nanomemory_products_2025-08-02_030348.json
[2025-08-02 03:03:48] [INFO] 3단계: 데이터베이스 저장
[2025-08-02 03:03:48] [INFO] 데이터베이스 저장 시작 (전체 교체 모드)
[2025-08-02 03:03:48] [INFO] 테이블 확인/생성 완료
[2025-08-02 03:03:48] [INFO] 외래 키 체크 비활성화
[2025-08-02 03:03:48] [INFO] 기존 데이터 삭제 완료
[2025-08-02 03:03:48] [INFO] AUTO_INCREMENT 리셋 완료
[2025-08-02 03:03:48] [INFO]   - 100개 저장 완료
[2025-08-02 03:03:48] [INFO]   - 200개 저장 완료
[2025-08-02 03:03:48] [INFO]   - 300개 저장 완료
[2025-08-02 03:03:48] [INFO]   - 400개 저장 완료
[2025-08-02 03:03:48] [INFO]   - 500개 저장 완료
[2025-08-02 03:03:48] [INFO]   - 600개 저장 완료
[2025-08-02 03:03:48] [INFO]   - 658개 저장 완료
[2025-08-02 03:03:48] [INFO] 외래 키 체크 재활성화
[2025-08-02 03:03:48] [INFO] 데이터베이스 저장 완료: 총 658개 제품
[2025-08-02 03:03:48] [INFO] ========================================
[2025-08-02 03:03:48] [INFO] 크론잡 완료 보고
[2025-08-02 03:03:48] [INFO] 실행 시간: 3분 47초
[2025-08-02 03:03:48] [INFO] 전체 카테고리: 88
[2025-08-02 03:03:48] [INFO] 파싱 성공: 71
[2025-08-02 03:03:48] [INFO] 총 제품 수: 658
[2025-08-02 03:03:48] [INFO] 신규 제품: 658
[2025-08-02 03:03:48] [INFO] 중복 제거: 0
[2025-08-02 03:03:48] [INFO] 오류 발생: 0
[2025-08-02 03:03:48] [INFO] ========================================
