{"success":false,"error":"Invalid action"}[2025-08-02 03:00:01] [INFO] ========================================
[2025-08-02 03:00:01] [INFO] 크론잡 시작: 2025-08-02 03:00:01
[2025-08-02 03:00:02] [INFO] 1단계: 제품 데이터 수집 시작
[2025-08-02 03:00:02] [INFO] 카테고리 [CPU] 처리 시작
[2025-08-02 03:00:24] [INFO]   - CPU > 전체 건너뜀 (전체 카테고리)
[2025-08-02 03:00:24] [INFO]   - CPU > 인텔 건너뜀 (상위 카테고리)
[2025-08-02 03:00:24] [INFO]   - CPU > 인텔 > 인텔 코어 Ultra 파싱 중...
[2025-08-02 03:00:26] [INFO]     ✓ 1페이지, 1개 제품
[2025-08-02 03:00:27] [INFO]   - CPU > 인텔 > 인텔 14세대 파싱 중...
[2025-08-02 03:00:28] [INFO]     ✓ 1페이지, 15개 제품
[2025-08-02 03:00:29] [INFO]   - CPU > 인텔 > 인텔 13세대 파싱 중...
[2025-08-02 03:00:30] [INFO]     ✓ 1페이지, 16개 제품
[2025-08-02 03:00:31] [INFO]   - CPU > 인텔 > 인텔 12세대 파싱 중...
[2025-08-02 03:00:32] [INFO]     ✓ 1페이지, 19개 제품
[2025-08-02 03:00:33] [INFO]   - CPU > 인텔 > 인텔 11세대 파싱 중...
[2025-08-02 03:00:35] [INFO]     ✓ 1페이지, 16개 제품
[2025-08-02 03:00:35] [INFO]   - CPU > 인텔 > 인텔 10세대 파싱 중...
[2025-08-02 03:00:38] [INFO]     ✓ 2페이지, 20개 제품
[2025-08-02 03:00:39] [INFO]   - CPU > 인텔 > 인텔 9세대 파싱 중...
[2025-08-02 03:00:40] [INFO]     ✓ 1페이지, 19개 제품
[2025-08-02 03:00:41] [INFO]   - CPU > 인텔 > 인텔 8세대 파싱 중...
[2025-08-02 03:00:42] [INFO]     ✓ 1페이지, 10개 제품
[2025-08-02 03:00:43] [INFO]   - CPU > 인텔 > 인텔 7세대 파싱 중...
[2025-08-02 03:00:44] [INFO]     ✓ 1페이지, 14개 제품
[2025-08-02 03:00:45] [INFO]   - CPU > 인텔 > 인텔 6세대 파싱 중...
[2025-08-02 03:00:46] [INFO]     ✓ 1페이지, 13개 제품
[2025-08-02 03:00:47] [INFO]   - CPU > 인텔 > 인텔 4세대 파싱 중...
[2025-08-02 03:00:49] [INFO]     ✓ 1페이지, 14개 제품
[2025-08-02 03:00:49] [INFO]   - CPU > 인텔 > 인텔 3세대 파싱 중...
[2025-08-02 03:00:51] [INFO]     ✓ 1페이지, 11개 제품
[2025-08-02 03:00:51] [INFO]   - CPU > 인텔 > 인텔 2세대 파싱 중...
[2025-08-02 03:00:53] [INFO]     ✓ 1페이지, 11개 제품
[2025-08-02 03:00:53] [INFO]   - CPU > 인텔 > 인텔 1세대 파싱 중...
[2025-08-02 03:00:55] [INFO]     ✓ 1페이지, 5개 제품
[2025-08-02 03:00:55] [INFO]   - CPU > 인텔 > 인텔2011소켓 파싱 중...
[2025-08-02 03:00:57] [INFO]     ✓ 1페이지, 12개 제품
[2025-08-02 03:00:58] [INFO]   - CPU > 인텔 > 인텔1366소켓 파싱 중...
[2025-08-02 03:00:59] [INFO]     ✓ 1페이지, 4개 제품
[2025-08-02 03:01:00] [INFO]   - CPU > 인텔 > 인텔775소켓 파싱 중...
[2025-08-02 03:01:01] [INFO]     ✓ 1페이지, 4개 제품
[2025-08-02 03:01:02] [INFO]   - CPU > 인텔 > 인텔 제온 서버 CPU 파싱 중...
[2025-08-02 03:01:03] [INFO]     ✓ 1페이지, 4개 제품
[2025-08-02 03:01:04] [INFO]   - CPU > AMD 건너뜀 (상위 카테고리)
[2025-08-02 03:01:04] [INFO]   - CPU > AMD > AMD 라이젠 6세대 파싱 중...
[2025-08-02 03:01:06] [INFO]     ✓ 1페이지, 0개 제품
[2025-08-02 03:01:06] [INFO]   - CPU > AMD > AMD 라이젠 5세대 파싱 중...
[2025-08-02 03:01:08] [INFO]     ✓ 1페이지, 16개 제품
[2025-08-02 03:01:08] [INFO]   - CPU > AMD > AMD 라이젠 4세대 파싱 중...
[2025-08-02 03:01:10] [INFO]     ✓ 1페이지, 12개 제품
[2025-08-02 03:01:10] [INFO]   - CPU > AMD > AMD 라이젠 3세대 파싱 중...
[2025-08-02 03:01:12] [INFO]     ✓ 1페이지, 16개 제품
[2025-08-02 03:01:12] [INFO]   - CPU > AMD > AMD 라이젠 2세대 파싱 중...
[2025-08-02 03:01:14] [INFO]     ✓ 1페이지, 6개 제품
[2025-08-02 03:01:15] [INFO]   - CPU > AMD > AMD 라이젠 1세대 파싱 중...
[2025-08-02 03:01:16] [INFO]     ✓ 1페이지, 13개 제품
[2025-08-02 03:01:17] [INFO]   - CPU > AMD > AMD AM3 / AM3+ 파싱 중...
[2025-08-02 03:01:18] [INFO]     ✓ 1페이지, 9개 제품
[2025-08-02 03:01:19] [INFO] 카테고리 [RAM] 처리 시작
[2025-08-02 03:01:28] [INFO]   - RAM > 전체 건너뜀 (전체 카테고리)
[2025-08-02 03:01:28] [INFO]   - RAM > 데스크탑 메모리 건너뜀 (상위 카테고리)
[2025-08-02 03:01:28] [INFO]   - RAM > 데스크탑 메모리 > DDR5 파싱 중...
[2025-08-02 03:01:30] [INFO]     ✓ 1페이지, 12개 제품
[2025-08-02 03:01:31] [INFO]   - RAM > 데스크탑 메모리 > DDR4 파싱 중...
[2025-08-02 03:01:33] [INFO]     ✓ 2페이지, 21개 제품
[2025-08-02 03:01:34] [INFO]   - RAM > 데스크탑 메모리 > DDR3 파싱 중...
[2025-08-02 03:01:36] [INFO]     ✓ 1페이지, 6개 제품
[2025-08-02 03:01:36] [INFO]   - RAM > 노트북 메모리 건너뜀 (상위 카테고리)
[2025-08-02 03:01:36] [INFO]   - RAM > 노트북 메모리 > DDR5 노트북 파싱 중...
[2025-08-02 03:01:38] [INFO]     ✓ 1페이지, 9개 제품
[2025-08-02 03:01:38] [INFO]   - RAM > 노트북 메모리 > DDR4 노트북 파싱 중...
[2025-08-02 03:01:40] [INFO]     ✓ 1페이지, 10개 제품
[2025-08-02 03:01:40] [INFO]   - RAM > 노트북 메모리 > DDR3 노트북 파싱 중...
[2025-08-02 03:01:42] [INFO]     ✓ 1페이지, 6개 제품
[2025-08-02 03:01:43] [INFO]   - RAM > 서버메모리 건너뜀 (상위 카테고리)
[2025-08-02 03:01:43] [INFO]   - RAM > 서버메모리 > 서버메모리 DDR4 파싱 중...
[2025-08-02 03:01:46] [INFO]     ✓ 2페이지, 16개 제품
[2025-08-02 03:01:46] [INFO]   - RAM > 서버메모리 > 서버메모리 DDR3 파싱 중...
[2025-08-02 03:01:48] [INFO]     ✓ 1페이지, 9개 제품
[2025-08-02 03:01:48] [INFO] 카테고리 [BOARD] 처리 시작
[2025-08-02 03:02:02] [INFO]   - BOARD > 전체 건너뜀 (전체 카테고리)
[2025-08-02 03:02:02] [INFO]   - BOARD > 인텔 건너뜀 (상위 카테고리)
[2025-08-02 03:02:02] [INFO]   - BOARD > 인텔 > 인텔 코어 Ultra 파싱 중...
[2025-08-02 03:02:04] [INFO]     ✓ 1페이지, 0개 제품
[2025-08-02 03:02:04] [INFO]   - BOARD > 인텔 > 인텔 12/13/14세대 파싱 중...
[2025-08-02 03:02:06] [INFO]     ✓ 1페이지, 17개 제품
[2025-08-02 03:02:06] [INFO]   - BOARD > 인텔 > 인텔 10 - 11세대 파싱 중...
[2025-08-02 03:02:08] [INFO]     ✓ 1페이지, 16개 제품
[2025-08-02 03:02:08] [INFO]   - BOARD > 인텔 > 인텔 8 - 9세대 파싱 중...
[2025-08-02 03:02:10] [INFO]     ✓ 1페이지, 12개 제품
[2025-08-02 03:02:11] [INFO]   - BOARD > 인텔 > 인텔 6 - 7세대 파싱 중...
[2025-08-02 03:02:12] [INFO]     ✓ 1페이지, 14개 제품
[2025-08-02 03:02:13] [INFO]   - BOARD > 인텔 > 인텔 4세대 파싱 중...
[2025-08-02 03:02:14] [INFO]     ✓ 1페이지, 12개 제품
[2025-08-02 03:02:15] [INFO]   - BOARD > 인텔 > 인텔 2 - 3세대 파싱 중...
[2025-08-02 03:02:16] [INFO]     ✓ 1페이지, 5개 제품
[2025-08-02 03:02:17] [INFO]   - BOARD > 인텔 > 인텔 1세대 파싱 중...
[2025-08-02 03:02:18] [INFO]     ✓ 1페이지, 2개 제품
[2025-08-02 03:02:19] [INFO]   - BOARD > 인텔 > 인텔 2011소켓 파싱 중...
[2025-08-02 03:02:21] [INFO]     ✓ 1페이지, 4개 제품
[2025-08-02 03:02:21] [INFO]   - BOARD > 인텔 > 인텔 1366소켓 파싱 중...
[2025-08-02 03:02:23] [INFO]     ✓ 1페이지, 1개 제품
[2025-08-02 03:02:23] [INFO]   - BOARD > 인텔 > I/O쉴드 필수 파싱 중...
[2025-08-02 03:02:25] [INFO]     ✓ 1페이지, 0개 제품
[2025-08-02 03:02:25] [INFO]   - BOARD > AMD 건너뜀 (상위 카테고리)
[2025-08-02 03:02:25] [INFO]   - BOARD > AMD > 라이젠 파싱 중...
[2025-08-02 03:02:27] [INFO]     ✓ 1페이지, 16개 제품
[2025-08-02 03:02:27] [INFO]   - BOARD > AMD > FM2 / FM2+ 파싱 중...
[2025-08-02 03:02:29] [INFO]     ✓ 1페이지, 3개 제품
[2025-08-02 03:02:30] [INFO]   - BOARD > AMD > AM3 / AM3+ 파싱 중...
[2025-08-02 03:02:31] [INFO]     ✓ 1페이지, 3개 제품
[2025-08-02 03:02:32] [INFO] 카테고리 [VGA] 처리 시작
[2025-08-02 03:02:49] [INFO]   - VGA > 전체 건너뜀 (전체 카테고리)
[2025-08-02 03:02:49] [INFO]   - VGA > NVIDIA 건너뜀 (상위 카테고리)
[2025-08-02 03:02:49] [INFO]   - VGA > NVIDIA > 지포스 RTX 4000 계열 파싱 중...
[2025-08-02 03:02:50] [INFO]     ✓ 1페이지, 10개 제품
[2025-08-02 03:02:51] [INFO]   - VGA > NVIDIA > 지포스 RTX 3000 계열 파싱 중...
[2025-08-02 03:02:52] [INFO]     ✓ 1페이지, 10개 제품
[2025-08-02 03:02:53] [INFO]   - VGA > NVIDIA > 지포스 RTX 2000 계열 파싱 중...
[2025-08-02 03:02:54] [INFO]     ✓ 1페이지, 7개 제품
[2025-08-02 03:02:55] [INFO]   - VGA > NVIDIA > 지포스 GTX 1600 계열 파싱 중...
[2025-08-02 03:02:57] [INFO]     ✓ 1페이지, 5개 제품
[2025-08-02 03:02:57] [INFO]   - VGA > NVIDIA > 지포스 GTX 1000 계열 파싱 중...
[2025-08-02 03:02:59] [INFO]     ✓ 1페이지, 9개 제품
[2025-08-02 03:02:59] [INFO]   - VGA > NVIDIA > 지포스 GTX 900계열 파싱 중...
[2025-08-02 03:03:01] [INFO]     ✓ 1페이지, 5개 제품
[2025-08-02 03:03:01] [INFO]   - VGA > NVIDIA > 지포스 GTX 700 계열 파싱 중...
[2025-08-02 03:03:03] [INFO]     ✓ 1페이지, 8개 제품
[2025-08-02 03:03:03] [INFO]   - VGA > NVIDIA > 지포스 GTX 600 계열 파싱 중...
[2025-08-02 03:03:05] [INFO]     ✓ 1페이지, 8개 제품
[2025-08-02 03:03:05] [INFO]   - VGA > NVIDIA > 지포스 GTX 500 계열 이하 파싱 중...
[2025-08-02 03:03:07] [INFO]     ✓ 1페이지, 10개 제품
[2025-08-02 03:03:08] [INFO]   - VGA > NVIDIA > 쿨러 교체 매입불가 파싱 중...
[2025-08-02 03:03:09] [INFO]     ✓ 1페이지, 0개 제품
[2025-08-02 03:03:10] [INFO]   - VGA > NVIDIA > 채굴형 그래픽카드 파싱 중...
[2025-08-02 03:03:11] [INFO]     ✓ 1페이지, 0개 제품
[2025-08-02 03:03:12] [INFO]   - VGA > AMD 건너뜀 (상위 카테고리)
[2025-08-02 03:03:12] [INFO]   - VGA > AMD > AMD 라데온 7000계열 파싱 중...
[2025-08-02 03:03:13] [INFO]     ✓ 1페이지, 7개 제품
[2025-08-02 03:03:14] [INFO]   - VGA > AMD > AMD 라데온 6000계열 파싱 중...
[2025-08-02 03:03:15] [INFO]     ✓ 1페이지, 11개 제품
[2025-08-02 03:03:16] [INFO]   - VGA > AMD > AMD 라데온 5000계열 파싱 중...
[2025-08-02 03:03:18] [INFO]     ✓ 1페이지, 8개 제품
[2025-08-02 03:03:18] [INFO]   - VGA > AMD > AMD 라데온 500계열 파싱 중...
[2025-08-02 03:03:20] [INFO]     ✓ 1페이지, 7개 제품
[2025-08-02 03:03:20] [INFO]   - VGA > AMD > AMD 라데온 400계열 파싱 중...
[2025-08-02 03:03:22] [INFO]     ✓ 1페이지, 4개 제품
[2025-08-02 03:03:22] [INFO]   - VGA > AMD > AMD 라데온 300계열 미만 파싱 중...
[2025-08-02 03:03:24] [INFO]     ✓ 1페이지, 12개 제품
[2025-08-02 03:03:24] [INFO]   - VGA > AMD > 쿨러 교체 매입 불가 파싱 중...
[2025-08-02 03:03:26] [INFO]     ✓ 1페이지, 0개 제품
[2025-08-02 03:03:26] [INFO] 카테고리 [SSD] 처리 시작
[2025-08-02 03:03:30] [INFO]   - SSD > 전체 건너뜀 (전체 카테고리)
[2025-08-02 03:03:30] [INFO]   - SSD > SATA3 방식 파싱 중...
[2025-08-02 03:03:31] [INFO]     ✓ 1페이지, 14개 제품
[2025-08-02 03:03:32] [INFO]   - SSD > M.2 NVMe 방식 파싱 중...
[2025-08-02 03:03:33] [INFO]     ✓ 1페이지, 10개 제품
[2025-08-02 03:03:34] [INFO]   - SSD > mSATA 방식 파싱 중...
[2025-08-02 03:03:35] [INFO]     ✓ 1페이지, 4개 제품
[2025-08-02 03:03:36] [INFO] 카테고리 [HDD] 처리 시작
[2025-08-02 03:03:38] [INFO]   - HDD > 전체 건너뜀 (전체 카테고리)
[2025-08-02 03:03:38] [INFO]   - HDD > 하드디스크 파싱 중...
[2025-08-02 03:03:40] [INFO]     ✓ 2페이지, 18개 제품
[2025-08-02 03:03:41] [INFO] 카테고리 [POWER] 처리 시작
[2025-08-02 03:03:43] [INFO]   - POWER > 전체 건너뜀 (전체 카테고리)
[2025-08-02 03:03:43] [INFO]   - POWER > 파워서플라이 파싱 중...
[2025-08-02 03:03:44] [INFO]     ✓ 1페이지, 4개 제품
[2025-08-02 03:03:45] [INFO] 카테고리 [모니터] 처리 시작
[2025-08-02 03:03:46] [INFO]   - 모니터 > 전체 건너뜀 (전체 카테고리)
[2025-08-02 03:03:46] [INFO]   - 모니터 > LED모니터 파싱 중...
[2025-08-02 03:03:48] [INFO]     ✓ 1페이지, 13개 제품
[2025-08-02 03:03:48] [INFO] 수집 완료: 총 658개 고유 제품
[2025-08-02 03:03:48] [INFO] 2단계: JSON 파일 생성
[2025-08-02 03:03:48] [INFO] JSON 파일 생성: nanomemory_products_2025-08-02_030348.json
[2025-08-02 03:03:48] [INFO] 3단계: 데이터베이스 저장
[2025-08-02 03:03:48] [INFO] 데이터베이스 저장 시작 (전체 교체 모드)
[2025-08-02 03:03:48] [INFO] 테이블 확인/생성 완료
[2025-08-02 03:03:48] [INFO] 외래 키 체크 비활성화
[2025-08-02 03:03:48] [INFO] 기존 데이터 삭제 완료
[2025-08-02 03:03:48] [INFO] AUTO_INCREMENT 리셋 완료
[2025-08-02 03:03:48] [INFO]   - 100개 저장 완료
[2025-08-02 03:03:48] [INFO]   - 200개 저장 완료
[2025-08-02 03:03:48] [INFO]   - 300개 저장 완료
[2025-08-02 03:03:48] [INFO]   - 400개 저장 완료
[2025-08-02 03:03:48] [INFO]   - 500개 저장 완료
[2025-08-02 03:03:48] [INFO]   - 600개 저장 완료
[2025-08-02 03:03:48] [INFO]   - 658개 저장 완료
[2025-08-02 03:03:48] [INFO] 외래 키 체크 재활성화
[2025-08-02 03:03:48] [INFO] 데이터베이스 저장 완료: 총 658개 제품
[2025-08-02 03:03:48] [INFO] ========================================
[2025-08-02 03:03:48] [INFO] 크론잡 완료 보고
[2025-08-02 03:03:48] [INFO] 실행 시간: 3분 47초
[2025-08-02 03:03:48] [INFO] 전체 카테고리: 88
[2025-08-02 03:03:48] [INFO] 파싱 성공: 71
[2025-08-02 03:03:48] [INFO] 총 제품 수: 658
[2025-08-02 03:03:48] [INFO] 신규 제품: 658
[2025-08-02 03:03:48] [INFO] 중복 제거: 0
[2025-08-02 03:03:48] [INFO] 오류 발생: 0
[2025-08-02 03:03:48] [INFO] ========================================

크론잡 실행 완료
{"success":false,"error":"Invalid action"}[2025-08-03 03:00:01] [INFO] ========================================
[2025-08-03 03:00:01] [INFO] 크론잡 시작: 2025-08-03 03:00:01
[2025-08-03 03:00:02] [INFO] 1단계: 제품 데이터 수집 시작
[2025-08-03 03:00:02] [INFO] 카테고리 [CPU] 처리 시작
[2025-08-03 03:00:25] [INFO]   - CPU > 전체 건너뜀 (전체 카테고리)
[2025-08-03 03:00:25] [INFO]   - CPU > 인텔 건너뜀 (상위 카테고리)
[2025-08-03 03:00:25] [INFO]   - CPU > 인텔 > 인텔 코어 Ultra 파싱 중...
[2025-08-03 03:00:27] [INFO]     ✓ 1페이지, 1개 제품
[2025-08-03 03:00:27] [INFO]   - CPU > 인텔 > 인텔 14세대 파싱 중...
[2025-08-03 03:00:29] [INFO]     ✓ 1페이지, 15개 제품
[2025-08-03 03:00:29] [INFO]   - CPU > 인텔 > 인텔 13세대 파싱 중...
[2025-08-03 03:00:31] [INFO]     ✓ 1페이지, 16개 제품
[2025-08-03 03:00:32] [INFO]   - CPU > 인텔 > 인텔 12세대 파싱 중...
[2025-08-03 03:00:33] [INFO]     ✓ 1페이지, 19개 제품
[2025-08-03 03:00:34] [INFO]   - CPU > 인텔 > 인텔 11세대 파싱 중...
[2025-08-03 03:00:35] [INFO]     ✓ 1페이지, 16개 제품
[2025-08-03 03:00:36] [INFO]   - CPU > 인텔 > 인텔 10세대 파싱 중...
[2025-08-03 03:00:39] [INFO]     ✓ 2페이지, 20개 제품
[2025-08-03 03:00:39] [INFO]   - CPU > 인텔 > 인텔 9세대 파싱 중...
[2025-08-03 03:00:41] [INFO]     ✓ 1페이지, 19개 제품
[2025-08-03 03:00:42] [INFO]   - CPU > 인텔 > 인텔 8세대 파싱 중...
[2025-08-03 03:00:43] [INFO]     ✓ 1페이지, 10개 제품
[2025-08-03 03:00:44] [INFO]   - CPU > 인텔 > 인텔 7세대 파싱 중...
[2025-08-03 03:00:45] [INFO]     ✓ 1페이지, 14개 제품
[2025-08-03 03:00:46] [INFO]   - CPU > 인텔 > 인텔 6세대 파싱 중...
[2025-08-03 03:00:48] [INFO]     ✓ 1페이지, 13개 제품
[2025-08-03 03:00:48] [INFO]   - CPU > 인텔 > 인텔 4세대 파싱 중...
[2025-08-03 03:00:50] [INFO]     ✓ 1페이지, 14개 제품
[2025-08-03 03:00:50] [INFO]   - CPU > 인텔 > 인텔 3세대 파싱 중...
[2025-08-03 03:00:52] [INFO]     ✓ 1페이지, 11개 제품
[2025-08-03 03:00:52] [INFO]   - CPU > 인텔 > 인텔 2세대 파싱 중...
[2025-08-03 03:00:54] [INFO]     ✓ 1페이지, 11개 제품
[2025-08-03 03:00:54] [INFO]   - CPU > 인텔 > 인텔 1세대 파싱 중...
[2025-08-03 03:00:56] [INFO]     ✓ 1페이지, 5개 제품
[2025-08-03 03:00:56] [INFO]   - CPU > 인텔 > 인텔2011소켓 파싱 중...
[2025-08-03 03:00:58] [INFO]     ✓ 1페이지, 12개 제품
[2025-08-03 03:00:59] [INFO]   - CPU > 인텔 > 인텔1366소켓 파싱 중...
[2025-08-03 03:01:00] [INFO]     ✓ 1페이지, 4개 제품
[2025-08-03 03:01:01] [INFO]   - CPU > 인텔 > 인텔775소켓 파싱 중...
[2025-08-03 03:01:02] [INFO]     ✓ 1페이지, 4개 제품
[2025-08-03 03:01:03] [INFO]   - CPU > 인텔 > 인텔 제온 서버 CPU 파싱 중...
[2025-08-03 03:01:04] [INFO]     ✓ 1페이지, 4개 제품
[2025-08-03 03:01:05] [INFO]   - CPU > AMD 건너뜀 (상위 카테고리)
[2025-08-03 03:01:05] [INFO]   - CPU > AMD > AMD 라이젠 6세대 파싱 중...
[2025-08-03 03:01:07] [INFO]     ✓ 1페이지, 0개 제품
[2025-08-03 03:01:07] [INFO]   - CPU > AMD > AMD 라이젠 5세대 파싱 중...
[2025-08-03 03:01:09] [INFO]     ✓ 1페이지, 16개 제품
[2025-08-03 03:01:09] [INFO]   - CPU > AMD > AMD 라이젠 4세대 파싱 중...
[2025-08-03 03:01:11] [INFO]     ✓ 1페이지, 12개 제품
[2025-08-03 03:01:11] [INFO]   - CPU > AMD > AMD 라이젠 3세대 파싱 중...
[2025-08-03 03:01:13] [INFO]     ✓ 1페이지, 16개 제품
[2025-08-03 03:01:13] [INFO]   - CPU > AMD > AMD 라이젠 2세대 파싱 중...
[2025-08-03 03:01:15] [INFO]     ✓ 1페이지, 6개 제품
[2025-08-03 03:01:15] [INFO]   - CPU > AMD > AMD 라이젠 1세대 파싱 중...
[2025-08-03 03:01:17] [INFO]     ✓ 1페이지, 13개 제품
[2025-08-03 03:01:18] [INFO]   - CPU > AMD > AMD AM3 / AM3+ 파싱 중...
[2025-08-03 03:01:19] [INFO]     ✓ 1페이지, 9개 제품
[2025-08-03 03:01:20] [INFO] 카테고리 [RAM] 처리 시작
[2025-08-03 03:01:29] [INFO]   - RAM > 전체 건너뜀 (전체 카테고리)
[2025-08-03 03:01:29] [INFO]   - RAM > 데스크탑 메모리 건너뜀 (상위 카테고리)
[2025-08-03 03:01:29] [INFO]   - RAM > 데스크탑 메모리 > DDR5 파싱 중...
[2025-08-03 03:01:31] [INFO]     ✓ 1페이지, 12개 제품
[2025-08-03 03:01:32] [INFO]   - RAM > 데스크탑 메모리 > DDR4 파싱 중...
[2025-08-03 03:01:34] [INFO]     ✓ 2페이지, 21개 제품
[2025-08-03 03:01:35] [INFO]   - RAM > 데스크탑 메모리 > DDR3 파싱 중...
[2025-08-03 03:01:37] [INFO]     ✓ 1페이지, 6개 제품
[2025-08-03 03:01:37] [INFO]   - RAM > 노트북 메모리 건너뜀 (상위 카테고리)
[2025-08-03 03:01:37] [INFO]   - RAM > 노트북 메모리 > DDR5 노트북 파싱 중...
[2025-08-03 03:01:39] [INFO]     ✓ 1페이지, 9개 제품
[2025-08-03 03:01:39] [INFO]   - RAM > 노트북 메모리 > DDR4 노트북 파싱 중...
[2025-08-03 03:01:41] [INFO]     ✓ 1페이지, 10개 제품
[2025-08-03 03:01:41] [INFO]   - RAM > 노트북 메모리 > DDR3 노트북 파싱 중...
[2025-08-03 03:01:43] [INFO]     ✓ 1페이지, 6개 제품
[2025-08-03 03:01:44] [INFO]   - RAM > 서버메모리 건너뜀 (상위 카테고리)
[2025-08-03 03:01:44] [INFO]   - RAM > 서버메모리 > 서버메모리 DDR4 파싱 중...
[2025-08-03 03:01:47] [INFO]     ✓ 2페이지, 16개 제품
[2025-08-03 03:01:47] [INFO]   - RAM > 서버메모리 > 서버메모리 DDR3 파싱 중...
[2025-08-03 03:01:49] [INFO]     ✓ 1페이지, 9개 제품
[2025-08-03 03:01:49] [INFO] 카테고리 [BOARD] 처리 시작
[2025-08-03 03:02:03] [INFO]   - BOARD > 전체 건너뜀 (전체 카테고리)
[2025-08-03 03:02:03] [INFO]   - BOARD > 인텔 건너뜀 (상위 카테고리)
[2025-08-03 03:02:03] [INFO]   - BOARD > 인텔 > 인텔 코어 Ultra 파싱 중...
[2025-08-03 03:02:05] [INFO]     ✓ 1페이지, 0개 제품
[2025-08-03 03:02:05] [INFO]   - BOARD > 인텔 > 인텔 12/13/14세대 파싱 중...
[2025-08-03 03:02:07] [INFO]     ✓ 1페이지, 17개 제품
[2025-08-03 03:02:07] [INFO]   - BOARD > 인텔 > 인텔 10 - 11세대 파싱 중...
[2025-08-03 03:02:09] [INFO]     ✓ 1페이지, 16개 제품
[2025-08-03 03:02:09] [INFO]   - BOARD > 인텔 > 인텔 8 - 9세대 파싱 중...
[2025-08-03 03:02:11] [INFO]     ✓ 1페이지, 12개 제품
[2025-08-03 03:02:12] [INFO]   - BOARD > 인텔 > 인텔 6 - 7세대 파싱 중...
[2025-08-03 03:02:13] [INFO]     ✓ 1페이지, 14개 제품
[2025-08-03 03:02:14] [INFO]   - BOARD > 인텔 > 인텔 4세대 파싱 중...
[2025-08-03 03:02:15] [INFO]     ✓ 1페이지, 12개 제품
[2025-08-03 03:02:16] [INFO]   - BOARD > 인텔 > 인텔 2 - 3세대 파싱 중...
[2025-08-03 03:02:17] [INFO]     ✓ 1페이지, 5개 제품
[2025-08-03 03:02:18] [INFO]   - BOARD > 인텔 > 인텔 1세대 파싱 중...
[2025-08-03 03:02:19] [INFO]     ✓ 1페이지, 2개 제품
[2025-08-03 03:02:20] [INFO]   - BOARD > 인텔 > 인텔 2011소켓 파싱 중...
[2025-08-03 03:02:22] [INFO]     ✓ 1페이지, 4개 제품
[2025-08-03 03:02:22] [INFO]   - BOARD > 인텔 > 인텔 1366소켓 파싱 중...
[2025-08-03 03:02:24] [INFO]     ✓ 1페이지, 1개 제품
[2025-08-03 03:02:24] [INFO]   - BOARD > 인텔 > I/O쉴드 필수 파싱 중...
[2025-08-03 03:02:26] [INFO]     ✓ 1페이지, 0개 제품
[2025-08-03 03:02:26] [INFO]   - BOARD > AMD 건너뜀 (상위 카테고리)
[2025-08-03 03:02:26] [INFO]   - BOARD > AMD > 라이젠 파싱 중...
[2025-08-03 03:02:28] [INFO]     ✓ 1페이지, 16개 제품
[2025-08-03 03:02:29] [INFO]   - BOARD > AMD > FM2 / FM2+ 파싱 중...
[2025-08-03 03:02:30] [INFO]     ✓ 1페이지, 3개 제품
[2025-08-03 03:02:31] [INFO]   - BOARD > AMD > AM3 / AM3+ 파싱 중...
[2025-08-03 03:02:32] [INFO]     ✓ 1페이지, 3개 제품
[2025-08-03 03:02:33] [INFO] 카테고리 [VGA] 처리 시작
[2025-08-03 03:02:50] [INFO]   - VGA > 전체 건너뜀 (전체 카테고리)
[2025-08-03 03:02:50] [INFO]   - VGA > NVIDIA 건너뜀 (상위 카테고리)
[2025-08-03 03:02:50] [INFO]   - VGA > NVIDIA > 지포스 RTX 4000 계열 파싱 중...
[2025-08-03 03:02:51] [INFO]     ✓ 1페이지, 10개 제품
[2025-08-03 03:02:52] [INFO]   - VGA > NVIDIA > 지포스 RTX 3000 계열 파싱 중...
[2025-08-03 03:02:54] [INFO]     ✓ 1페이지, 10개 제품
[2025-08-03 03:02:54] [INFO]   - VGA > NVIDIA > 지포스 RTX 2000 계열 파싱 중...
[2025-08-03 03:02:56] [INFO]     ✓ 1페이지, 7개 제품
[2025-08-03 03:02:56] [INFO]   - VGA > NVIDIA > 지포스 GTX 1600 계열 파싱 중...
[2025-08-03 03:02:58] [INFO]     ✓ 1페이지, 5개 제품
[2025-08-03 03:02:58] [INFO]   - VGA > NVIDIA > 지포스 GTX 1000 계열 파싱 중...
[2025-08-03 03:03:00] [INFO]     ✓ 1페이지, 9개 제품
[2025-08-03 03:03:00] [INFO]   - VGA > NVIDIA > 지포스 GTX 900계열 파싱 중...
[2025-08-03 03:03:02] [INFO]     ✓ 1페이지, 5개 제품
[2025-08-03 03:03:03] [INFO]   - VGA > NVIDIA > 지포스 GTX 700 계열 파싱 중...
[2025-08-03 03:03:04] [INFO]     ✓ 1페이지, 8개 제품
[2025-08-03 03:03:05] [INFO]   - VGA > NVIDIA > 지포스 GTX 600 계열 파싱 중...
[2025-08-03 03:03:06] [INFO]     ✓ 1페이지, 8개 제품
[2025-08-03 03:03:07] [INFO]   - VGA > NVIDIA > 지포스 GTX 500 계열 이하 파싱 중...
[2025-08-03 03:03:08] [INFO]     ✓ 1페이지, 10개 제품
[2025-08-03 03:03:09] [INFO]   - VGA > NVIDIA > 쿨러 교체 매입불가 파싱 중...
[2025-08-03 03:03:10] [INFO]     ✓ 1페이지, 0개 제품
[2025-08-03 03:03:11] [INFO]   - VGA > NVIDIA > 채굴형 그래픽카드 파싱 중...
[2025-08-03 03:03:12] [INFO]     ✓ 1페이지, 0개 제품
[2025-08-03 03:03:13] [INFO]   - VGA > AMD 건너뜀 (상위 카테고리)
[2025-08-03 03:03:13] [INFO]   - VGA > AMD > AMD 라데온 7000계열 파싱 중...
[2025-08-03 03:03:15] [INFO]     ✓ 1페이지, 7개 제품
[2025-08-03 03:03:15] [INFO]   - VGA > AMD > AMD 라데온 6000계열 파싱 중...
[2025-08-03 03:03:17] [INFO]     ✓ 1페이지, 11개 제품
[2025-08-03 03:03:17] [INFO]   - VGA > AMD > AMD 라데온 5000계열 파싱 중...
[2025-08-03 03:03:19] [INFO]     ✓ 1페이지, 8개 제품
[2025-08-03 03:03:19] [INFO]   - VGA > AMD > AMD 라데온 500계열 파싱 중...
[2025-08-03 03:03:21] [INFO]     ✓ 1페이지, 7개 제품
[2025-08-03 03:03:21] [INFO]   - VGA > AMD > AMD 라데온 400계열 파싱 중...
[2025-08-03 03:03:23] [INFO]     ✓ 1페이지, 4개 제품
[2025-08-03 03:03:24] [INFO]   - VGA > AMD > AMD 라데온 300계열 미만 파싱 중...
[2025-08-03 03:03:25] [INFO]     ✓ 1페이지, 12개 제품
[2025-08-03 03:03:26] [INFO]   - VGA > AMD > 쿨러 교체 매입 불가 파싱 중...
[2025-08-03 03:03:27] [INFO]     ✓ 1페이지, 0개 제품
[2025-08-03 03:03:28] [INFO] 카테고리 [SSD] 처리 시작
[2025-08-03 03:03:31] [INFO]   - SSD > 전체 건너뜀 (전체 카테고리)
[2025-08-03 03:03:31] [INFO]   - SSD > SATA3 방식 파싱 중...
[2025-08-03 03:03:32] [INFO]     ✓ 1페이지, 14개 제품
[2025-08-03 03:03:33] [INFO]   - SSD > M.2 NVMe 방식 파싱 중...
[2025-08-03 03:03:35] [INFO]     ✓ 1페이지, 10개 제품
[2025-08-03 03:03:35] [INFO]   - SSD > mSATA 방식 파싱 중...
[2025-08-03 03:03:37] [INFO]     ✓ 1페이지, 4개 제품
[2025-08-03 03:03:37] [INFO] 카테고리 [HDD] 처리 시작
[2025-08-03 03:03:39] [INFO]   - HDD > 전체 건너뜀 (전체 카테고리)
[2025-08-03 03:03:39] [INFO]   - HDD > 하드디스크 파싱 중...
[2025-08-03 03:03:42] [INFO]     ✓ 2페이지, 18개 제품
[2025-08-03 03:03:42] [INFO] 카테고리 [POWER] 처리 시작
[2025-08-03 03:03:44] [INFO]   - POWER > 전체 건너뜀 (전체 카테고리)
[2025-08-03 03:03:44] [INFO]   - POWER > 파워서플라이 파싱 중...
[2025-08-03 03:03:45] [INFO]     ✓ 1페이지, 4개 제품
[2025-08-03 03:03:46] [INFO] 카테고리 [모니터] 처리 시작
[2025-08-03 03:03:47] [INFO]   - 모니터 > 전체 건너뜀 (전체 카테고리)
[2025-08-03 03:03:47] [INFO]   - 모니터 > LED모니터 파싱 중...
[2025-08-03 03:03:49] [INFO]     ✓ 1페이지, 13개 제품
[2025-08-03 03:03:50] [INFO] 수집 완료: 총 658개 고유 제품
[2025-08-03 03:03:50] [INFO] 2단계: JSON 파일 생성
[2025-08-03 03:03:50] [INFO] JSON 파일 생성: nanomemory_products_2025-08-03_030350.json
[2025-08-03 03:03:50] [INFO] 3단계: 데이터베이스 저장
[2025-08-03 03:03:50] [INFO] 데이터베이스 저장 시작 (전체 교체 모드)
[2025-08-03 03:03:50] [INFO] 테이블 확인/생성 완료
[2025-08-03 03:03:50] [INFO] 외래 키 체크 비활성화
[2025-08-03 03:03:50] [INFO] 기존 데이터 삭제 완료
[2025-08-03 03:03:50] [INFO] AUTO_INCREMENT 리셋 완료
[2025-08-03 03:03:50] [INFO]   - 100개 저장 완료
[2025-08-03 03:03:50] [INFO]   - 200개 저장 완료
[2025-08-03 03:03:50] [INFO]   - 300개 저장 완료
[2025-08-03 03:03:50] [INFO]   - 400개 저장 완료
[2025-08-03 03:03:50] [INFO]   - 500개 저장 완료
[2025-08-03 03:03:50] [INFO]   - 600개 저장 완료
[2025-08-03 03:03:50] [INFO]   - 658개 저장 완료
[2025-08-03 03:03:50] [INFO] 외래 키 체크 재활성화
[2025-08-03 03:03:50] [INFO] 데이터베이스 저장 완료: 총 658개 제품
[2025-08-03 03:03:50] [INFO] ========================================
[2025-08-03 03:03:50] [INFO] 크론잡 완료 보고
[2025-08-03 03:03:50] [INFO] 실행 시간: 3분 49초
[2025-08-03 03:03:50] [INFO] 전체 카테고리: 88
[2025-08-03 03:03:50] [INFO] 파싱 성공: 71
[2025-08-03 03:03:50] [INFO] 총 제품 수: 658
[2025-08-03 03:03:50] [INFO] 신규 제품: 658
[2025-08-03 03:03:50] [INFO] 중복 제거: 0
[2025-08-03 03:03:50] [INFO] 오류 발생: 0
[2025-08-03 03:03:50] [INFO] ========================================

크론잡 실행 완료
{"success":false,"error":"Invalid action"}[2025-08-04 03:00:01] [INFO] ========================================
[2025-08-04 03:00:01] [INFO] 크론잡 시작: 2025-08-04 03:00:01
[2025-08-04 03:00:03] [INFO] 1단계: 제품 데이터 수집 시작
[2025-08-04 03:00:03] [INFO] 카테고리 [CPU] 처리 시작
[2025-08-04 03:00:26] [INFO]   - CPU > 전체 건너뜀 (전체 카테고리)
[2025-08-04 03:00:26] [INFO]   - CPU > 인텔 건너뜀 (상위 카테고리)
[2025-08-04 03:00:26] [INFO]   - CPU > 인텔 > 인텔 코어 Ultra 파싱 중...
[2025-08-04 03:00:27] [INFO]     ✓ 1페이지, 1개 제품
[2025-08-04 03:00:28] [INFO]   - CPU > 인텔 > 인텔 14세대 파싱 중...
[2025-08-04 03:00:30] [INFO]     ✓ 1페이지, 15개 제품
[2025-08-04 03:00:30] [INFO]   - CPU > 인텔 > 인텔 13세대 파싱 중...
[2025-08-04 03:00:32] [INFO]     ✓ 1페이지, 16개 제품
[2025-08-04 03:00:32] [INFO]   - CPU > 인텔 > 인텔 12세대 파싱 중...
[2025-08-04 03:00:34] [INFO]     ✓ 1페이지, 19개 제품
[2025-08-04 03:00:34] [INFO]   - CPU > 인텔 > 인텔 11세대 파싱 중...
[2025-08-04 03:00:36] [INFO]     ✓ 1페이지, 16개 제품
[2025-08-04 03:00:37] [INFO]   - CPU > 인텔 > 인텔 10세대 파싱 중...
[2025-08-04 03:00:39] [INFO]     ✓ 2페이지, 20개 제품
[2025-08-04 03:00:40] [INFO]   - CPU > 인텔 > 인텔 9세대 파싱 중...
[2025-08-04 03:00:42] [INFO]     ✓ 1페이지, 19개 제품
[2025-08-04 03:00:42] [INFO]   - CPU > 인텔 > 인텔 8세대 파싱 중...
[2025-08-04 03:00:44] [INFO]     ✓ 1페이지, 10개 제품
[2025-08-04 03:00:44] [INFO]   - CPU > 인텔 > 인텔 7세대 파싱 중...
[2025-08-04 03:00:46] [INFO]     ✓ 1페이지, 14개 제품
[2025-08-04 03:00:46] [INFO]   - CPU > 인텔 > 인텔 6세대 파싱 중...
[2025-08-04 03:00:48] [INFO]     ✓ 1페이지, 13개 제품
[2025-08-04 03:00:49] [INFO]   - CPU > 인텔 > 인텔 4세대 파싱 중...
[2025-08-04 03:00:50] [INFO]     ✓ 1페이지, 14개 제품
[2025-08-04 03:00:51] [INFO]   - CPU > 인텔 > 인텔 3세대 파싱 중...
[2025-08-04 03:00:53] [INFO]     ✓ 1페이지, 11개 제품
[2025-08-04 03:00:53] [INFO]   - CPU > 인텔 > 인텔 2세대 파싱 중...
[2025-08-04 03:00:55] [INFO]     ✓ 1페이지, 11개 제품
[2025-08-04 03:00:55] [INFO]   - CPU > 인텔 > 인텔 1세대 파싱 중...
[2025-08-04 03:00:57] [INFO]     ✓ 1페이지, 5개 제품
[2025-08-04 03:00:57] [INFO]   - CPU > 인텔 > 인텔2011소켓 파싱 중...
[2025-08-04 03:00:59] [INFO]     ✓ 1페이지, 12개 제품
[2025-08-04 03:00:59] [INFO]   - CPU > 인텔 > 인텔1366소켓 파싱 중...
[2025-08-04 03:01:01] [INFO]     ✓ 1페이지, 4개 제품
[2025-08-04 03:01:01] [INFO]   - CPU > 인텔 > 인텔775소켓 파싱 중...
[2025-08-04 03:01:03] [INFO]     ✓ 1페이지, 4개 제품
[2025-08-04 03:01:04] [INFO]   - CPU > 인텔 > 인텔 제온 서버 CPU 파싱 중...
[2025-08-04 03:01:05] [INFO]     ✓ 1페이지, 4개 제품
[2025-08-04 03:01:06] [INFO]   - CPU > AMD 건너뜀 (상위 카테고리)
[2025-08-04 03:01:06] [INFO]   - CPU > AMD > AMD 라이젠 6세대 파싱 중...
[2025-08-04 03:01:07] [INFO]     ✓ 1페이지, 0개 제품
[2025-08-04 03:01:08] [INFO]   - CPU > AMD > AMD 라이젠 5세대 파싱 중...
[2025-08-04 03:01:09] [INFO]     ✓ 1페이지, 16개 제품
[2025-08-04 03:01:10] [INFO]   - CPU > AMD > AMD 라이젠 4세대 파싱 중...
[2025-08-04 03:01:12] [INFO]     ✓ 1페이지, 12개 제품
[2025-08-04 03:01:12] [INFO]   - CPU > AMD > AMD 라이젠 3세대 파싱 중...
[2025-08-04 03:01:14] [INFO]     ✓ 1페이지, 16개 제품
[2025-08-04 03:01:14] [INFO]   - CPU > AMD > AMD 라이젠 2세대 파싱 중...
[2025-08-04 03:01:16] [INFO]     ✓ 1페이지, 6개 제품
[2025-08-04 03:01:16] [INFO]   - CPU > AMD > AMD 라이젠 1세대 파싱 중...
[2025-08-04 03:01:18] [INFO]     ✓ 1페이지, 13개 제품
[2025-08-04 03:01:18] [INFO]   - CPU > AMD > AMD AM3 / AM3+ 파싱 중...
[2025-08-04 03:01:20] [INFO]     ✓ 1페이지, 9개 제품
[2025-08-04 03:01:21] [INFO] 카테고리 [RAM] 처리 시작
[2025-08-04 03:01:30] [INFO]   - RAM > 전체 건너뜀 (전체 카테고리)
[2025-08-04 03:01:30] [INFO]   - RAM > 데스크탑 메모리 건너뜀 (상위 카테고리)
[2025-08-04 03:01:30] [INFO]   - RAM > 데스크탑 메모리 > DDR5 파싱 중...
[2025-08-04 03:01:32] [INFO]     ✓ 1페이지, 12개 제품
[2025-08-04 03:01:32] [INFO]   - RAM > 데스크탑 메모리 > DDR4 파싱 중...
[2025-08-04 03:01:35] [INFO]     ✓ 2페이지, 21개 제품
[2025-08-04 03:01:36] [INFO]   - RAM > 데스크탑 메모리 > DDR3 파싱 중...
[2025-08-04 03:01:37] [INFO]     ✓ 1페이지, 6개 제품
[2025-08-04 03:01:38] [INFO]   - RAM > 노트북 메모리 건너뜀 (상위 카테고리)
[2025-08-04 03:01:38] [INFO]   - RAM > 노트북 메모리 > DDR5 노트북 파싱 중...
[2025-08-04 03:01:39] [INFO]     ✓ 1페이지, 9개 제품
[2025-08-04 03:01:40] [INFO]   - RAM > 노트북 메모리 > DDR4 노트북 파싱 중...
[2025-08-04 03:01:41] [INFO]     ✓ 1페이지, 10개 제품
[2025-08-04 03:01:42] [INFO]   - RAM > 노트북 메모리 > DDR3 노트북 파싱 중...
[2025-08-04 03:01:44] [INFO]     ✓ 1페이지, 6개 제품
[2025-08-04 03:01:44] [INFO]   - RAM > 서버메모리 건너뜀 (상위 카테고리)
[2025-08-04 03:01:44] [INFO]   - RAM > 서버메모리 > 서버메모리 DDR4 파싱 중...
[2025-08-04 03:01:47] [INFO]     ✓ 2페이지, 16개 제품
[2025-08-04 03:01:47] [INFO]   - RAM > 서버메모리 > 서버메모리 DDR3 파싱 중...
[2025-08-04 03:01:49] [INFO]     ✓ 1페이지, 9개 제품
[2025-08-04 03:01:50] [INFO] 카테고리 [BOARD] 처리 시작
[2025-08-04 03:02:03] [INFO]   - BOARD > 전체 건너뜀 (전체 카테고리)
[2025-08-04 03:02:03] [INFO]   - BOARD > 인텔 건너뜀 (상위 카테고리)
[2025-08-04 03:02:03] [INFO]   - BOARD > 인텔 > 인텔 코어 Ultra 파싱 중...
[2025-08-04 03:02:05] [INFO]     ✓ 1페이지, 0개 제품
[2025-08-04 03:02:05] [INFO]   - BOARD > 인텔 > 인텔 12/13/14세대 파싱 중...
[2025-08-04 03:02:07] [INFO]     ✓ 1페이지, 17개 제품
[2025-08-04 03:02:07] [INFO]   - BOARD > 인텔 > 인텔 10 - 11세대 파싱 중...
[2025-08-04 03:02:09] [INFO]     ✓ 1페이지, 16개 제품
[2025-08-04 03:02:10] [INFO]   - BOARD > 인텔 > 인텔 8 - 9세대 파싱 중...
[2025-08-04 03:02:11] [INFO]     ✓ 1페이지, 12개 제품
[2025-08-04 03:02:12] [INFO]   - BOARD > 인텔 > 인텔 6 - 7세대 파싱 중...
[2025-08-04 03:02:13] [INFO]     ✓ 1페이지, 14개 제품
[2025-08-04 03:02:14] [INFO]   - BOARD > 인텔 > 인텔 4세대 파싱 중...
[2025-08-04 03:02:15] [INFO]     ✓ 1페이지, 12개 제품
[2025-08-04 03:02:16] [INFO]   - BOARD > 인텔 > 인텔 2 - 3세대 파싱 중...
[2025-08-04 03:02:17] [INFO]     ✓ 1페이지, 5개 제품
[2025-08-04 03:02:18] [INFO]   - BOARD > 인텔 > 인텔 1세대 파싱 중...
[2025-08-04 03:02:20] [INFO]     ✓ 1페이지, 2개 제품
[2025-08-04 03:02:20] [INFO]   - BOARD > 인텔 > 인텔 2011소켓 파싱 중...
[2025-08-04 03:02:22] [INFO]     ✓ 1페이지, 4개 제품
[2025-08-04 03:02:22] [INFO]   - BOARD > 인텔 > 인텔 1366소켓 파싱 중...
[2025-08-04 03:02:24] [INFO]     ✓ 1페이지, 1개 제품
[2025-08-04 03:02:24] [INFO]   - BOARD > 인텔 > I/O쉴드 필수 파싱 중...
[2025-08-04 03:02:26] [INFO]     ✓ 1페이지, 0개 제품
[2025-08-04 03:02:26] [INFO]   - BOARD > AMD 건너뜀 (상위 카테고리)
[2025-08-04 03:02:26] [INFO]   - BOARD > AMD > 라이젠 파싱 중...
[2025-08-04 03:02:28] [INFO]     ✓ 1페이지, 16개 제품
[2025-08-04 03:02:29] [INFO]   - BOARD > AMD > FM2 / FM2+ 파싱 중...
[2025-08-04 03:02:30] [INFO]     ✓ 1페이지, 3개 제품
[2025-08-04 03:02:31] [INFO]   - BOARD > AMD > AM3 / AM3+ 파싱 중...
[2025-08-04 03:02:32] [INFO]     ✓ 1페이지, 3개 제품
[2025-08-04 03:02:33] [INFO] 카테고리 [VGA] 처리 시작
[2025-08-04 03:02:55] [INFO]   - VGA > 전체 건너뜀 (전체 카테고리)
[2025-08-04 03:02:55] [INFO]   - VGA > NVIDIA 건너뜀 (상위 카테고리)
[2025-08-04 03:02:55] [INFO]   - VGA > NVIDIA > 지포스 RTX 4000 계열 파싱 중...
[2025-08-04 03:02:56] [INFO]     ✓ 1페이지, 10개 제품
[2025-08-04 03:02:57] [INFO]   - VGA > NVIDIA > 지포스 RTX 3000 계열 파싱 중...
[2025-08-04 03:02:58] [INFO]     ✓ 1페이지, 10개 제품
[2025-08-04 03:02:59] [INFO]   - VGA > NVIDIA > 지포스 RTX 2000 계열 파싱 중...
[2025-08-04 03:03:00] [INFO]     ✓ 1페이지, 7개 제품
[2025-08-04 03:03:01] [INFO]   - VGA > NVIDIA > 지포스 GTX 1600 계열 파싱 중...
[2025-08-04 03:03:03] [INFO]     ✓ 1페이지, 5개 제품
[2025-08-04 03:03:03] [INFO]   - VGA > NVIDIA > 지포스 GTX 1000 계열 파싱 중...
[2025-08-04 03:03:05] [INFO]     ✓ 1페이지, 9개 제품
[2025-08-04 03:03:05] [INFO]   - VGA > NVIDIA > 지포스 GTX 900계열 파싱 중...
[2025-08-04 03:03:07] [INFO]     ✓ 1페이지, 5개 제품
[2025-08-04 03:03:07] [INFO]   - VGA > NVIDIA > 지포스 GTX 700 계열 파싱 중...
[2025-08-04 03:03:09] [INFO]     ✓ 1페이지, 8개 제품
[2025-08-04 03:03:09] [INFO]   - VGA > NVIDIA > 지포스 GTX 600 계열 파싱 중...
[2025-08-04 03:03:11] [INFO]     ✓ 1페이지, 8개 제품
[2025-08-04 03:03:11] [INFO]   - VGA > NVIDIA > 지포스 GTX 500 계열 이하 파싱 중...
[2025-08-04 03:03:13] [INFO]     ✓ 1페이지, 10개 제품
[2025-08-04 03:03:14] [INFO]   - VGA > NVIDIA > 쿨러 교체 매입불가 파싱 중...
[2025-08-04 03:03:15] [INFO]     ✓ 1페이지, 0개 제품
[2025-08-04 03:03:16] [INFO]   - VGA > NVIDIA > 채굴형 그래픽카드 파싱 중...
[2025-08-04 03:03:17] [INFO]     ✓ 1페이지, 0개 제품
[2025-08-04 03:03:18] [INFO]   - VGA > AMD 건너뜀 (상위 카테고리)
[2025-08-04 03:03:18] [INFO]   - VGA > AMD > AMD 라데온 7000계열 파싱 중...
[2025-08-04 03:03:19] [INFO]     ✓ 1페이지, 7개 제품
[2025-08-04 03:03:20] [INFO]   - VGA > AMD > AMD 라데온 6000계열 파싱 중...
[2025-08-04 03:03:21] [INFO]     ✓ 1페이지, 11개 제품
[2025-08-04 03:03:22] [INFO]   - VGA > AMD > AMD 라데온 5000계열 파싱 중...
[2025-08-04 03:03:24] [INFO]     ✓ 1페이지, 8개 제품
[2025-08-04 03:03:24] [INFO]   - VGA > AMD > AMD 라데온 500계열 파싱 중...
[2025-08-04 03:03:26] [INFO]     ✓ 1페이지, 7개 제품
[2025-08-04 03:03:26] [INFO]   - VGA > AMD > AMD 라데온 400계열 파싱 중...
[2025-08-04 03:03:28] [INFO]     ✓ 1페이지, 4개 제품
[2025-08-04 03:03:28] [INFO]   - VGA > AMD > AMD 라데온 300계열 미만 파싱 중...
[2025-08-04 03:03:30] [INFO]     ✓ 1페이지, 12개 제품
[2025-08-04 03:03:30] [INFO]   - VGA > AMD > 쿨러 교체 매입 불가 파싱 중...
[2025-08-04 03:03:32] [INFO]     ✓ 1페이지, 0개 제품
[2025-08-04 03:03:32] [INFO] 카테고리 [SSD] 처리 시작
[2025-08-04 03:03:36] [INFO]   - SSD > 전체 건너뜀 (전체 카테고리)
[2025-08-04 03:03:36] [INFO]   - SSD > SATA3 방식 파싱 중...
[2025-08-04 03:03:37] [INFO]     ✓ 1페이지, 14개 제품
[2025-08-04 03:03:38] [INFO]   - SSD > M.2 NVMe 방식 파싱 중...
[2025-08-04 03:03:39] [INFO]     ✓ 1페이지, 10개 제품
[2025-08-04 03:03:40] [INFO]   - SSD > mSATA 방식 파싱 중...
[2025-08-04 03:03:41] [INFO]     ✓ 1페이지, 4개 제품
[2025-08-04 03:03:42] [INFO] 카테고리 [HDD] 처리 시작
[2025-08-04 03:03:44] [INFO]   - HDD > 전체 건너뜀 (전체 카테고리)
[2025-08-04 03:03:44] [INFO]   - HDD > 하드디스크 파싱 중...
[2025-08-04 03:03:46] [INFO]     ✓ 2페이지, 18개 제품
[2025-08-04 03:03:47] [INFO] 카테고리 [POWER] 처리 시작
[2025-08-04 03:03:49] [INFO]   - POWER > 전체 건너뜀 (전체 카테고리)
[2025-08-04 03:03:49] [INFO]   - POWER > 파워서플라이 파싱 중...
[2025-08-04 03:03:50] [INFO]     ✓ 1페이지, 4개 제품
[2025-08-04 03:03:51] [INFO] 카테고리 [모니터] 처리 시작
[2025-08-04 03:03:52] [INFO]   - 모니터 > 전체 건너뜀 (전체 카테고리)
[2025-08-04 03:03:52] [INFO]   - 모니터 > LED모니터 파싱 중...
[2025-08-04 03:03:54] [INFO]     ✓ 1페이지, 13개 제품
[2025-08-04 03:03:54] [INFO] 수집 완료: 총 658개 고유 제품
[2025-08-04 03:03:54] [INFO] 2단계: JSON 파일 생성
[2025-08-04 03:03:54] [INFO] JSON 파일 생성: nanomemory_products_2025-08-04_030354.json
[2025-08-04 03:03:54] [INFO] 3단계: 데이터베이스 저장
[2025-08-04 03:03:54] [INFO] 데이터베이스 저장 시작 (전체 교체 모드)
[2025-08-04 03:03:54] [INFO] 테이블 확인/생성 완료
[2025-08-04 03:03:54] [INFO] 외래 키 체크 비활성화
[2025-08-04 03:03:54] [INFO] 기존 데이터 삭제 완료
[2025-08-04 03:03:54] [INFO] AUTO_INCREMENT 리셋 완료
[2025-08-04 03:03:54] [INFO]   - 100개 저장 완료
[2025-08-04 03:03:54] [INFO]   - 200개 저장 완료
[2025-08-04 03:03:54] [INFO]   - 300개 저장 완료
[2025-08-04 03:03:54] [INFO]   - 400개 저장 완료
[2025-08-04 03:03:54] [INFO]   - 500개 저장 완료
[2025-08-04 03:03:54] [INFO]   - 600개 저장 완료
[2025-08-04 03:03:54] [INFO]   - 658개 저장 완료
[2025-08-04 03:03:54] [INFO] 외래 키 체크 재활성화
[2025-08-04 03:03:54] [INFO] 데이터베이스 저장 완료: 총 658개 제품
[2025-08-04 03:03:54] [INFO] ========================================
[2025-08-04 03:03:54] [INFO] 크론잡 완료 보고
[2025-08-04 03:03:54] [INFO] 실행 시간: 3분 53초
[2025-08-04 03:03:54] [INFO] 전체 카테고리: 88
[2025-08-04 03:03:54] [INFO] 파싱 성공: 71
[2025-08-04 03:03:54] [INFO] 총 제품 수: 658
[2025-08-04 03:03:54] [INFO] 신규 제품: 658
[2025-08-04 03:03:54] [INFO] 중복 제거: 0
[2025-08-04 03:03:54] [INFO] 오류 발생: 0
[2025-08-04 03:03:54] [INFO] ========================================

크론잡 실행 완료
{"success":false,"error":"Invalid action"}[2025-08-05 03:00:01] [INFO] ========================================
[2025-08-05 03:00:01] [INFO] 크론잡 시작: 2025-08-05 03:00:01
[2025-08-05 03:00:02] [INFO] 1단계: 제품 데이터 수집 시작
[2025-08-05 03:00:02] [INFO] 카테고리 [CPU] 처리 시작
[2025-08-05 03:00:31] [INFO]   - CPU > 전체 건너뜀 (전체 카테고리)
[2025-08-05 03:00:31] [INFO]   - CPU > 인텔 건너뜀 (상위 카테고리)
[2025-08-05 03:00:31] [INFO]   - CPU > 인텔 > 인텔 코어 Ultra 파싱 중...
[2025-08-05 03:00:32] [INFO]     ✓ 1페이지, 1개 제품
[2025-08-05 03:00:33] [INFO]   - CPU > 인텔 > 인텔 14세대 파싱 중...
[2025-08-05 03:00:34] [INFO]     ✓ 1페이지, 15개 제품
[2025-08-05 03:00:35] [INFO]   - CPU > 인텔 > 인텔 13세대 파싱 중...
[2025-08-05 03:00:38] [INFO]     ✓ 1페이지, 16개 제품
[2025-08-05 03:00:38] [INFO]   - CPU > 인텔 > 인텔 12세대 파싱 중...
[2025-08-05 03:00:40] [INFO]     ✓ 1페이지, 19개 제품
[2025-08-05 03:00:40] [INFO]   - CPU > 인텔 > 인텔 11세대 파싱 중...
[2025-08-05 03:00:42] [INFO]     ✓ 1페이지, 16개 제품
[2025-08-05 03:00:43] [INFO]   - CPU > 인텔 > 인텔 10세대 파싱 중...
[2025-08-05 03:00:45] [INFO]     ✓ 2페이지, 20개 제품
[2025-08-05 03:00:46] [INFO]   - CPU > 인텔 > 인텔 9세대 파싱 중...
[2025-08-05 03:00:48] [INFO]     ✓ 1페이지, 19개 제품
[2025-08-05 03:00:48] [INFO]   - CPU > 인텔 > 인텔 8세대 파싱 중...
[2025-08-05 03:00:50] [INFO]     ✓ 1페이지, 10개 제품
[2025-08-05 03:00:50] [INFO]   - CPU > 인텔 > 인텔 7세대 파싱 중...
[2025-08-05 03:00:52] [INFO]     ✓ 1페이지, 14개 제품
[2025-08-05 03:00:52] [INFO]   - CPU > 인텔 > 인텔 6세대 파싱 중...
[2025-08-05 03:00:54] [INFO]     ✓ 1페이지, 13개 제품
[2025-08-05 03:00:54] [INFO]   - CPU > 인텔 > 인텔 4세대 파싱 중...
[2025-08-05 03:00:56] [INFO]     ✓ 1페이지, 14개 제품
[2025-08-05 03:00:57] [INFO]   - CPU > 인텔 > 인텔 3세대 파싱 중...
[2025-08-05 03:00:58] [INFO]     ✓ 1페이지, 11개 제품
[2025-08-05 03:00:59] [INFO]   - CPU > 인텔 > 인텔 2세대 파싱 중...
[2025-08-05 03:01:00] [INFO]     ✓ 1페이지, 11개 제품
[2025-08-05 03:01:01] [INFO]   - CPU > 인텔 > 인텔 1세대 파싱 중...
[2025-08-05 03:01:02] [INFO]     ✓ 1페이지, 5개 제품
[2025-08-05 03:01:03] [INFO]   - CPU > 인텔 > 인텔2011소켓 파싱 중...
[2025-08-05 03:01:05] [INFO]     ✓ 1페이지, 12개 제품
[2025-08-05 03:01:05] [INFO]   - CPU > 인텔 > 인텔1366소켓 파싱 중...
[2025-08-05 03:01:07] [INFO]     ✓ 1페이지, 4개 제품
[2025-08-05 03:01:07] [INFO]   - CPU > 인텔 > 인텔775소켓 파싱 중...
[2025-08-05 03:01:09] [INFO]     ✓ 1페이지, 4개 제품
[2025-08-05 03:01:09] [INFO]   - CPU > 인텔 > 인텔 제온 서버 CPU 파싱 중...
[2025-08-05 03:01:11] [INFO]     ✓ 1페이지, 4개 제품
[2025-08-05 03:01:11] [INFO]   - CPU > AMD 건너뜀 (상위 카테고리)
[2025-08-05 03:01:11] [INFO]   - CPU > AMD > AMD 라이젠 6세대 파싱 중...
[2025-08-05 03:01:13] [INFO]     ✓ 1페이지, 0개 제품
[2025-08-05 03:01:13] [INFO]   - CPU > AMD > AMD 라이젠 5세대 파싱 중...
[2025-08-05 03:01:15] [INFO]     ✓ 1페이지, 16개 제품
[2025-08-05 03:01:15] [INFO]   - CPU > AMD > AMD 라이젠 4세대 파싱 중...
[2025-08-05 03:01:17] [INFO]     ✓ 1페이지, 12개 제품
[2025-08-05 03:01:18] [INFO]   - CPU > AMD > AMD 라이젠 3세대 파싱 중...
[2025-08-05 03:01:19] [INFO]     ✓ 1페이지, 16개 제품
[2025-08-05 03:01:20] [INFO]   - CPU > AMD > AMD 라이젠 2세대 파싱 중...
[2025-08-05 03:01:21] [INFO]     ✓ 1페이지, 6개 제품
[2025-08-05 03:01:22] [INFO]   - CPU > AMD > AMD 라이젠 1세대 파싱 중...
[2025-08-05 03:01:23] [INFO]     ✓ 1페이지, 13개 제품
[2025-08-05 03:01:24] [INFO]   - CPU > AMD > AMD AM3 / AM3+ 파싱 중...
[2025-08-05 03:01:26] [INFO]     ✓ 1페이지, 9개 제품
[2025-08-05 03:01:26] [INFO] 카테고리 [RAM] 처리 시작
[2025-08-05 03:01:36] [INFO]   - RAM > 전체 건너뜀 (전체 카테고리)
[2025-08-05 03:01:36] [INFO]   - RAM > 데스크탑 메모리 건너뜀 (상위 카테고리)
[2025-08-05 03:01:36] [INFO]   - RAM > 데스크탑 메모리 > DDR5 파싱 중...
[2025-08-05 03:01:37] [INFO]     ✓ 1페이지, 12개 제품
[2025-08-05 03:01:38] [INFO]   - RAM > 데스크탑 메모리 > DDR4 파싱 중...
[2025-08-05 03:01:41] [INFO]     ✓ 2페이지, 21개 제품
[2025-08-05 03:01:41] [INFO]   - RAM > 데스크탑 메모리 > DDR3 파싱 중...
[2025-08-05 03:01:43] [INFO]     ✓ 1페이지, 6개 제품
[2025-08-05 03:01:43] [INFO]   - RAM > 노트북 메모리 건너뜀 (상위 카테고리)
[2025-08-05 03:01:43] [INFO]   - RAM > 노트북 메모리 > DDR5 노트북 파싱 중...
[2025-08-05 03:01:45] [INFO]     ✓ 1페이지, 9개 제품
[2025-08-05 03:01:45] [INFO]   - RAM > 노트북 메모리 > DDR4 노트북 파싱 중...
[2025-08-05 03:01:47] [INFO]     ✓ 1페이지, 10개 제품
[2025-08-05 03:01:47] [INFO]   - RAM > 노트북 메모리 > DDR3 노트북 파싱 중...
[2025-08-05 03:01:49] [INFO]     ✓ 1페이지, 6개 제품
[2025-08-05 03:01:50] [INFO]   - RAM > 서버메모리 건너뜀 (상위 카테고리)
[2025-08-05 03:01:50] [INFO]   - RAM > 서버메모리 > 서버메모리 DDR4 파싱 중...
[2025-08-05 03:01:52] [INFO]     ✓ 2페이지, 16개 제품
[2025-08-05 03:01:53] [INFO]   - RAM > 서버메모리 > 서버메모리 DDR3 파싱 중...
[2025-08-05 03:01:55] [INFO]     ✓ 1페이지, 9개 제품
[2025-08-05 03:01:55] [INFO] 카테고리 [BOARD] 처리 시작
[2025-08-05 03:02:09] [INFO]   - BOARD > 전체 건너뜀 (전체 카테고리)
[2025-08-05 03:02:09] [INFO]   - BOARD > 인텔 건너뜀 (상위 카테고리)
[2025-08-05 03:02:09] [INFO]   - BOARD > 인텔 > 인텔 코어 Ultra 파싱 중...
[2025-08-05 03:02:10] [INFO]     ✓ 1페이지, 0개 제품
[2025-08-05 03:02:11] [INFO]   - BOARD > 인텔 > 인텔 12/13/14세대 파싱 중...
[2025-08-05 03:02:12] [INFO]     ✓ 1페이지, 17개 제품
[2025-08-05 03:02:13] [INFO]   - BOARD > 인텔 > 인텔 10 - 11세대 파싱 중...
[2025-08-05 03:02:14] [INFO]     ✓ 1페이지, 16개 제품
[2025-08-05 03:02:15] [INFO]   - BOARD > 인텔 > 인텔 8 - 9세대 파싱 중...
[2025-08-05 03:02:17] [INFO]     ✓ 1페이지, 12개 제품
[2025-08-05 03:02:17] [INFO]   - BOARD > 인텔 > 인텔 6 - 7세대 파싱 중...
[2025-08-05 03:02:19] [INFO]     ✓ 1페이지, 14개 제품
[2025-08-05 03:02:19] [INFO]   - BOARD > 인텔 > 인텔 4세대 파싱 중...
[2025-08-05 03:02:21] [INFO]     ✓ 1페이지, 12개 제품
[2025-08-05 03:02:21] [INFO]   - BOARD > 인텔 > 인텔 2 - 3세대 파싱 중...
[2025-08-05 03:02:23] [INFO]     ✓ 1페이지, 5개 제품
[2025-08-05 03:02:23] [INFO]   - BOARD > 인텔 > 인텔 1세대 파싱 중...
[2025-08-05 03:02:25] [INFO]     ✓ 1페이지, 2개 제품
[2025-08-05 03:02:25] [INFO]   - BOARD > 인텔 > 인텔 2011소켓 파싱 중...
[2025-08-05 03:02:27] [INFO]     ✓ 1페이지, 4개 제품
[2025-08-05 03:02:28] [INFO]   - BOARD > 인텔 > 인텔 1366소켓 파싱 중...
[2025-08-05 03:02:29] [INFO]     ✓ 1페이지, 1개 제품
[2025-08-05 03:02:30] [INFO]   - BOARD > 인텔 > I/O쉴드 필수 파싱 중...
[2025-08-05 03:02:31] [INFO]     ✓ 1페이지, 0개 제품
[2025-08-05 03:02:32] [INFO]   - BOARD > AMD 건너뜀 (상위 카테고리)
[2025-08-05 03:02:32] [INFO]   - BOARD > AMD > 라이젠 파싱 중...
[2025-08-05 03:02:33] [INFO]     ✓ 1페이지, 16개 제품
[2025-08-05 03:02:34] [INFO]   - BOARD > AMD > FM2 / FM2+ 파싱 중...
[2025-08-05 03:02:35] [INFO]     ✓ 1페이지, 3개 제품
[2025-08-05 03:02:36] [INFO]   - BOARD > AMD > AM3 / AM3+ 파싱 중...
[2025-08-05 03:02:37] [INFO]     ✓ 1페이지, 3개 제품
[2025-08-05 03:02:38] [INFO] 카테고리 [VGA] 처리 시작
[2025-08-05 03:02:55] [INFO]   - VGA > 전체 건너뜀 (전체 카테고리)
[2025-08-05 03:02:55] [INFO]   - VGA > NVIDIA 건너뜀 (상위 카테고리)
[2025-08-05 03:02:55] [INFO]   - VGA > NVIDIA > 지포스 RTX 4000 계열 파싱 중...
[2025-08-05 03:02:56] [INFO]     ✓ 1페이지, 10개 제품
[2025-08-05 03:02:57] [INFO]   - VGA > NVIDIA > 지포스 RTX 3000 계열 파싱 중...
[2025-08-05 03:02:59] [INFO]     ✓ 1페이지, 10개 제품
[2025-08-05 03:02:59] [INFO]   - VGA > NVIDIA > 지포스 RTX 2000 계열 파싱 중...
[2025-08-05 03:03:01] [INFO]     ✓ 1페이지, 7개 제품
[2025-08-05 03:03:01] [INFO]   - VGA > NVIDIA > 지포스 GTX 1600 계열 파싱 중...
[2025-08-05 03:03:03] [INFO]     ✓ 1페이지, 5개 제품
[2025-08-05 03:03:03] [INFO]   - VGA > NVIDIA > 지포스 GTX 1000 계열 파싱 중...
[2025-08-05 03:03:05] [INFO]     ✓ 1페이지, 9개 제품
[2025-08-05 03:03:05] [INFO]   - VGA > NVIDIA > 지포스 GTX 900계열 파싱 중...
[2025-08-05 03:03:07] [INFO]     ✓ 1페이지, 5개 제품
[2025-08-05 03:03:07] [INFO]   - VGA > NVIDIA > 지포스 GTX 700 계열 파싱 중...
[2025-08-05 03:03:09] [INFO]     ✓ 1페이지, 8개 제품
[2025-08-05 03:03:09] [INFO]   - VGA > NVIDIA > 지포스 GTX 600 계열 파싱 중...
[2025-08-05 03:03:11] [INFO]     ✓ 1페이지, 8개 제품
[2025-08-05 03:03:12] [INFO]   - VGA > NVIDIA > 지포스 GTX 500 계열 이하 파싱 중...
[2025-08-05 03:03:13] [INFO]     ✓ 1페이지, 10개 제품
[2025-08-05 03:03:14] [INFO]   - VGA > NVIDIA > 쿨러 교체 매입불가 파싱 중...
[2025-08-05 03:03:15] [INFO]     ✓ 1페이지, 0개 제품
[2025-08-05 03:03:16] [INFO]   - VGA > NVIDIA > 채굴형 그래픽카드 파싱 중...
[2025-08-05 03:03:17] [INFO]     ✓ 1페이지, 0개 제품
[2025-08-05 03:03:18] [INFO]   - VGA > AMD 건너뜀 (상위 카테고리)
[2025-08-05 03:03:18] [INFO]   - VGA > AMD > AMD 라데온 7000계열 파싱 중...
[2025-08-05 03:03:19] [INFO]     ✓ 1페이지, 7개 제품
[2025-08-05 03:03:20] [INFO]   - VGA > AMD > AMD 라데온 6000계열 파싱 중...
[2025-08-05 03:03:22] [INFO]     ✓ 1페이지, 11개 제품
[2025-08-05 03:03:22] [INFO]   - VGA > AMD > AMD 라데온 5000계열 파싱 중...
[2025-08-05 03:03:24] [INFO]     ✓ 1페이지, 8개 제품
[2025-08-05 03:03:24] [INFO]   - VGA > AMD > AMD 라데온 500계열 파싱 중...
[2025-08-05 03:03:26] [INFO]     ✓ 1페이지, 7개 제품
[2025-08-05 03:03:26] [INFO]   - VGA > AMD > AMD 라데온 400계열 파싱 중...
[2025-08-05 03:03:28] [INFO]     ✓ 1페이지, 4개 제품
[2025-08-05 03:03:28] [INFO]   - VGA > AMD > AMD 라데온 300계열 미만 파싱 중...
[2025-08-05 03:03:30] [INFO]     ✓ 1페이지, 12개 제품
[2025-08-05 03:03:30] [INFO]   - VGA > AMD > 쿨러 교체 매입 불가 파싱 중...
[2025-08-05 03:03:32] [INFO]     ✓ 1페이지, 0개 제품
[2025-08-05 03:03:33] [INFO] 카테고리 [SSD] 처리 시작
[2025-08-05 03:03:36] [INFO]   - SSD > 전체 건너뜀 (전체 카테고리)
[2025-08-05 03:03:36] [INFO]   - SSD > SATA3 방식 파싱 중...
[2025-08-05 03:03:37] [INFO]     ✓ 1페이지, 14개 제품
[2025-08-05 03:03:38] [INFO]   - SSD > M.2 NVMe 방식 파싱 중...
[2025-08-05 03:03:39] [INFO]     ✓ 1페이지, 10개 제품
[2025-08-05 03:03:40] [INFO]   - SSD > mSATA 방식 파싱 중...
[2025-08-05 03:03:42] [INFO]     ✓ 1페이지, 4개 제품
[2025-08-05 03:03:42] [INFO] 카테고리 [HDD] 처리 시작
[2025-08-05 03:03:44] [INFO]   - HDD > 전체 건너뜀 (전체 카테고리)
[2025-08-05 03:03:44] [INFO]   - HDD > 하드디스크 파싱 중...
[2025-08-05 03:03:47] [INFO]     ✓ 2페이지, 18개 제품
[2025-08-05 03:03:47] [INFO] 카테고리 [POWER] 처리 시작
[2025-08-05 03:03:49] [INFO]   - POWER > 전체 건너뜀 (전체 카테고리)
[2025-08-05 03:03:49] [INFO]   - POWER > 파워서플라이 파싱 중...
[2025-08-05 03:03:50] [INFO]     ✓ 1페이지, 4개 제품
[2025-08-05 03:03:51] [INFO] 카테고리 [모니터] 처리 시작
[2025-08-05 03:03:52] [INFO]   - 모니터 > 전체 건너뜀 (전체 카테고리)
[2025-08-05 03:03:52] [INFO]   - 모니터 > LED모니터 파싱 중...
[2025-08-05 03:03:54] [INFO]     ✓ 1페이지, 13개 제품
[2025-08-05 03:03:54] [INFO] 수집 완료: 총 658개 고유 제품
[2025-08-05 03:03:54] [INFO] 2단계: JSON 파일 생성
[2025-08-05 03:03:54] [INFO] JSON 파일 생성: nanomemory_products_2025-08-05_030354.json
[2025-08-05 03:03:54] [INFO] 3단계: 데이터베이스 저장
[2025-08-05 03:03:54] [INFO] 데이터베이스 저장 시작 (전체 교체 모드)
[2025-08-05 03:03:54] [INFO] 테이블 확인/생성 완료
[2025-08-05 03:03:54] [INFO] 외래 키 체크 비활성화
[2025-08-05 03:03:54] [INFO] 기존 데이터 삭제 완료
[2025-08-05 03:03:54] [INFO] AUTO_INCREMENT 리셋 완료
[2025-08-05 03:03:54] [INFO]   - 100개 저장 완료
[2025-08-05 03:03:54] [INFO]   - 200개 저장 완료
[2025-08-05 03:03:54] [INFO]   - 300개 저장 완료
[2025-08-05 03:03:54] [INFO]   - 400개 저장 완료
[2025-08-05 03:03:54] [INFO]   - 500개 저장 완료
[2025-08-05 03:03:54] [INFO]   - 600개 저장 완료
[2025-08-05 03:03:55] [INFO]   - 658개 저장 완료
[2025-08-05 03:03:55] [INFO] 외래 키 체크 재활성화
[2025-08-05 03:03:55] [INFO] 데이터베이스 저장 완료: 총 658개 제품
[2025-08-05 03:03:55] [INFO] ========================================
[2025-08-05 03:03:55] [INFO] 크론잡 완료 보고
[2025-08-05 03:03:55] [INFO] 실행 시간: 3분 54초
[2025-08-05 03:03:55] [INFO] 전체 카테고리: 88
[2025-08-05 03:03:55] [INFO] 파싱 성공: 71
[2025-08-05 03:03:55] [INFO] 총 제품 수: 658
[2025-08-05 03:03:55] [INFO] 신규 제품: 658
[2025-08-05 03:03:55] [INFO] 중복 제거: 0
[2025-08-05 03:03:55] [INFO] 오류 발생: 0
[2025-08-05 03:03:55] [INFO] ========================================

크론잡 실행 완료
{"success":false,"error":"Invalid action"}[2025-08-06 03:00:01] [INFO] ========================================
[2025-08-06 03:00:01] [INFO] 크론잡 시작: 2025-08-06 03:00:01
[2025-08-06 03:00:03] [INFO] 1단계: 제품 데이터 수집 시작
[2025-08-06 03:00:03] [INFO] 카테고리 [CPU] 처리 시작
[2025-08-06 03:00:25] [INFO]   - CPU > 전체 건너뜀 (전체 카테고리)
[2025-08-06 03:00:25] [INFO]   - CPU > 인텔 건너뜀 (상위 카테고리)
[2025-08-06 03:00:25] [INFO]   - CPU > 인텔 > 인텔 코어 Ultra 파싱 중...
[2025-08-06 03:00:27] [INFO]     ✓ 1페이지, 1개 제품
[2025-08-06 03:00:27] [INFO]   - CPU > 인텔 > 인텔 14세대 파싱 중...
[2025-08-06 03:00:29] [INFO]     ✓ 1페이지, 15개 제품
[2025-08-06 03:00:29] [INFO]   - CPU > 인텔 > 인텔 13세대 파싱 중...
[2025-08-06 03:00:31] [INFO]     ✓ 1페이지, 16개 제품
[2025-08-06 03:00:31] [INFO]   - CPU > 인텔 > 인텔 12세대 파싱 중...
[2025-08-06 03:00:33] [INFO]     ✓ 1페이지, 19개 제품
[2025-08-06 03:00:33] [INFO]   - CPU > 인텔 > 인텔 11세대 파싱 중...
[2025-08-06 03:00:35] [INFO]     ✓ 1페이지, 16개 제품
[2025-08-06 03:00:36] [INFO]   - CPU > 인텔 > 인텔 10세대 파싱 중...
[2025-08-06 03:00:39] [INFO]     ✓ 2페이지, 20개 제품
[2025-08-06 03:00:39] [INFO]   - CPU > 인텔 > 인텔 9세대 파싱 중...
[2025-08-06 03:00:41] [INFO]     ✓ 1페이지, 19개 제품
[2025-08-06 03:00:41] [INFO]   - CPU > 인텔 > 인텔 8세대 파싱 중...
[2025-08-06 03:00:43] [INFO]     ✓ 1페이지, 10개 제품
[2025-08-06 03:00:43] [INFO]   - CPU > 인텔 > 인텔 7세대 파싱 중...
[2025-08-06 03:00:45] [INFO]     ✓ 1페이지, 14개 제품
[2025-08-06 03:00:45] [INFO]   - CPU > 인텔 > 인텔 6세대 파싱 중...
[2025-08-06 03:00:47] [INFO]     ✓ 1페이지, 13개 제품
[2025-08-06 03:00:47] [INFO]   - CPU > 인텔 > 인텔 4세대 파싱 중...
[2025-08-06 03:00:49] [INFO]     ✓ 1페이지, 14개 제품
[2025-08-06 03:00:50] [INFO]   - CPU > 인텔 > 인텔 3세대 파싱 중...
[2025-08-06 03:00:51] [INFO]     ✓ 1페이지, 11개 제품
[2025-08-06 03:00:52] [INFO]   - CPU > 인텔 > 인텔 2세대 파싱 중...
[2025-08-06 03:00:53] [INFO]     ✓ 1페이지, 11개 제품
[2025-08-06 03:00:54] [INFO]   - CPU > 인텔 > 인텔 1세대 파싱 중...
[2025-08-06 03:00:56] [INFO]     ✓ 1페이지, 5개 제품
[2025-08-06 03:00:56] [INFO]   - CPU > 인텔 > 인텔2011소켓 파싱 중...
[2025-08-06 03:00:58] [INFO]     ✓ 1페이지, 12개 제품
[2025-08-06 03:00:58] [INFO]   - CPU > 인텔 > 인텔1366소켓 파싱 중...
[2025-08-06 03:01:00] [INFO]     ✓ 1페이지, 4개 제품
[2025-08-06 03:01:00] [INFO]   - CPU > 인텔 > 인텔775소켓 파싱 중...
[2025-08-06 03:01:02] [INFO]     ✓ 1페이지, 4개 제품
[2025-08-06 03:01:02] [INFO]   - CPU > 인텔 > 인텔 제온 서버 CPU 파싱 중...
[2025-08-06 03:01:04] [INFO]     ✓ 1페이지, 4개 제품
[2025-08-06 03:01:05] [INFO]   - CPU > AMD 건너뜀 (상위 카테고리)
[2025-08-06 03:01:05] [INFO]   - CPU > AMD > AMD 라이젠 6세대 파싱 중...
[2025-08-06 03:01:06] [INFO]     ✓ 1페이지, 0개 제품
[2025-08-06 03:01:07] [INFO]   - CPU > AMD > AMD 라이젠 5세대 파싱 중...
[2025-08-06 03:01:08] [INFO]     ✓ 1페이지, 16개 제품
[2025-08-06 03:01:09] [INFO]   - CPU > AMD > AMD 라이젠 4세대 파싱 중...
[2025-08-06 03:01:10] [INFO]     ✓ 1페이지, 12개 제품
[2025-08-06 03:01:11] [INFO]   - CPU > AMD > AMD 라이젠 3세대 파싱 중...
[2025-08-06 03:01:13] [INFO]     ✓ 1페이지, 16개 제품
[2025-08-06 03:01:13] [INFO]   - CPU > AMD > AMD 라이젠 2세대 파싱 중...
[2025-08-06 03:01:15] [INFO]     ✓ 1페이지, 6개 제품
[2025-08-06 03:01:15] [INFO]   - CPU > AMD > AMD 라이젠 1세대 파싱 중...
[2025-08-06 03:01:17] [INFO]     ✓ 1페이지, 13개 제품
[2025-08-06 03:01:17] [INFO]   - CPU > AMD > AMD AM3 / AM3+ 파싱 중...
[2025-08-06 03:01:19] [INFO]     ✓ 1페이지, 9개 제품
[2025-08-06 03:01:20] [INFO] 카테고리 [RAM] 처리 시작
[2025-08-06 03:01:29] [INFO]   - RAM > 전체 건너뜀 (전체 카테고리)
[2025-08-06 03:01:29] [INFO]   - RAM > 데스크탑 메모리 건너뜀 (상위 카테고리)
[2025-08-06 03:01:29] [INFO]   - RAM > 데스크탑 메모리 > DDR5 파싱 중...
[2025-08-06 03:01:31] [INFO]     ✓ 1페이지, 12개 제품
[2025-08-06 03:01:31] [INFO]   - RAM > 데스크탑 메모리 > DDR4 파싱 중...
[2025-08-06 03:01:34] [INFO]     ✓ 2페이지, 21개 제품
[2025-08-06 03:01:35] [INFO]   - RAM > 데스크탑 메모리 > DDR3 파싱 중...
[2025-08-06 03:01:36] [INFO]     ✓ 1페이지, 6개 제품
[2025-08-06 03:01:37] [INFO]   - RAM > 노트북 메모리 건너뜀 (상위 카테고리)
[2025-08-06 03:01:37] [INFO]   - RAM > 노트북 메모리 > DDR5 노트북 파싱 중...
[2025-08-06 03:01:38] [INFO]     ✓ 1페이지, 9개 제품
[2025-08-06 03:01:39] [INFO]   - RAM > 노트북 메모리 > DDR4 노트북 파싱 중...
[2025-08-06 03:01:40] [INFO]     ✓ 1페이지, 10개 제품
[2025-08-06 03:01:41] [INFO]   - RAM > 노트북 메모리 > DDR3 노트북 파싱 중...
[2025-08-06 03:01:43] [INFO]     ✓ 1페이지, 6개 제품
[2025-08-06 03:01:43] [INFO]   - RAM > 서버메모리 건너뜀 (상위 카테고리)
[2025-08-06 03:01:43] [INFO]   - RAM > 서버메모리 > 서버메모리 DDR4 파싱 중...
[2025-08-06 03:01:46] [INFO]     ✓ 2페이지, 16개 제품
[2025-08-06 03:01:46] [INFO]   - RAM > 서버메모리 > 서버메모리 DDR3 파싱 중...
[2025-08-06 03:01:48] [INFO]     ✓ 1페이지, 9개 제품
[2025-08-06 03:01:49] [INFO] 카테고리 [BOARD] 처리 시작
[2025-08-06 03:02:02] [INFO]   - BOARD > 전체 건너뜀 (전체 카테고리)
[2025-08-06 03:02:02] [INFO]   - BOARD > 인텔 건너뜀 (상위 카테고리)
[2025-08-06 03:02:02] [INFO]   - BOARD > 인텔 > 인텔 코어 Ultra 파싱 중...
[2025-08-06 03:02:04] [INFO]     ✓ 1페이지, 0개 제품
[2025-08-06 03:02:04] [INFO]   - BOARD > 인텔 > 인텔 12/13/14세대 파싱 중...
[2025-08-06 03:02:06] [INFO]     ✓ 1페이지, 17개 제품
[2025-08-06 03:02:06] [INFO]   - BOARD > 인텔 > 인텔 10 - 11세대 파싱 중...
[2025-08-06 03:02:08] [INFO]     ✓ 1페이지, 16개 제품
[2025-08-06 03:02:08] [INFO]   - BOARD > 인텔 > 인텔 8 - 9세대 파싱 중...
[2025-08-06 03:02:10] [INFO]     ✓ 1페이지, 12개 제품
[2025-08-06 03:02:10] [INFO]   - BOARD > 인텔 > 인텔 6 - 7세대 파싱 중...
[2025-08-06 03:02:12] [INFO]     ✓ 1페이지, 14개 제품
[2025-08-06 03:02:13] [INFO]   - BOARD > 인텔 > 인텔 4세대 파싱 중...
[2025-08-06 03:02:14] [INFO]     ✓ 1페이지, 12개 제품
[2025-08-06 03:02:15] [INFO]   - BOARD > 인텔 > 인텔 2 - 3세대 파싱 중...
[2025-08-06 03:02:16] [INFO]     ✓ 1페이지, 5개 제품
[2025-08-06 03:02:17] [INFO]   - BOARD > 인텔 > 인텔 1세대 파싱 중...
[2025-08-06 03:02:18] [INFO]     ✓ 1페이지, 2개 제품
[2025-08-06 03:02:19] [INFO]   - BOARD > 인텔 > 인텔 2011소켓 파싱 중...
[2025-08-06 03:02:20] [INFO]     ✓ 1페이지, 4개 제품
[2025-08-06 03:02:21] [INFO]   - BOARD > 인텔 > 인텔 1366소켓 파싱 중...
[2025-08-06 03:02:23] [INFO]     ✓ 1페이지, 1개 제품
[2025-08-06 03:02:23] [INFO]   - BOARD > 인텔 > I/O쉴드 필수 파싱 중...
[2025-08-06 03:02:25] [INFO]     ✓ 1페이지, 0개 제품
[2025-08-06 03:02:25] [INFO]   - BOARD > AMD 건너뜀 (상위 카테고리)
[2025-08-06 03:02:25] [INFO]   - BOARD > AMD > 라이젠 파싱 중...
[2025-08-06 03:02:27] [INFO]     ✓ 1페이지, 16개 제품
[2025-08-06 03:02:27] [INFO]   - BOARD > AMD > FM2 / FM2+ 파싱 중...
[2025-08-06 03:02:29] [INFO]     ✓ 1페이지, 3개 제품
[2025-08-06 03:02:29] [INFO]   - BOARD > AMD > AM3 / AM3+ 파싱 중...
[2025-08-06 03:02:31] [INFO]     ✓ 1페이지, 3개 제품
[2025-08-06 03:02:31] [INFO] 카테고리 [VGA] 처리 시작
[2025-08-06 03:02:48] [INFO]   - VGA > 전체 건너뜀 (전체 카테고리)
[2025-08-06 03:02:48] [INFO]   - VGA > NVIDIA 건너뜀 (상위 카테고리)
[2025-08-06 03:02:48] [INFO]   - VGA > NVIDIA > 지포스 RTX 4000 계열 파싱 중...
[2025-08-06 03:02:50] [INFO]     ✓ 1페이지, 10개 제품
[2025-08-06 03:02:50] [INFO]   - VGA > NVIDIA > 지포스 RTX 3000 계열 파싱 중...
[2025-08-06 03:02:52] [INFO]     ✓ 1페이지, 10개 제품
[2025-08-06 03:02:52] [INFO]   - VGA > NVIDIA > 지포스 RTX 2000 계열 파싱 중...
[2025-08-06 03:02:54] [INFO]     ✓ 1페이지, 7개 제품
[2025-08-06 03:02:55] [INFO]   - VGA > NVIDIA > 지포스 GTX 1600 계열 파싱 중...
[2025-08-06 03:02:56] [INFO]     ✓ 1페이지, 5개 제품
[2025-08-06 03:02:57] [INFO]   - VGA > NVIDIA > 지포스 GTX 1000 계열 파싱 중...
[2025-08-06 03:02:58] [INFO]     ✓ 1페이지, 9개 제품
[2025-08-06 03:02:59] [INFO]   - VGA > NVIDIA > 지포스 GTX 900계열 파싱 중...
[2025-08-06 03:03:00] [INFO]     ✓ 1페이지, 5개 제품
[2025-08-06 03:03:01] [INFO]   - VGA > NVIDIA > 지포스 GTX 700 계열 파싱 중...
[2025-08-06 03:03:02] [INFO]     ✓ 1페이지, 8개 제품
[2025-08-06 03:03:03] [INFO]   - VGA > NVIDIA > 지포스 GTX 600 계열 파싱 중...
[2025-08-06 03:03:04] [INFO]     ✓ 1페이지, 8개 제품
[2025-08-06 03:03:05] [INFO]   - VGA > NVIDIA > 지포스 GTX 500 계열 이하 파싱 중...
[2025-08-06 03:03:07] [INFO]     ✓ 1페이지, 10개 제품
[2025-08-06 03:03:07] [INFO]   - VGA > NVIDIA > 쿨러 교체 매입불가 파싱 중...
[2025-08-06 03:03:09] [INFO]     ✓ 1페이지, 0개 제품
[2025-08-06 03:03:09] [INFO]   - VGA > NVIDIA > 채굴형 그래픽카드 파싱 중...
[2025-08-06 03:03:11] [INFO]     ✓ 1페이지, 0개 제품
[2025-08-06 03:03:11] [INFO]   - VGA > AMD 건너뜀 (상위 카테고리)
[2025-08-06 03:03:11] [INFO]   - VGA > AMD > AMD 라데온 7000계열 파싱 중...
[2025-08-06 03:03:13] [INFO]     ✓ 1페이지, 7개 제품
[2025-08-06 03:03:13] [INFO]   - VGA > AMD > AMD 라데온 6000계열 파싱 중...
[2025-08-06 03:03:15] [INFO]     ✓ 1페이지, 11개 제품
[2025-08-06 03:03:15] [INFO]   - VGA > AMD > AMD 라데온 5000계열 파싱 중...
[2025-08-06 03:03:17] [INFO]     ✓ 1페이지, 8개 제품
[2025-08-06 03:03:18] [INFO]   - VGA > AMD > AMD 라데온 500계열 파싱 중...
[2025-08-06 03:03:19] [INFO]     ✓ 1페이지, 7개 제품
[2025-08-06 03:03:20] [INFO]   - VGA > AMD > AMD 라데온 400계열 파싱 중...
[2025-08-06 03:03:21] [INFO]     ✓ 1페이지, 4개 제품
[2025-08-06 03:03:22] [INFO]   - VGA > AMD > AMD 라데온 300계열 미만 파싱 중...
[2025-08-06 03:03:23] [INFO]     ✓ 1페이지, 12개 제품
[2025-08-06 03:03:24] [INFO]   - VGA > AMD > 쿨러 교체 매입 불가 파싱 중...
[2025-08-06 03:03:25] [INFO]     ✓ 1페이지, 0개 제품
[2025-08-06 03:03:26] [INFO] 카테고리 [SSD] 처리 시작
[2025-08-06 03:03:29] [INFO]   - SSD > 전체 건너뜀 (전체 카테고리)
[2025-08-06 03:03:29] [INFO]   - SSD > SATA3 방식 파싱 중...
[2025-08-06 03:03:31] [INFO]     ✓ 1페이지, 14개 제품
[2025-08-06 03:03:31] [INFO]   - SSD > M.2 NVMe 방식 파싱 중...
[2025-08-06 03:03:33] [INFO]     ✓ 1페이지, 10개 제품
[2025-08-06 03:03:33] [INFO]   - SSD > mSATA 방식 파싱 중...
[2025-08-06 03:03:35] [INFO]     ✓ 1페이지, 4개 제품
[2025-08-06 03:03:35] [INFO] 카테고리 [HDD] 처리 시작
[2025-08-06 03:03:37] [INFO]   - HDD > 전체 건너뜀 (전체 카테고리)
[2025-08-06 03:03:37] [INFO]   - HDD > 하드디스크 파싱 중...
[2025-08-06 03:03:40] [INFO]     ✓ 2페이지, 18개 제품
[2025-08-06 03:03:40] [INFO] 카테고리 [POWER] 처리 시작
[2025-08-06 03:03:42] [INFO]   - POWER > 전체 건너뜀 (전체 카테고리)
[2025-08-06 03:03:42] [INFO]   - POWER > 파워서플라이 파싱 중...
[2025-08-06 03:03:44] [INFO]     ✓ 1페이지, 4개 제품
[2025-08-06 03:03:44] [INFO] 카테고리 [모니터] 처리 시작
[2025-08-06 03:03:46] [INFO]   - 모니터 > 전체 건너뜀 (전체 카테고리)
[2025-08-06 03:03:46] [INFO]   - 모니터 > LED모니터 파싱 중...
[2025-08-06 03:03:47] [INFO]     ✓ 1페이지, 13개 제품
[2025-08-06 03:03:48] [INFO] 수집 완료: 총 658개 고유 제품
[2025-08-06 03:03:48] [INFO] 2단계: JSON 파일 생성
[2025-08-06 03:03:48] [INFO] JSON 파일 생성: nanomemory_products_2025-08-06_030348.json
[2025-08-06 03:03:48] [INFO] 3단계: 데이터베이스 저장
[2025-08-06 03:03:48] [INFO] 데이터베이스 저장 시작 (전체 교체 모드)
[2025-08-06 03:03:48] [INFO] 테이블 확인/생성 완료
[2025-08-06 03:03:48] [INFO] 외래 키 체크 비활성화
[2025-08-06 03:03:48] [INFO] 기존 데이터 삭제 완료
[2025-08-06 03:03:48] [INFO] AUTO_INCREMENT 리셋 완료
[2025-08-06 03:03:48] [INFO]   - 100개 저장 완료
[2025-08-06 03:03:48] [INFO]   - 200개 저장 완료
[2025-08-06 03:03:48] [INFO]   - 300개 저장 완료
[2025-08-06 03:03:48] [INFO]   - 400개 저장 완료
[2025-08-06 03:03:48] [INFO]   - 500개 저장 완료
[2025-08-06 03:03:48] [INFO]   - 600개 저장 완료
[2025-08-06 03:03:48] [INFO]   - 658개 저장 완료
[2025-08-06 03:03:48] [INFO] 외래 키 체크 재활성화
[2025-08-06 03:03:48] [INFO] 데이터베이스 저장 완료: 총 658개 제품
[2025-08-06 03:03:48] [INFO] ========================================
[2025-08-06 03:03:48] [INFO] 크론잡 완료 보고
[2025-08-06 03:03:48] [INFO] 실행 시간: 3분 47초
[2025-08-06 03:03:48] [INFO] 전체 카테고리: 88
[2025-08-06 03:03:48] [INFO] 파싱 성공: 71
[2025-08-06 03:03:48] [INFO] 총 제품 수: 658
[2025-08-06 03:03:48] [INFO] 신규 제품: 658
[2025-08-06 03:03:48] [INFO] 중복 제거: 0
[2025-08-06 03:03:48] [INFO] 오류 발생: 0
[2025-08-06 03:03:48] [INFO] ========================================

크론잡 실행 완료
{"success":false,"error":"Invalid action"}[2025-08-07 03:00:01] [INFO] ========================================
[2025-08-07 03:00:01] [INFO] 크론잡 시작: 2025-08-07 03:00:01
[2025-08-07 03:00:02] [INFO] 1단계: 제품 데이터 수집 시작
[2025-08-07 03:00:02] [INFO] 카테고리 [CPU] 처리 시작
[2025-08-07 03:00:24] [INFO]   - CPU > 전체 건너뜀 (전체 카테고리)
[2025-08-07 03:00:24] [INFO]   - CPU > 인텔 건너뜀 (상위 카테고리)
[2025-08-07 03:00:24] [INFO]   - CPU > 인텔 > 인텔 코어 Ultra 파싱 중...
[2025-08-07 03:00:26] [INFO]     ✓ 1페이지, 1개 제품
[2025-08-07 03:00:27] [INFO]   - CPU > 인텔 > 인텔 14세대 파싱 중...
[2025-08-07 03:00:28] [INFO]     ✓ 1페이지, 15개 제품
[2025-08-07 03:00:29] [INFO]   - CPU > 인텔 > 인텔 13세대 파싱 중...
[2025-08-07 03:00:30] [INFO]     ✓ 1페이지, 16개 제품
[2025-08-07 03:00:31] [INFO]   - CPU > 인텔 > 인텔 12세대 파싱 중...
[2025-08-07 03:00:32] [INFO]     ✓ 1페이지, 19개 제품
[2025-08-07 03:00:33] [INFO]   - CPU > 인텔 > 인텔 11세대 파싱 중...
[2025-08-07 03:00:35] [INFO]     ✓ 1페이지, 16개 제품
[2025-08-07 03:00:35] [INFO]   - CPU > 인텔 > 인텔 10세대 파싱 중...
[2025-08-07 03:00:38] [INFO]     ✓ 2페이지, 20개 제품
[2025-08-07 03:00:38] [INFO]   - CPU > 인텔 > 인텔 9세대 파싱 중...
[2025-08-07 03:00:40] [INFO]     ✓ 1페이지, 19개 제품
[2025-08-07 03:00:41] [INFO]   - CPU > 인텔 > 인텔 8세대 파싱 중...
[2025-08-07 03:00:42] [INFO]     ✓ 1페이지, 10개 제품
[2025-08-07 03:00:43] [INFO]   - CPU > 인텔 > 인텔 7세대 파싱 중...
[2025-08-07 03:00:44] [INFO]     ✓ 1페이지, 14개 제품
[2025-08-07 03:00:45] [INFO]   - CPU > 인텔 > 인텔 6세대 파싱 중...
[2025-08-07 03:00:47] [INFO]     ✓ 1페이지, 13개 제품
[2025-08-07 03:00:47] [INFO]   - CPU > 인텔 > 인텔 4세대 파싱 중...
[2025-08-07 03:00:49] [INFO]     ✓ 1페이지, 14개 제품
[2025-08-07 03:00:49] [INFO]   - CPU > 인텔 > 인텔 3세대 파싱 중...
[2025-08-07 03:00:51] [INFO]     ✓ 1페이지, 11개 제품
[2025-08-07 03:00:51] [INFO]   - CPU > 인텔 > 인텔 2세대 파싱 중...
[2025-08-07 03:00:53] [INFO]     ✓ 1페이지, 11개 제품
[2025-08-07 03:00:53] [INFO]   - CPU > 인텔 > 인텔 1세대 파싱 중...
[2025-08-07 03:00:55] [INFO]     ✓ 1페이지, 5개 제품
[2025-08-07 03:00:56] [INFO]   - CPU > 인텔 > 인텔2011소켓 파싱 중...
[2025-08-07 03:00:57] [INFO]     ✓ 1페이지, 12개 제품
[2025-08-07 03:00:58] [INFO]   - CPU > 인텔 > 인텔1366소켓 파싱 중...
[2025-08-07 03:00:59] [INFO]     ✓ 1페이지, 4개 제품
[2025-08-07 03:01:00] [INFO]   - CPU > 인텔 > 인텔775소켓 파싱 중...
[2025-08-07 03:01:02] [INFO]     ✓ 1페이지, 4개 제품
[2025-08-07 03:01:02] [INFO]   - CPU > 인텔 > 인텔 제온 서버 CPU 파싱 중...
[2025-08-07 03:01:04] [INFO]     ✓ 1페이지, 4개 제품
[2025-08-07 03:01:04] [INFO]   - CPU > AMD 건너뜀 (상위 카테고리)
[2025-08-07 03:01:04] [INFO]   - CPU > AMD > AMD 라이젠 6세대 파싱 중...
[2025-08-07 03:01:06] [INFO]     ✓ 1페이지, 0개 제품
[2025-08-07 03:01:06] [INFO]   - CPU > AMD > AMD 라이젠 5세대 파싱 중...
[2025-08-07 03:01:08] [INFO]     ✓ 1페이지, 16개 제품
[2025-08-07 03:01:08] [INFO]   - CPU > AMD > AMD 라이젠 4세대 파싱 중...
[2025-08-07 03:01:10] [INFO]     ✓ 1페이지, 12개 제품
[2025-08-07 03:01:10] [INFO]   - CPU > AMD > AMD 라이젠 3세대 파싱 중...
[2025-08-07 03:01:12] [INFO]     ✓ 1페이지, 16개 제품
[2025-08-07 03:01:13] [INFO]   - CPU > AMD > AMD 라이젠 2세대 파싱 중...
[2025-08-07 03:01:14] [INFO]     ✓ 1페이지, 6개 제품
[2025-08-07 03:01:15] [INFO]   - CPU > AMD > AMD 라이젠 1세대 파싱 중...
[2025-08-07 03:01:16] [INFO]     ✓ 1페이지, 13개 제품
[2025-08-07 03:01:17] [INFO]   - CPU > AMD > AMD AM3 / AM3+ 파싱 중...
[2025-08-07 03:01:19] [INFO]     ✓ 1페이지, 9개 제품
[2025-08-07 03:01:19] [INFO] 카테고리 [RAM] 처리 시작
[2025-08-07 03:01:29] [INFO]   - RAM > 전체 건너뜀 (전체 카테고리)
[2025-08-07 03:01:29] [INFO]   - RAM > 데스크탑 메모리 건너뜀 (상위 카테고리)
[2025-08-07 03:01:29] [INFO]   - RAM > 데스크탑 메모리 > DDR5 파싱 중...
[2025-08-07 03:01:30] [INFO]     ✓ 1페이지, 12개 제품
[2025-08-07 03:01:31] [INFO]   - RAM > 데스크탑 메모리 > DDR4 파싱 중...
[2025-08-07 03:01:34] [INFO]     ✓ 2페이지, 21개 제품
[2025-08-07 03:01:34] [INFO]   - RAM > 데스크탑 메모리 > DDR3 파싱 중...
[2025-08-07 03:01:36] [INFO]     ✓ 1페이지, 6개 제품
[2025-08-07 03:01:37] [INFO]   - RAM > 노트북 메모리 건너뜀 (상위 카테고리)
[2025-08-07 03:01:37] [INFO]   - RAM > 노트북 메모리 > DDR5 노트북 파싱 중...
[2025-08-07 03:01:38] [INFO]     ✓ 1페이지, 9개 제품
[2025-08-07 03:01:39] [INFO]   - RAM > 노트북 메모리 > DDR4 노트북 파싱 중...
[2025-08-07 03:01:40] [INFO]     ✓ 1페이지, 10개 제품
[2025-08-07 03:01:41] [INFO]   - RAM > 노트북 메모리 > DDR3 노트북 파싱 중...
[2025-08-07 03:01:42] [INFO]     ✓ 1페이지, 6개 제품
[2025-08-07 03:01:43] [INFO]   - RAM > 서버메모리 건너뜀 (상위 카테고리)
[2025-08-07 03:01:43] [INFO]   - RAM > 서버메모리 > 서버메모리 DDR4 파싱 중...
[2025-08-07 03:01:46] [INFO]     ✓ 2페이지, 16개 제품
[2025-08-07 03:01:46] [INFO]   - RAM > 서버메모리 > 서버메모리 DDR3 파싱 중...
[2025-08-07 03:01:48] [INFO]     ✓ 1페이지, 9개 제품
[2025-08-07 03:01:48] [INFO] 카테고리 [BOARD] 처리 시작
[2025-08-07 03:02:02] [INFO]   - BOARD > 전체 건너뜀 (전체 카테고리)
[2025-08-07 03:02:02] [INFO]   - BOARD > 인텔 건너뜀 (상위 카테고리)
[2025-08-07 03:02:02] [INFO]   - BOARD > 인텔 > 인텔 코어 Ultra 파싱 중...
[2025-08-07 03:02:04] [INFO]     ✓ 1페이지, 0개 제품
[2025-08-07 03:02:04] [INFO]   - BOARD > 인텔 > 인텔 12/13/14세대 파싱 중...
[2025-08-07 03:02:06] [INFO]     ✓ 1페이지, 17개 제품
[2025-08-07 03:02:06] [INFO]   - BOARD > 인텔 > 인텔 10 - 11세대 파싱 중...
[2025-08-07 03:02:08] [INFO]     ✓ 1페이지, 16개 제품
[2025-08-07 03:02:08] [INFO]   - BOARD > 인텔 > 인텔 8 - 9세대 파싱 중...
[2025-08-07 03:02:10] [INFO]     ✓ 1페이지, 12개 제품
[2025-08-07 03:02:10] [INFO]   - BOARD > 인텔 > 인텔 6 - 7세대 파싱 중...
[2025-08-07 03:02:12] [INFO]     ✓ 1페이지, 14개 제품
[2025-08-07 03:02:13] [INFO]   - BOARD > 인텔 > 인텔 4세대 파싱 중...
[2025-08-07 03:02:14] [INFO]     ✓ 1페이지, 12개 제품
[2025-08-07 03:02:15] [INFO]   - BOARD > 인텔 > 인텔 2 - 3세대 파싱 중...
[2025-08-07 03:02:16] [INFO]     ✓ 1페이지, 5개 제품
[2025-08-07 03:02:17] [INFO]   - BOARD > 인텔 > 인텔 1세대 파싱 중...
[2025-08-07 03:02:18] [INFO]     ✓ 1페이지, 2개 제품
[2025-08-07 03:02:19] [INFO]   - BOARD > 인텔 > 인텔 2011소켓 파싱 중...
[2025-08-07 03:02:21] [INFO]     ✓ 1페이지, 4개 제품
[2025-08-07 03:02:21] [INFO]   - BOARD > 인텔 > 인텔 1366소켓 파싱 중...
[2025-08-07 03:02:23] [INFO]     ✓ 1페이지, 1개 제품
[2025-08-07 03:02:23] [INFO]   - BOARD > 인텔 > I/O쉴드 필수 파싱 중...
[2025-08-07 03:02:25] [INFO]     ✓ 1페이지, 0개 제품
[2025-08-07 03:02:25] [INFO]   - BOARD > AMD 건너뜀 (상위 카테고리)
[2025-08-07 03:02:25] [INFO]   - BOARD > AMD > 라이젠 파싱 중...
[2025-08-07 03:02:27] [INFO]     ✓ 1페이지, 16개 제품
[2025-08-07 03:02:27] [INFO]   - BOARD > AMD > FM2 / FM2+ 파싱 중...
[2025-08-07 03:02:29] [INFO]     ✓ 1페이지, 3개 제품
[2025-08-07 03:02:29] [INFO]   - BOARD > AMD > AM3 / AM3+ 파싱 중...
[2025-08-07 03:02:31] [INFO]     ✓ 1페이지, 3개 제품
[2025-08-07 03:02:31] [INFO] 카테고리 [VGA] 처리 시작
[2025-08-07 03:02:48] [INFO]   - VGA > 전체 건너뜀 (전체 카테고리)
[2025-08-07 03:02:48] [INFO]   - VGA > NVIDIA 건너뜀 (상위 카테고리)
[2025-08-07 03:02:48] [INFO]   - VGA > NVIDIA > 지포스 RTX 4000 계열 파싱 중...
[2025-08-07 03:02:50] [INFO]     ✓ 1페이지, 10개 제품
[2025-08-07 03:02:50] [INFO]   - VGA > NVIDIA > 지포스 RTX 3000 계열 파싱 중...
[2025-08-07 03:02:52] [INFO]     ✓ 1페이지, 10개 제품
[2025-08-07 03:02:53] [INFO]   - VGA > NVIDIA > 지포스 RTX 2000 계열 파싱 중...
[2025-08-07 03:02:54] [INFO]     ✓ 1페이지, 7개 제품
[2025-08-07 03:02:55] [INFO]   - VGA > NVIDIA > 지포스 GTX 1600 계열 파싱 중...
[2025-08-07 03:02:56] [INFO]     ✓ 1페이지, 5개 제품
[2025-08-07 03:02:57] [INFO]   - VGA > NVIDIA > 지포스 GTX 1000 계열 파싱 중...
[2025-08-07 03:02:59] [INFO]     ✓ 1페이지, 9개 제품
[2025-08-07 03:02:59] [INFO]   - VGA > NVIDIA > 지포스 GTX 900계열 파싱 중...
[2025-08-07 03:03:01] [INFO]     ✓ 1페이지, 5개 제품
[2025-08-07 03:03:01] [INFO]   - VGA > NVIDIA > 지포스 GTX 700 계열 파싱 중...
[2025-08-07 03:03:03] [INFO]     ✓ 1페이지, 8개 제품
[2025-08-07 03:03:03] [INFO]   - VGA > NVIDIA > 지포스 GTX 600 계열 파싱 중...
[2025-08-07 03:03:05] [INFO]     ✓ 1페이지, 8개 제품
[2025-08-07 03:03:05] [INFO]   - VGA > NVIDIA > 지포스 GTX 500 계열 이하 파싱 중...
[2025-08-07 03:03:07] [INFO]     ✓ 1페이지, 10개 제품
[2025-08-07 03:03:07] [INFO]   - VGA > NVIDIA > 쿨러 교체 매입불가 파싱 중...
[2025-08-07 03:03:09] [INFO]     ✓ 1페이지, 0개 제품
[2025-08-07 03:03:10] [INFO]   - VGA > NVIDIA > 채굴형 그래픽카드 파싱 중...
[2025-08-07 03:03:11] [INFO]     ✓ 1페이지, 0개 제품
[2025-08-07 03:03:12] [INFO]   - VGA > AMD 건너뜀 (상위 카테고리)
[2025-08-07 03:03:12] [INFO]   - VGA > AMD > AMD 라데온 7000계열 파싱 중...
[2025-08-07 03:03:13] [INFO]     ✓ 1페이지, 7개 제품
[2025-08-07 03:03:14] [INFO]   - VGA > AMD > AMD 라데온 6000계열 파싱 중...
[2025-08-07 03:03:15] [INFO]     ✓ 1페이지, 11개 제품
[2025-08-07 03:03:16] [INFO]   - VGA > AMD > AMD 라데온 5000계열 파싱 중...
[2025-08-07 03:03:17] [INFO]     ✓ 1페이지, 8개 제품
[2025-08-07 03:03:18] [INFO]   - VGA > AMD > AMD 라데온 500계열 파싱 중...
[2025-08-07 03:03:20] [INFO]     ✓ 1페이지, 7개 제품
[2025-08-07 03:03:20] [INFO]   - VGA > AMD > AMD 라데온 400계열 파싱 중...
[2025-08-07 03:03:22] [INFO]     ✓ 1페이지, 4개 제품
[2025-08-07 03:03:22] [INFO]   - VGA > AMD > AMD 라데온 300계열 미만 파싱 중...
[2025-08-07 03:03:24] [INFO]     ✓ 1페이지, 12개 제품
[2025-08-07 03:03:24] [INFO]   - VGA > AMD > 쿨러 교체 매입 불가 파싱 중...
[2025-08-07 03:03:26] [INFO]     ✓ 1페이지, 0개 제품
[2025-08-07 03:03:26] [INFO] 카테고리 [SSD] 처리 시작
[2025-08-07 03:03:30] [INFO]   - SSD > 전체 건너뜀 (전체 카테고리)
[2025-08-07 03:03:30] [INFO]   - SSD > SATA3 방식 파싱 중...
[2025-08-07 03:03:31] [INFO]     ✓ 1페이지, 14개 제품
[2025-08-07 03:03:32] [INFO]   - SSD > M.2 NVMe 방식 파싱 중...
[2025-08-07 03:03:33] [INFO]     ✓ 1페이지, 10개 제품
[2025-08-07 03:03:34] [INFO]   - SSD > mSATA 방식 파싱 중...
[2025-08-07 03:03:36] [INFO]     ✓ 1페이지, 4개 제품
[2025-08-07 03:03:36] [INFO] 카테고리 [HDD] 처리 시작
[2025-08-07 03:03:38] [INFO]   - HDD > 전체 건너뜀 (전체 카테고리)
[2025-08-07 03:03:38] [INFO]   - HDD > 하드디스크 파싱 중...
[2025-08-07 03:03:41] [INFO]     ✓ 2페이지, 18개 제품
[2025-08-07 03:03:41] [INFO] 카테고리 [POWER] 처리 시작
[2025-08-07 03:03:43] [INFO]   - POWER > 전체 건너뜀 (전체 카테고리)
[2025-08-07 03:03:43] [INFO]   - POWER > 파워서플라이 파싱 중...
[2025-08-07 03:03:44] [INFO]     ✓ 1페이지, 4개 제품
[2025-08-07 03:03:45] [INFO] 카테고리 [모니터] 처리 시작
[2025-08-07 03:03:46] [INFO]   - 모니터 > 전체 건너뜀 (전체 카테고리)
[2025-08-07 03:03:46] [INFO]   - 모니터 > LED모니터 파싱 중...
[2025-08-07 03:03:48] [INFO]     ✓ 1페이지, 13개 제품
[2025-08-07 03:03:48] [INFO] 수집 완료: 총 658개 고유 제품
[2025-08-07 03:03:48] [INFO] 2단계: JSON 파일 생성
[2025-08-07 03:03:48] [INFO] JSON 파일 생성: nanomemory_products_2025-08-07_030348.json
[2025-08-07 03:03:48] [INFO] 3단계: 데이터베이스 저장
[2025-08-07 03:03:48] [INFO] 데이터베이스 저장 시작 (전체 교체 모드)
[2025-08-07 03:03:48] [INFO] 테이블 확인/생성 완료
[2025-08-07 03:03:48] [INFO] 외래 키 체크 비활성화
[2025-08-07 03:03:48] [INFO] 기존 데이터 삭제 완료
[2025-08-07 03:03:48] [INFO] AUTO_INCREMENT 리셋 완료
[2025-08-07 03:03:49] [INFO]   - 100개 저장 완료
[2025-08-07 03:03:49] [INFO]   - 200개 저장 완료
[2025-08-07 03:03:49] [INFO]   - 300개 저장 완료
[2025-08-07 03:03:49] [INFO]   - 400개 저장 완료
[2025-08-07 03:03:49] [INFO]   - 500개 저장 완료
[2025-08-07 03:03:49] [INFO]   - 600개 저장 완료
[2025-08-07 03:03:49] [INFO]   - 658개 저장 완료
[2025-08-07 03:03:49] [INFO] 외래 키 체크 재활성화
[2025-08-07 03:03:49] [INFO] 데이터베이스 저장 완료: 총 658개 제품
[2025-08-07 03:03:49] [INFO] ========================================
[2025-08-07 03:03:49] [INFO] 크론잡 완료 보고
[2025-08-07 03:03:49] [INFO] 실행 시간: 3분 48초
[2025-08-07 03:03:49] [INFO] 전체 카테고리: 88
[2025-08-07 03:03:49] [INFO] 파싱 성공: 71
[2025-08-07 03:03:49] [INFO] 총 제품 수: 658
[2025-08-07 03:03:49] [INFO] 신규 제품: 658
[2025-08-07 03:03:49] [INFO] 중복 제거: 0
[2025-08-07 03:03:49] [INFO] 오류 발생: 0
[2025-08-07 03:03:49] [INFO] ========================================

크론잡 실행 완료
{"success":false,"error":"Invalid action"}[2025-08-08 03:00:01] [INFO] ========================================
[2025-08-08 03:00:01] [INFO] 크론잡 시작: 2025-08-08 03:00:01
[2025-08-08 03:00:03] [INFO] 1단계: 제품 데이터 수집 시작
[2025-08-08 03:00:03] [INFO] 카테고리 [CPU] 처리 시작
[2025-08-08 03:00:25] [INFO]   - CPU > 전체 건너뜀 (전체 카테고리)
[2025-08-08 03:00:25] [INFO]   - CPU > 인텔 건너뜀 (상위 카테고리)
[2025-08-08 03:00:25] [INFO]   - CPU > 인텔 > 인텔 코어 Ultra 파싱 중...
[2025-08-08 03:00:27] [INFO]     ✓ 1페이지, 1개 제품
[2025-08-08 03:00:28] [INFO]   - CPU > 인텔 > 인텔 14세대 파싱 중...
[2025-08-08 03:00:29] [INFO]     ✓ 1페이지, 15개 제품
[2025-08-08 03:00:30] [INFO]   - CPU > 인텔 > 인텔 13세대 파싱 중...
[2025-08-08 03:00:31] [INFO]     ✓ 1페이지, 16개 제품
[2025-08-08 03:00:32] [INFO]   - CPU > 인텔 > 인텔 12세대 파싱 중...
[2025-08-08 03:00:33] [INFO]     ✓ 1페이지, 19개 제품
[2025-08-08 03:00:34] [INFO]   - CPU > 인텔 > 인텔 11세대 파싱 중...
[2025-08-08 03:00:36] [INFO]     ✓ 1페이지, 16개 제품
[2025-08-08 03:00:36] [INFO]   - CPU > 인텔 > 인텔 10세대 파싱 중...
[2025-08-08 03:00:39] [INFO]     ✓ 2페이지, 20개 제품
[2025-08-08 03:00:39] [INFO]   - CPU > 인텔 > 인텔 9세대 파싱 중...
[2025-08-08 03:00:41] [INFO]     ✓ 1페이지, 19개 제품
[2025-08-08 03:00:42] [INFO]   - CPU > 인텔 > 인텔 8세대 파싱 중...
[2025-08-08 03:00:43] [INFO]     ✓ 1페이지, 10개 제품
[2025-08-08 03:00:44] [INFO]   - CPU > 인텔 > 인텔 7세대 파싱 중...
[2025-08-08 03:00:45] [INFO]     ✓ 1페이지, 14개 제품
[2025-08-08 03:00:46] [INFO]   - CPU > 인텔 > 인텔 6세대 파싱 중...
[2025-08-08 03:00:48] [INFO]     ✓ 1페이지, 13개 제품
[2025-08-08 03:00:48] [INFO]   - CPU > 인텔 > 인텔 4세대 파싱 중...
[2025-08-08 03:00:50] [INFO]     ✓ 1페이지, 14개 제품
[2025-08-08 03:00:50] [INFO]   - CPU > 인텔 > 인텔 3세대 파싱 중...
[2025-08-08 03:00:52] [INFO]     ✓ 1페이지, 11개 제품
[2025-08-08 03:00:52] [INFO]   - CPU > 인텔 > 인텔 2세대 파싱 중...
[2025-08-08 03:00:54] [INFO]     ✓ 1페이지, 11개 제품
[2025-08-08 03:00:55] [INFO]   - CPU > 인텔 > 인텔 1세대 파싱 중...
[2025-08-08 03:00:56] [INFO]     ✓ 1페이지, 5개 제품
[2025-08-08 03:00:57] [INFO]   - CPU > 인텔 > 인텔2011소켓 파싱 중...
[2025-08-08 03:00:58] [INFO]     ✓ 1페이지, 12개 제품
[2025-08-08 03:00:59] [INFO]   - CPU > 인텔 > 인텔1366소켓 파싱 중...
[2025-08-08 03:01:00] [INFO]     ✓ 1페이지, 4개 제품
[2025-08-08 03:01:01] [INFO]   - CPU > 인텔 > 인텔775소켓 파싱 중...
[2025-08-08 03:01:02] [INFO]     ✓ 1페이지, 4개 제품
[2025-08-08 03:01:03] [INFO]   - CPU > 인텔 > 인텔 제온 서버 CPU 파싱 중...
[2025-08-08 03:01:05] [INFO]     ✓ 1페이지, 4개 제품
[2025-08-08 03:01:05] [INFO]   - CPU > AMD 건너뜀 (상위 카테고리)
[2025-08-08 03:01:05] [INFO]   - CPU > AMD > AMD 라이젠 6세대 파싱 중...
[2025-08-08 03:01:07] [INFO]     ✓ 1페이지, 0개 제품
[2025-08-08 03:01:07] [INFO]   - CPU > AMD > AMD 라이젠 5세대 파싱 중...
[2025-08-08 03:01:09] [INFO]     ✓ 1페이지, 16개 제품
[2025-08-08 03:01:09] [INFO]   - CPU > AMD > AMD 라이젠 4세대 파싱 중...
[2025-08-08 03:01:11] [INFO]     ✓ 1페이지, 12개 제품
[2025-08-08 03:01:12] [INFO]   - CPU > AMD > AMD 라이젠 3세대 파싱 중...
[2025-08-08 03:01:13] [INFO]     ✓ 1페이지, 16개 제품
[2025-08-08 03:01:14] [INFO]   - CPU > AMD > AMD 라이젠 2세대 파싱 중...
[2025-08-08 03:01:16] [INFO]     ✓ 1페이지, 6개 제품
[2025-08-08 03:01:16] [INFO]   - CPU > AMD > AMD 라이젠 1세대 파싱 중...
[2025-08-08 03:01:18] [INFO]     ✓ 1페이지, 13개 제품
[2025-08-08 03:01:18] [INFO]   - CPU > AMD > AMD AM3 / AM3+ 파싱 중...
[2025-08-08 03:01:20] [INFO]     ✓ 1페이지, 9개 제품
[2025-08-08 03:01:20] [INFO] 카테고리 [RAM] 처리 시작
[2025-08-08 03:01:30] [INFO]   - RAM > 전체 건너뜀 (전체 카테고리)
[2025-08-08 03:01:30] [INFO]   - RAM > 데스크탑 메모리 건너뜀 (상위 카테고리)
[2025-08-08 03:01:30] [INFO]   - RAM > 데스크탑 메모리 > DDR5 파싱 중...
[2025-08-08 03:01:32] [INFO]     ✓ 1페이지, 12개 제품
[2025-08-08 03:01:32] [INFO]   - RAM > 데스크탑 메모리 > DDR4 파싱 중...
[2025-08-08 03:01:35] [INFO]     ✓ 2페이지, 21개 제품
[2025-08-08 03:01:36] [INFO]   - RAM > 데스크탑 메모리 > DDR3 파싱 중...
[2025-08-08 03:01:37] [INFO]     ✓ 1페이지, 6개 제품
[2025-08-08 03:01:38] [INFO]   - RAM > 노트북 메모리 건너뜀 (상위 카테고리)
[2025-08-08 03:01:38] [INFO]   - RAM > 노트북 메모리 > DDR5 노트북 파싱 중...
[2025-08-08 03:01:39] [INFO]     ✓ 1페이지, 9개 제품
[2025-08-08 03:01:40] [INFO]   - RAM > 노트북 메모리 > DDR4 노트북 파싱 중...
[2025-08-08 03:01:41] [INFO]     ✓ 1페이지, 10개 제품
[2025-08-08 03:01:42] [INFO]   - RAM > 노트북 메모리 > DDR3 노트북 파싱 중...
[2025-08-08 03:01:44] [INFO]     ✓ 1페이지, 6개 제품
[2025-08-08 03:01:44] [INFO]   - RAM > 서버메모리 건너뜀 (상위 카테고리)
[2025-08-08 03:01:44] [INFO]   - RAM > 서버메모리 > 서버메모리 DDR4 파싱 중...
[2025-08-08 03:01:47] [INFO]     ✓ 2페이지, 16개 제품
[2025-08-08 03:01:48] [INFO]   - RAM > 서버메모리 > 서버메모리 DDR3 파싱 중...
[2025-08-08 03:01:49] [INFO]     ✓ 1페이지, 9개 제품
[2025-08-08 03:01:50] [INFO] 카테고리 [BOARD] 처리 시작
[2025-08-08 03:02:04] [INFO]   - BOARD > 전체 건너뜀 (전체 카테고리)
[2025-08-08 03:02:04] [INFO]   - BOARD > 인텔 건너뜀 (상위 카테고리)
[2025-08-08 03:02:04] [INFO]   - BOARD > 인텔 > 인텔 코어 Ultra 파싱 중...
[2025-08-08 03:02:05] [INFO]     ✓ 1페이지, 0개 제품
[2025-08-08 03:02:06] [INFO]   - BOARD > 인텔 > 인텔 12/13/14세대 파싱 중...
[2025-08-08 03:02:08] [INFO]     ✓ 1페이지, 17개 제품
[2025-08-08 03:02:08] [INFO]   - BOARD > 인텔 > 인텔 10 - 11세대 파싱 중...
[2025-08-08 03:02:10] [INFO]     ✓ 1페이지, 16개 제품
[2025-08-08 03:02:10] [INFO]   - BOARD > 인텔 > 인텔 8 - 9세대 파싱 중...
[2025-08-08 03:02:12] [INFO]     ✓ 1페이지, 12개 제품
[2025-08-08 03:02:12] [INFO]   - BOARD > 인텔 > 인텔 6 - 7세대 파싱 중...
[2025-08-08 03:02:14] [INFO]     ✓ 1페이지, 14개 제품
[2025-08-08 03:02:14] [INFO]   - BOARD > 인텔 > 인텔 4세대 파싱 중...
[2025-08-08 03:02:16] [INFO]     ✓ 1페이지, 12개 제품
[2025-08-08 03:02:17] [INFO]   - BOARD > 인텔 > 인텔 2 - 3세대 파싱 중...
[2025-08-08 03:02:18] [INFO]     ✓ 1페이지, 5개 제품
[2025-08-08 03:02:19] [INFO]   - BOARD > 인텔 > 인텔 1세대 파싱 중...
[2025-08-08 03:02:20] [INFO]     ✓ 1페이지, 2개 제품
[2025-08-08 03:02:21] [INFO]   - BOARD > 인텔 > 인텔 2011소켓 파싱 중...
[2025-08-08 03:02:22] [INFO]     ✓ 1페이지, 4개 제품
[2025-08-08 03:02:23] [INFO]   - BOARD > 인텔 > 인텔 1366소켓 파싱 중...
[2025-08-08 03:02:25] [INFO]     ✓ 1페이지, 1개 제품
[2025-08-08 03:02:25] [INFO]   - BOARD > 인텔 > I/O쉴드 필수 파싱 중...
[2025-08-08 03:02:27] [INFO]     ✓ 1페이지, 0개 제품
[2025-08-08 03:02:27] [INFO]   - BOARD > AMD 건너뜀 (상위 카테고리)
[2025-08-08 03:02:27] [INFO]   - BOARD > AMD > 라이젠 파싱 중...
[2025-08-08 03:02:29] [INFO]     ✓ 1페이지, 16개 제품
[2025-08-08 03:02:29] [INFO]   - BOARD > AMD > FM2 / FM2+ 파싱 중...
[2025-08-08 03:02:31] [INFO]     ✓ 1페이지, 3개 제품
[2025-08-08 03:02:31] [INFO]   - BOARD > AMD > AM3 / AM3+ 파싱 중...
[2025-08-08 03:02:33] [INFO]     ✓ 1페이지, 3개 제품
[2025-08-08 03:02:33] [INFO] 카테고리 [VGA] 처리 시작
[2025-08-08 03:02:50] [INFO]   - VGA > 전체 건너뜀 (전체 카테고리)
[2025-08-08 03:02:50] [INFO]   - VGA > NVIDIA 건너뜀 (상위 카테고리)
[2025-08-08 03:02:50] [INFO]   - VGA > NVIDIA > 지포스 RTX 4000 계열 파싱 중...
[2025-08-08 03:02:52] [INFO]     ✓ 1페이지, 10개 제품
[2025-08-08 03:02:52] [INFO]   - VGA > NVIDIA > 지포스 RTX 3000 계열 파싱 중...
[2025-08-08 03:02:54] [INFO]     ✓ 1페이지, 10개 제품
[2025-08-08 03:02:55] [INFO]   - VGA > NVIDIA > 지포스 RTX 2000 계열 파싱 중...
[2025-08-08 03:02:56] [INFO]     ✓ 1페이지, 7개 제품
[2025-08-08 03:02:57] [INFO]   - VGA > NVIDIA > 지포스 GTX 1600 계열 파싱 중...
[2025-08-08 03:02:58] [INFO]     ✓ 1페이지, 5개 제품
[2025-08-08 03:02:59] [INFO]   - VGA > NVIDIA > 지포스 GTX 1000 계열 파싱 중...
[2025-08-08 03:03:00] [INFO]     ✓ 1페이지, 9개 제품
[2025-08-08 03:03:01] [INFO]   - VGA > NVIDIA > 지포스 GTX 900계열 파싱 중...
[2025-08-08 03:03:02] [INFO]     ✓ 1페이지, 5개 제품
[2025-08-08 03:03:03] [INFO]   - VGA > NVIDIA > 지포스 GTX 700 계열 파싱 중...
[2025-08-08 03:03:05] [INFO]     ✓ 1페이지, 8개 제품
[2025-08-08 03:03:05] [INFO]   - VGA > NVIDIA > 지포스 GTX 600 계열 파싱 중...
[2025-08-08 03:03:07] [INFO]     ✓ 1페이지, 8개 제품
[2025-08-08 03:03:07] [INFO]   - VGA > NVIDIA > 지포스 GTX 500 계열 이하 파싱 중...
[2025-08-08 03:03:09] [INFO]     ✓ 1페이지, 10개 제품
[2025-08-08 03:03:09] [INFO]   - VGA > NVIDIA > 쿨러 교체 매입불가 파싱 중...
[2025-08-08 03:03:11] [INFO]     ✓ 1페이지, 0개 제품
[2025-08-08 03:03:11] [INFO]   - VGA > NVIDIA > 채굴형 그래픽카드 파싱 중...
[2025-08-08 03:03:13] [INFO]     ✓ 1페이지, 0개 제품
[2025-08-08 03:03:14] [INFO]   - VGA > AMD 건너뜀 (상위 카테고리)
[2025-08-08 03:03:14] [INFO]   - VGA > AMD > AMD 라데온 7000계열 파싱 중...
[2025-08-08 03:03:15] [INFO]     ✓ 1페이지, 7개 제품
[2025-08-08 03:03:16] [INFO]   - VGA > AMD > AMD 라데온 6000계열 파싱 중...
[2025-08-08 03:03:17] [INFO]     ✓ 1페이지, 11개 제품
[2025-08-08 03:03:18] [INFO]   - VGA > AMD > AMD 라데온 5000계열 파싱 중...
[2025-08-08 03:03:19] [INFO]     ✓ 1페이지, 8개 제품
[2025-08-08 03:03:20] [INFO]   - VGA > AMD > AMD 라데온 500계열 파싱 중...
[2025-08-08 03:03:21] [INFO]     ✓ 1페이지, 7개 제품
[2025-08-08 03:03:22] [INFO]   - VGA > AMD > AMD 라데온 400계열 파싱 중...
[2025-08-08 03:03:24] [INFO]     ✓ 1페이지, 4개 제품
[2025-08-08 03:03:24] [INFO]   - VGA > AMD > AMD 라데온 300계열 미만 파싱 중...
[2025-08-08 03:03:26] [INFO]     ✓ 1페이지, 12개 제품
[2025-08-08 03:03:26] [INFO]   - VGA > AMD > 쿨러 교체 매입 불가 파싱 중...
[2025-08-08 03:03:28] [INFO]     ✓ 1페이지, 0개 제품
[2025-08-08 03:03:28] [INFO] 카테고리 [SSD] 처리 시작
[2025-08-08 03:03:31] [INFO]   - SSD > 전체 건너뜀 (전체 카테고리)
[2025-08-08 03:03:31] [INFO]   - SSD > SATA3 방식 파싱 중...
[2025-08-08 03:03:33] [INFO]     ✓ 1페이지, 14개 제품
[2025-08-08 03:03:34] [INFO]   - SSD > M.2 NVMe 방식 파싱 중...
[2025-08-08 03:03:35] [INFO]     ✓ 1페이지, 10개 제품
[2025-08-08 03:03:36] [INFO]   - SSD > mSATA 방식 파싱 중...
[2025-08-08 03:03:37] [INFO]     ✓ 1페이지, 4개 제품
[2025-08-08 03:03:38] [INFO] 카테고리 [HDD] 처리 시작
[2025-08-08 03:03:39] [INFO]   - HDD > 전체 건너뜀 (전체 카테고리)
[2025-08-08 03:03:39] [INFO]   - HDD > 하드디스크 파싱 중...
[2025-08-08 03:03:42] [INFO]     ✓ 2페이지, 18개 제품
[2025-08-08 03:03:43] [INFO] 카테고리 [POWER] 처리 시작
[2025-08-08 03:03:44] [INFO]   - POWER > 전체 건너뜀 (전체 카테고리)
[2025-08-08 03:03:44] [INFO]   - POWER > 파워서플라이 파싱 중...
[2025-08-08 03:03:46] [INFO]     ✓ 1페이지, 4개 제품
[2025-08-08 03:03:47] [INFO] 카테고리 [모니터] 처리 시작
[2025-08-08 03:03:48] [INFO]   - 모니터 > 전체 건너뜀 (전체 카테고리)
[2025-08-08 03:03:48] [INFO]   - 모니터 > LED모니터 파싱 중...
[2025-08-08 03:03:50] [INFO]     ✓ 1페이지, 13개 제품
[2025-08-08 03:03:50] [INFO] 수집 완료: 총 658개 고유 제품
[2025-08-08 03:03:50] [INFO] 2단계: JSON 파일 생성
[2025-08-08 03:03:50] [INFO] JSON 파일 생성: nanomemory_products_2025-08-08_030350.json
[2025-08-08 03:03:50] [INFO] 3단계: 데이터베이스 저장
[2025-08-08 03:03:50] [INFO] 데이터베이스 저장 시작 (전체 교체 모드)
[2025-08-08 03:03:50] [INFO] 테이블 확인/생성 완료
[2025-08-08 03:03:50] [INFO] 외래 키 체크 비활성화
[2025-08-08 03:03:50] [INFO] 기존 데이터 삭제 완료
[2025-08-08 03:03:50] [INFO] AUTO_INCREMENT 리셋 완료
[2025-08-08 03:03:50] [INFO]   - 100개 저장 완료
[2025-08-08 03:03:50] [INFO]   - 200개 저장 완료
[2025-08-08 03:03:50] [INFO]   - 300개 저장 완료
[2025-08-08 03:03:50] [INFO]   - 400개 저장 완료
[2025-08-08 03:03:50] [INFO]   - 500개 저장 완료
[2025-08-08 03:03:50] [INFO]   - 600개 저장 완료
[2025-08-08 03:03:50] [INFO]   - 658개 저장 완료
[2025-08-08 03:03:50] [INFO] 외래 키 체크 재활성화
[2025-08-08 03:03:50] [INFO] 데이터베이스 저장 완료: 총 658개 제품
[2025-08-08 03:03:50] [INFO] ========================================
[2025-08-08 03:03:50] [INFO] 크론잡 완료 보고
[2025-08-08 03:03:50] [INFO] 실행 시간: 3분 49초
[2025-08-08 03:03:50] [INFO] 전체 카테고리: 88
[2025-08-08 03:03:50] [INFO] 파싱 성공: 71
[2025-08-08 03:03:50] [INFO] 총 제품 수: 658
[2025-08-08 03:03:50] [INFO] 신규 제품: 658
[2025-08-08 03:03:50] [INFO] 중복 제거: 0
[2025-08-08 03:03:50] [INFO] 오류 발생: 0
[2025-08-08 03:03:50] [INFO] ========================================

크론잡 실행 완료
